INFO:Benchmark suite:2024-07-23, 07:58:04 Beginning the benchmark for the prompt ingestion speed
INFO:Benchmark suite:2024-07-23, 07:58:04 Benchmark for the prompt ingestion speed : instance 0 
INFO:Benchmark for LLMs:2024-07-23, 07:58:04 Loading the dataset
INFO:Benchmark for LLMs:2024-07-23, 07:58:04 Beginning the requests to the completions endpoint
INFO:Benchmark for LLMs:2024-07-23, 07:58:43 100 queries have been completed
INFO:Benchmark for LLMs:2024-07-23, 07:59:22 200 queries have been completed
INFO:Benchmark for LLMs:2024-07-23, 08:00:01 300 queries have been completed
INFO:Benchmark for LLMs:2024-07-23, 08:00:44 400 queries have been completed
INFO:Benchmark for LLMs:2024-07-23, 08:01:21 500 queries have been completed
INFO:Benchmark for LLMs:2024-07-23, 08:02:00 600 queries have been completed
INFO:Benchmark for LLMs:2024-07-23, 08:02:39 700 queries have been completed
INFO:Benchmark for LLMs:2024-07-23, 08:03:22 800 queries have been completed
INFO:Benchmark for LLMs:2024-07-23, 08:04:01 900 queries have been completed
INFO:Benchmark for LLMs:2024-07-23, 08:04:39 1000 queries have been completed
INFO:Benchmark for LLMs:2024-07-23, 08:04:40 Requests to the completions endpoint done
INFO:Benchmark for LLMs:2024-07-23, 08:04:40 Derived calculations done
INFO:Benchmark suite:2024-07-23, 08:04:40 Benchmark for the prompt ingestion speed : instance 0 : DONE
INFO:Benchmark suite:2024-07-23, 08:04:40 Benchmark for the prompt ingestion speed : instance 1 
INFO:Benchmark for LLMs:2024-07-23, 08:04:40 Loading the dataset
INFO:Benchmark for LLMs:2024-07-23, 08:04:40 Beginning the requests to the completions endpoint
INFO:Benchmark for LLMs:2024-07-23, 08:05:20 100 queries have been completed
INFO:Benchmark for LLMs:2024-07-23, 08:05:58 200 queries have been completed
INFO:Benchmark for LLMs:2024-07-23, 08:06:40 300 queries have been completed
INFO:Benchmark for LLMs:2024-07-23, 08:07:20 400 queries have been completed
INFO:Benchmark for LLMs:2024-07-23, 08:07:59 500 queries have been completed
INFO:Benchmark for LLMs:2024-07-23, 08:08:36 600 queries have been completed
INFO:Benchmark for LLMs:2024-07-23, 08:09:18 700 queries have been completed
INFO:Benchmark for LLMs:2024-07-23, 08:09:57 800 queries have been completed
INFO:Benchmark for LLMs:2024-07-23, 08:10:36 900 queries have been completed
INFO:Benchmark for LLMs:2024-07-23, 08:11:13 1000 queries have been completed
INFO:Benchmark for LLMs:2024-07-23, 08:11:14 Requests to the completions endpoint done
INFO:Benchmark for LLMs:2024-07-23, 08:11:14 Derived calculations done
INFO:Benchmark suite:2024-07-23, 08:11:14 Benchmark for the prompt ingestion speed : instance 1 : DONE
INFO:Benchmark suite:2024-07-23, 08:11:14 Benchmark for the prompt ingestion speed : instance 2 
INFO:Benchmark for LLMs:2024-07-23, 08:11:14 Loading the dataset
INFO:Benchmark for LLMs:2024-07-23, 08:11:14 Beginning the requests to the completions endpoint
INFO:Benchmark for LLMs:2024-07-23, 08:11:54 100 queries have been completed
INFO:Benchmark for LLMs:2024-07-23, 08:12:34 200 queries have been completed
INFO:Benchmark for LLMs:2024-07-23, 08:13:14 300 queries have been completed
INFO:Benchmark for LLMs:2024-07-23, 08:13:53 400 queries have been completed
INFO:Benchmark for LLMs:2024-07-23, 08:14:32 500 queries have been completed
INFO:Benchmark for LLMs:2024-07-23, 08:15:12 600 queries have been completed
INFO:Benchmark for LLMs:2024-07-23, 08:15:52 700 queries have been completed
INFO:Benchmark for LLMs:2024-07-23, 08:16:32 800 queries have been completed
INFO:Benchmark for LLMs:2024-07-23, 08:17:10 900 queries have been completed
INFO:Benchmark for LLMs:2024-07-23, 08:17:50 1000 queries have been completed
INFO:Benchmark for LLMs:2024-07-23, 08:17:51 Requests to the completions endpoint done
INFO:Benchmark for LLMs:2024-07-23, 08:17:51 Derived calculations done
INFO:Benchmark suite:2024-07-23, 08:17:51 Benchmark for the prompt ingestion speed : instance 2 : DONE
INFO:Benchmark suite:2024-07-23, 08:17:51 Benchmark for the prompt ingestion speed : instance 3 
INFO:Benchmark for LLMs:2024-07-23, 08:17:51 Loading the dataset
INFO:Benchmark for LLMs:2024-07-23, 08:17:51 Beginning the requests to the completions endpoint
INFO:Benchmark for LLMs:2024-07-23, 08:18:32 100 queries have been completed
INFO:Benchmark for LLMs:2024-07-23, 08:19:13 200 queries have been completed
INFO:Benchmark for LLMs:2024-07-23, 08:19:53 300 queries have been completed
INFO:Benchmark for LLMs:2024-07-23, 08:20:30 400 queries have been completed
INFO:Benchmark for LLMs:2024-07-23, 08:21:10 500 queries have been completed
INFO:Benchmark for LLMs:2024-07-23, 08:21:53 600 queries have been completed
INFO:Benchmark for LLMs:2024-07-23, 08:22:31 700 queries have been completed
INFO:Benchmark for LLMs:2024-07-23, 08:23:09 800 queries have been completed
INFO:Benchmark for LLMs:2024-07-23, 08:23:48 900 queries have been completed
INFO:Benchmark for LLMs:2024-07-23, 08:24:29 1000 queries have been completed
INFO:Benchmark for LLMs:2024-07-23, 08:24:30 Requests to the completions endpoint done
INFO:Benchmark for LLMs:2024-07-23, 08:24:30 Derived calculations done
INFO:Benchmark suite:2024-07-23, 08:24:30 Benchmark for the prompt ingestion speed : instance 3 : DONE
INFO:Benchmark suite:2024-07-23, 08:24:30 Benchmark for the prompt ingestion speed : DONE
INFO:Benchmark suite:2024-07-23, 08:24:30 Beginning the benchmarks for the KV cache profile
INFO:Benchmark suite:2024-07-23, 08:24:30 Beginning the benchmark for the KV cache profile, input length : 32, output_length : 16
INFO:Benchmark for LLMs:2024-07-23, 08:24:31 Loading the dataset
INFO:Benchmark for LLMs:2024-07-23, 08:24:31 Beginning the requests to the completions endpoint
INFO:Benchmark for LLMs:2024-07-23, 08:24:32 Launching 0 queries in parallel
INFO:Benchmark for LLMs:2024-07-23, 08:24:33 Launching 1 queries in parallel
INFO:Benchmark for LLMs:2024-07-23, 08:24:34 Launching 2 queries in parallel
INFO:Benchmark for LLMs:2024-07-23, 08:24:34 Launching 3 queries in parallel
INFO:Benchmark for LLMs:2024-07-23, 08:24:35 Launching 4 queries in parallel
INFO:Benchmark for LLMs:2024-07-23, 08:24:36 Launching 5 queries in parallel
INFO:Benchmark for LLMs:2024-07-23, 08:24:37 Launching 6 queries in parallel
INFO:Benchmark for LLMs:2024-07-23, 08:24:38 Launching 7 queries in parallel
INFO:Benchmark for LLMs:2024-07-23, 08:24:39 Launching 8 queries in parallel
INFO:Benchmark for LLMs:2024-07-23, 08:24:40 Launching 9 queries in parallel
INFO:Benchmark for LLMs:2024-07-23, 08:24:41 Launching 10 queries in parallel
INFO:Benchmark for LLMs:2024-07-23, 08:24:42 Launching 11 queries in parallel
INFO:Benchmark for LLMs:2024-07-23, 08:24:43 Launching 12 queries in parallel
INFO:Benchmark for LLMs:2024-07-23, 08:24:44 Launching 13 queries in parallel
INFO:Benchmark for LLMs:2024-07-23, 08:24:45 Launching 14 queries in parallel
INFO:Benchmark for LLMs:2024-07-23, 08:24:46 Launching 15 queries in parallel
INFO:Benchmark for LLMs:2024-07-23, 08:24:47 Launching 16 queries in parallel
INFO:Benchmark for LLMs:2024-07-23, 08:24:48 Launching 17 queries in parallel
INFO:Benchmark for LLMs:2024-07-23, 08:24:49 Launching 18 queries in parallel
INFO:Benchmark for LLMs:2024-07-23, 08:24:51 Launching 19 queries in parallel
INFO:Benchmark for LLMs:2024-07-23, 08:24:52 Launching 20 queries in parallel
INFO:Benchmark for LLMs:2024-07-23, 08:24:53 Launching 21 queries in parallel
INFO:Benchmark for LLMs:2024-07-23, 08:24:55 Launching 22 queries in parallel
INFO:Benchmark for LLMs:2024-07-23, 08:24:56 Launching 23 queries in parallel
INFO:Benchmark for LLMs:2024-07-23, 08:24:57 Launching 24 queries in parallel
INFO:Benchmark for LLMs:2024-07-23, 08:24:58 Launching 25 queries in parallel
INFO:Benchmark for LLMs:2024-07-23, 08:25:00 Launching 26 queries in parallel
INFO:Benchmark for LLMs:2024-07-23, 08:25:01 Launching 27 queries in parallel
INFO:Benchmark for LLMs:2024-07-23, 08:25:02 Launching 28 queries in parallel
INFO:Benchmark for LLMs:2024-07-23, 08:25:03 Launching 29 queries in parallel
INFO:Benchmark for LLMs:2024-07-23, 08:25:05 Launching 30 queries in parallel
INFO:Benchmark for LLMs:2024-07-23, 08:25:06 Launching 31 queries in parallel
INFO:Benchmark for LLMs:2024-07-23, 08:25:07 Launching 32 queries in parallel
INFO:Benchmark for LLMs:2024-07-23, 08:25:09 Launching 33 queries in parallel
INFO:Benchmark for LLMs:2024-07-23, 08:25:10 Launching 34 queries in parallel
INFO:Benchmark for LLMs:2024-07-23, 08:25:12 Launching 35 queries in parallel
INFO:Benchmark for LLMs:2024-07-23, 08:25:13 Launching 36 queries in parallel
INFO:Benchmark for LLMs:2024-07-23, 08:25:15 Launching 37 queries in parallel
INFO:Benchmark for LLMs:2024-07-23, 08:25:16 Launching 38 queries in parallel
INFO:Benchmark for LLMs:2024-07-23, 08:25:18 Launching 39 queries in parallel
INFO:Benchmark for LLMs:2024-07-23, 08:25:19 Launching 40 queries in parallel
INFO:Benchmark for LLMs:2024-07-23, 08:25:21 Launching 41 queries in parallel
INFO:Benchmark for LLMs:2024-07-23, 08:25:22 Launching 42 queries in parallel
INFO:Benchmark for LLMs:2024-07-23, 08:25:24 Launching 43 queries in parallel
INFO:Benchmark for LLMs:2024-07-23, 08:25:26 Launching 44 queries in parallel
INFO:Benchmark for LLMs:2024-07-23, 08:25:28 Requests to the completions endpoint done
INFO:Benchmark for LLMs:2024-07-23, 08:25:28 Derived calculations done
INFO:Benchmark suite:2024-07-23, 08:25:28 Benchmark for the KV cache profile, input length : 32, output_length : 16 : DONE
INFO:Benchmark suite:2024-07-23, 08:25:28 Beginning the benchmark for the KV cache profile, input length : 32, output_length : 128
INFO:Benchmark for LLMs:2024-07-23, 08:25:28 Loading the dataset
INFO:Benchmark for LLMs:2024-07-23, 08:25:28 Beginning the requests to the completions endpoint
INFO:Benchmark for LLMs:2024-07-23, 08:25:30 Launching 0 queries in parallel
INFO:Benchmark for LLMs:2024-07-23, 08:25:30 Launching 1 queries in parallel
INFO:Benchmark for LLMs:2024-07-23, 08:25:33 Launching 2 queries in parallel
INFO:Benchmark for LLMs:2024-07-23, 08:25:36 Launching 3 queries in parallel
INFO:Benchmark for LLMs:2024-07-23, 08:25:40 Launching 4 queries in parallel
INFO:Benchmark for LLMs:2024-07-23, 08:25:43 Launching 5 queries in parallel
INFO:Benchmark for LLMs:2024-07-23, 08:25:46 Launching 6 queries in parallel
INFO:Benchmark for LLMs:2024-07-23, 08:25:50 Launching 7 queries in parallel
INFO:Benchmark for LLMs:2024-07-23, 08:25:53 Launching 8 queries in parallel
INFO:Benchmark for LLMs:2024-07-23, 08:25:56 Launching 9 queries in parallel
INFO:Benchmark for LLMs:2024-07-23, 08:26:00 Launching 10 queries in parallel
INFO:Benchmark for LLMs:2024-07-23, 08:26:04 Launching 11 queries in parallel
INFO:Benchmark for LLMs:2024-07-23, 08:26:08 Launching 12 queries in parallel
INFO:Benchmark for LLMs:2024-07-23, 08:26:11 Launching 13 queries in parallel
INFO:Benchmark for LLMs:2024-07-23, 08:26:15 Launching 14 queries in parallel
INFO:Benchmark for LLMs:2024-07-23, 08:26:19 Launching 15 queries in parallel
INFO:Benchmark for LLMs:2024-07-23, 08:26:23 Launching 16 queries in parallel
INFO:Benchmark for LLMs:2024-07-23, 08:26:27 Launching 17 queries in parallel
INFO:Benchmark for LLMs:2024-07-23, 08:26:31 Launching 18 queries in parallel
INFO:Benchmark for LLMs:2024-07-23, 08:26:36 Launching 19 queries in parallel
INFO:Benchmark for LLMs:2024-07-23, 08:26:40 Launching 20 queries in parallel
INFO:Benchmark for LLMs:2024-07-23, 08:26:44 Launching 21 queries in parallel
INFO:Benchmark for LLMs:2024-07-23, 08:26:49 Launching 22 queries in parallel
INFO:Benchmark for LLMs:2024-07-23, 08:26:53 Launching 23 queries in parallel
INFO:Benchmark for LLMs:2024-07-23, 08:26:59 Launching 24 queries in parallel
INFO:Benchmark for LLMs:2024-07-23, 08:27:03 Launching 25 queries in parallel
INFO:Benchmark for LLMs:2024-07-23, 08:27:08 Launching 26 queries in parallel
INFO:Benchmark for LLMs:2024-07-23, 08:27:13 Launching 27 queries in parallel
INFO:Benchmark for LLMs:2024-07-23, 08:27:17 Launching 28 queries in parallel
INFO:Benchmark for LLMs:2024-07-23, 08:27:22 Launching 29 queries in parallel
INFO:Benchmark for LLMs:2024-07-23, 08:27:27 Launching 30 queries in parallel
INFO:Benchmark for LLMs:2024-07-23, 08:27:31 Launching 31 queries in parallel
INFO:Benchmark for LLMs:2024-07-23, 08:27:36 Launching 32 queries in parallel
INFO:Benchmark for LLMs:2024-07-23, 08:27:41 Launching 33 queries in parallel
INFO:Benchmark for LLMs:2024-07-23, 08:27:47 Launching 34 queries in parallel
INFO:Benchmark for LLMs:2024-07-23, 08:27:53 Launching 35 queries in parallel
INFO:Benchmark for LLMs:2024-07-23, 08:28:00 Launching 36 queries in parallel
INFO:Benchmark for LLMs:2024-07-23, 08:28:06 Launching 37 queries in parallel
INFO:Benchmark for LLMs:2024-07-23, 08:28:12 Launching 38 queries in parallel
INFO:Benchmark for LLMs:2024-07-23, 08:28:19 Launching 39 queries in parallel
INFO:Benchmark for LLMs:2024-07-23, 08:28:26 Launching 40 queries in parallel
INFO:Benchmark for LLMs:2024-07-23, 08:28:32 Launching 41 queries in parallel
INFO:Benchmark for LLMs:2024-07-23, 08:28:39 Launching 42 queries in parallel
INFO:Benchmark for LLMs:2024-07-23, 08:28:46 Launching 43 queries in parallel
INFO:Benchmark for LLMs:2024-07-23, 08:28:53 Launching 44 queries in parallel
INFO:Benchmark for LLMs:2024-07-23, 08:29:01 Requests to the completions endpoint done
INFO:Benchmark for LLMs:2024-07-23, 08:29:01 Derived calculations done
INFO:Benchmark suite:2024-07-23, 08:29:01 Benchmark for the KV cache profile, input length : 32, output_length : 128 : DONE
INFO:Benchmark suite:2024-07-23, 08:29:01 Beginning the benchmark for the KV cache profile, input length : 32, output_length : 1024
INFO:Benchmark for LLMs:2024-07-23, 08:29:01 Loading the dataset
INFO:Benchmark for LLMs:2024-07-23, 08:29:01 Beginning the requests to the completions endpoint
INFO:Benchmark for LLMs:2024-07-23, 08:29:03 Launching 0 queries in parallel
INFO:Benchmark for LLMs:2024-07-23, 08:29:03 Launching 1 queries in parallel
INFO:Benchmark for LLMs:2024-07-23, 08:29:23 Launching 2 queries in parallel
INFO:Benchmark for LLMs:2024-07-23, 08:29:45 Launching 3 queries in parallel
INFO:Benchmark for LLMs:2024-07-23, 08:30:07 Launching 4 queries in parallel
INFO:Benchmark for LLMs:2024-07-23, 08:30:30 Launching 5 queries in parallel
INFO:Benchmark for LLMs:2024-07-23, 08:30:52 Launching 6 queries in parallel
INFO:Benchmark for LLMs:2024-07-23, 08:31:15 Launching 7 queries in parallel
INFO:Benchmark for LLMs:2024-07-23, 08:31:38 Launching 8 queries in parallel
INFO:Benchmark for LLMs:2024-07-23, 08:32:02 Launching 9 queries in parallel
INFO:Benchmark for LLMs:2024-07-23, 08:32:29 Launching 10 queries in parallel
INFO:Benchmark for LLMs:2024-07-23, 08:32:55 Launching 11 queries in parallel
INFO:Benchmark for LLMs:2024-07-23, 08:33:22 Launching 12 queries in parallel
INFO:Benchmark for LLMs:2024-07-23, 08:33:50 Launching 13 queries in parallel
INFO:Benchmark for LLMs:2024-07-23, 08:34:18 Launching 14 queries in parallel
INFO:Benchmark for LLMs:2024-07-23, 08:34:46 Launching 15 queries in parallel
INFO:Benchmark for LLMs:2024-07-23, 08:35:13 Launching 16 queries in parallel
INFO:Benchmark for LLMs:2024-07-23, 08:35:42 Launching 17 queries in parallel
INFO:Benchmark for LLMs:2024-07-23, 08:36:14 Launching 18 queries in parallel
INFO:Benchmark for LLMs:2024-07-23, 08:36:46 Launching 19 queries in parallel
INFO:Benchmark for LLMs:2024-07-23, 08:37:18 Launching 20 queries in parallel
INFO:Benchmark for LLMs:2024-07-23, 08:37:51 Launching 21 queries in parallel
INFO:Benchmark for LLMs:2024-07-23, 08:38:24 Launching 22 queries in parallel
INFO:Benchmark for LLMs:2024-07-23, 08:38:57 Launching 23 queries in parallel
INFO:Benchmark for LLMs:2024-07-23, 08:39:32 Max duration 600s has been reached
INFO:Benchmark for LLMs:2024-07-23, 08:39:33 Requests to the completions endpoint done
INFO:Benchmark for LLMs:2024-07-23, 08:39:33 Derived calculations done
INFO:Benchmark suite:2024-07-23, 08:39:33 Benchmark for the KV cache profile, input length : 32, output_length : 1024 : DONE
INFO:Benchmark suite:2024-07-23, 08:39:33 Beginning the benchmark for the KV cache profile, input length : 1024, output_length : 16
INFO:Benchmark for LLMs:2024-07-23, 08:39:33 Loading the dataset
INFO:Benchmark for LLMs:2024-07-23, 08:39:33 Beginning the requests to the completions endpoint
INFO:Benchmark for LLMs:2024-07-23, 08:39:35 Launching 0 queries in parallel
INFO:Benchmark for LLMs:2024-07-23, 08:39:35 Launching 1 queries in parallel
INFO:Benchmark for LLMs:2024-07-23, 08:39:37 Launching 2 queries in parallel
INFO:Benchmark for LLMs:2024-07-23, 08:39:38 Launching 3 queries in parallel
INFO:Benchmark for LLMs:2024-07-23, 08:39:39 Launching 4 queries in parallel
INFO:Benchmark for LLMs:2024-07-23, 08:39:41 Launching 5 queries in parallel
INFO:Benchmark for LLMs:2024-07-23, 08:39:42 Launching 6 queries in parallel
INFO:Benchmark for LLMs:2024-07-23, 08:39:44 Launching 7 queries in parallel
INFO:Benchmark for LLMs:2024-07-23, 08:39:47 Launching 8 queries in parallel
INFO:Benchmark for LLMs:2024-07-23, 08:39:49 Launching 9 queries in parallel
INFO:Benchmark for LLMs:2024-07-23, 08:39:51 Launching 10 queries in parallel
INFO:Benchmark for LLMs:2024-07-23, 08:39:54 Launching 11 queries in parallel
INFO:Benchmark for LLMs:2024-07-23, 08:39:57 Launching 12 queries in parallel
INFO:Benchmark for LLMs:2024-07-23, 08:40:00 Launching 13 queries in parallel
INFO:Benchmark for LLMs:2024-07-23, 08:40:03 Launching 14 queries in parallel
INFO:Benchmark for LLMs:2024-07-23, 08:40:07 Launching 15 queries in parallel
INFO:Benchmark for LLMs:2024-07-23, 08:40:11 Launching 16 queries in parallel
INFO:Benchmark for LLMs:2024-07-23, 08:40:15 Launching 17 queries in parallel
INFO:Benchmark for LLMs:2024-07-23, 08:40:19 Launching 18 queries in parallel
INFO:Benchmark for LLMs:2024-07-23, 08:40:23 Launching 19 queries in parallel
INFO:Benchmark for LLMs:2024-07-23, 08:40:28 Launching 20 queries in parallel
INFO:Benchmark for LLMs:2024-07-23, 08:40:32 Launching 21 queries in parallel
INFO:Benchmark for LLMs:2024-07-23, 08:40:37 Launching 22 queries in parallel
INFO:Benchmark for LLMs:2024-07-23, 08:40:42 Launching 23 queries in parallel
ERROR:asyncio:Task exception was never retrieved
future: <Task finished name='Task-482227' coro=<get_live_metrics() done, defined at /opt/venv/lib/python3.11/site-packages/benchmark_llm_serving/utils_metrics.py:46> exception=ClientOSError(104, 'Connection reset by peer')>
Traceback (most recent call last):
  File "/usr/local/lib/python3.11/asyncio/selector_events.py", line 999, in _read_ready__data_received
    data = self._sock.recv(self.max_size)
           ^^^^^^^^^^^^^^^^^^^^^^^^^^^^^^
ConnectionResetError: [Errno 104] Connection reset by peer

The above exception was the direct cause of the following exception:

Traceback (most recent call last):
  File "/opt/venv/lib/python3.11/site-packages/benchmark_llm_serving/utils_metrics.py", line 55, in get_live_metrics
    async with session.get(url=metrics_url) as response:
  File "/opt/venv/lib/python3.11/site-packages/aiohttp/client.py", line 1197, in __aenter__
    self._resp = await self._coro
                 ^^^^^^^^^^^^^^^^
  File "/opt/venv/lib/python3.11/site-packages/aiohttp/client.py", line 608, in _request
    await resp.start(conn)
  File "/opt/venv/lib/python3.11/site-packages/aiohttp/client_reqrep.py", line 976, in start
    message, payload = await protocol.read()  # type: ignore[union-attr]
                       ^^^^^^^^^^^^^^^^^^^^^
  File "/opt/venv/lib/python3.11/site-packages/aiohttp/streams.py", line 640, in read
    await self._waiter
aiohttp.client_exceptions.ClientOSError: [Errno 104] Connection reset by peer
ERROR:asyncio:Task exception was never retrieved
future: <Task finished name='Task-482229' coro=<get_live_metrics() done, defined at /opt/venv/lib/python3.11/site-packages/benchmark_llm_serving/utils_metrics.py:46> exception=ClientOSError(104, 'Connection reset by peer')>
Traceback (most recent call last):
  File "/usr/local/lib/python3.11/asyncio/selector_events.py", line 999, in _read_ready__data_received
    data = self._sock.recv(self.max_size)
           ^^^^^^^^^^^^^^^^^^^^^^^^^^^^^^
ConnectionResetError: [Errno 104] Connection reset by peer

The above exception was the direct cause of the following exception:

Traceback (most recent call last):
  File "/opt/venv/lib/python3.11/site-packages/benchmark_llm_serving/utils_metrics.py", line 55, in get_live_metrics
    async with session.get(url=metrics_url) as response:
  File "/opt/venv/lib/python3.11/site-packages/aiohttp/client.py", line 1197, in __aenter__
    self._resp = await self._coro
                 ^^^^^^^^^^^^^^^^
  File "/opt/venv/lib/python3.11/site-packages/aiohttp/client.py", line 608, in _request
    await resp.start(conn)
  File "/opt/venv/lib/python3.11/site-packages/aiohttp/client_reqrep.py", line 976, in start
    message, payload = await protocol.read()  # type: ignore[union-attr]
                       ^^^^^^^^^^^^^^^^^^^^^
  File "/opt/venv/lib/python3.11/site-packages/aiohttp/streams.py", line 640, in read
    await self._waiter
aiohttp.client_exceptions.ClientOSError: [Errno 104] Connection reset by peer
ERROR:asyncio:Task exception was never retrieved
future: <Task finished name='Task-482231' coro=<get_live_metrics() done, defined at /opt/venv/lib/python3.11/site-packages/benchmark_llm_serving/utils_metrics.py:46> exception=ClientOSError(104, 'Connection reset by peer')>
Traceback (most recent call last):
  File "/usr/local/lib/python3.11/asyncio/selector_events.py", line 999, in _read_ready__data_received
    data = self._sock.recv(self.max_size)
           ^^^^^^^^^^^^^^^^^^^^^^^^^^^^^^
ConnectionResetError: [Errno 104] Connection reset by peer

The above exception was the direct cause of the following exception:

Traceback (most recent call last):
  File "/opt/venv/lib/python3.11/site-packages/benchmark_llm_serving/utils_metrics.py", line 55, in get_live_metrics
    async with session.get(url=metrics_url) as response:
  File "/opt/venv/lib/python3.11/site-packages/aiohttp/client.py", line 1197, in __aenter__
    self._resp = await self._coro
                 ^^^^^^^^^^^^^^^^
  File "/opt/venv/lib/python3.11/site-packages/aiohttp/client.py", line 608, in _request
    await resp.start(conn)
  File "/opt/venv/lib/python3.11/site-packages/aiohttp/client_reqrep.py", line 976, in start
    message, payload = await protocol.read()  # type: ignore[union-attr]
                       ^^^^^^^^^^^^^^^^^^^^^
  File "/opt/venv/lib/python3.11/site-packages/aiohttp/streams.py", line 640, in read
    await self._waiter
aiohttp.client_exceptions.ClientOSError: [Errno 104] Connection reset by peer
INFO:Benchmark for LLMs:2024-07-23, 08:40:47 Launching 24 queries in parallel
INFO:Benchmark for LLMs:2024-07-23, 08:40:53 Launching 25 queries in parallel
INFO:Benchmark for LLMs:2024-07-23, 08:40:58 Launching 26 queries in parallel
INFO:Benchmark for LLMs:2024-07-23, 08:41:04 Launching 27 queries in parallel
INFO:Benchmark for LLMs:2024-07-23, 08:41:10 Launching 28 queries in parallel
INFO:Benchmark for LLMs:2024-07-23, 08:41:17 Launching 29 queries in parallel
INFO:Benchmark for LLMs:2024-07-23, 08:41:23 Launching 30 queries in parallel
INFO:Benchmark for LLMs:2024-07-23, 08:41:29 Launching 31 queries in parallel
INFO:Benchmark for LLMs:2024-07-23, 08:41:36 Launching 32 queries in parallel
INFO:Benchmark for LLMs:2024-07-23, 08:41:43 Launching 33 queries in parallel
INFO:Benchmark for LLMs:2024-07-23, 08:41:50 Launching 34 queries in parallel
INFO:Benchmark for LLMs:2024-07-23, 08:41:58 Launching 35 queries in parallel
INFO:Benchmark for LLMs:2024-07-23, 08:42:06 Launching 36 queries in parallel
INFO:Benchmark for LLMs:2024-07-23, 08:42:14 Launching 37 queries in parallel
INFO:Benchmark for LLMs:2024-07-23, 08:42:22 Launching 38 queries in parallel
INFO:Benchmark for LLMs:2024-07-23, 08:42:30 Launching 39 queries in parallel
INFO:Benchmark for LLMs:2024-07-23, 08:42:38 Launching 40 queries in parallel
INFO:Benchmark for LLMs:2024-07-23, 08:42:48 Launching 41 queries in parallel
INFO:Benchmark for LLMs:2024-07-23, 08:42:56 Launching 42 queries in parallel
INFO:Benchmark for LLMs:2024-07-23, 08:43:06 Launching 43 queries in parallel
INFO:Benchmark for LLMs:2024-07-23, 08:43:15 Launching 44 queries in parallel
INFO:Benchmark for LLMs:2024-07-23, 08:43:25 Requests to the completions endpoint done
INFO:Benchmark for LLMs:2024-07-23, 08:43:25 Derived calculations done
INFO:Benchmark suite:2024-07-23, 08:43:25 Benchmark for the KV cache profile, input length : 1024, output_length : 16 : DONE
INFO:Benchmark suite:2024-07-23, 08:43:25 Beginning the benchmark for the KV cache profile, input length : 1024, output_length : 128
INFO:Benchmark for LLMs:2024-07-23, 08:43:25 Loading the dataset
INFO:Benchmark for LLMs:2024-07-23, 08:43:25 Beginning the requests to the completions endpoint
INFO:Benchmark for LLMs:2024-07-23, 08:43:27 Launching 0 queries in parallel
INFO:Benchmark for LLMs:2024-07-23, 08:43:27 Launching 1 queries in parallel
INFO:Benchmark for LLMs:2024-07-23, 08:43:30 Launching 2 queries in parallel
INFO:Benchmark for LLMs:2024-07-23, 08:43:34 Launching 3 queries in parallel
INFO:Benchmark for LLMs:2024-07-23, 08:43:38 Launching 4 queries in parallel
INFO:Benchmark for LLMs:2024-07-23, 08:43:42 Launching 5 queries in parallel
INFO:Benchmark for LLMs:2024-07-23, 08:43:46 Launching 6 queries in parallel
INFO:Benchmark for LLMs:2024-07-23, 08:43:50 Launching 7 queries in parallel
INFO:Benchmark for LLMs:2024-07-23, 08:43:55 Launching 8 queries in parallel
INFO:Benchmark for LLMs:2024-07-23, 08:44:00 Launching 9 queries in parallel
INFO:Benchmark for LLMs:2024-07-23, 08:44:06 Launching 10 queries in parallel
INFO:Benchmark for LLMs:2024-07-23, 08:44:11 Launching 11 queries in parallel
INFO:Benchmark for LLMs:2024-07-23, 08:44:17 Launching 12 queries in parallel
INFO:Benchmark for LLMs:2024-07-23, 08:44:23 Launching 13 queries in parallel
INFO:Benchmark for LLMs:2024-07-23, 08:44:30 Launching 14 queries in parallel
INFO:Benchmark for LLMs:2024-07-23, 08:44:36 Launching 15 queries in parallel
INFO:Benchmark for LLMs:2024-07-23, 08:44:43 Launching 16 queries in parallel
INFO:Benchmark for LLMs:2024-07-23, 08:44:50 Launching 17 queries in parallel
INFO:Benchmark for LLMs:2024-07-23, 08:44:58 Launching 18 queries in parallel
INFO:Benchmark for LLMs:2024-07-23, 08:45:06 Launching 19 queries in parallel
INFO:Benchmark for LLMs:2024-07-23, 08:45:14 Launching 20 queries in parallel
INFO:Benchmark for LLMs:2024-07-23, 08:45:23 Launching 21 queries in parallel
INFO:Benchmark for LLMs:2024-07-23, 08:45:31 Launching 22 queries in parallel
INFO:Benchmark for LLMs:2024-07-23, 08:45:40 Launching 23 queries in parallel
INFO:Benchmark for LLMs:2024-07-23, 08:45:49 Launching 24 queries in parallel
INFO:Benchmark for LLMs:2024-07-23, 08:45:59 Launching 25 queries in parallel
INFO:Benchmark for LLMs:2024-07-23, 08:46:09 Launching 26 queries in parallel
INFO:Benchmark for LLMs:2024-07-23, 08:46:19 Launching 27 queries in parallel
INFO:Benchmark for LLMs:2024-07-23, 08:46:29 Launching 28 queries in parallel
INFO:Benchmark for LLMs:2024-07-23, 08:46:40 Launching 29 queries in parallel
INFO:Benchmark for LLMs:2024-07-23, 08:46:51 Launching 30 queries in parallel
INFO:Benchmark for LLMs:2024-07-23, 08:47:02 Launching 31 queries in parallel
INFO:Benchmark for LLMs:2024-07-23, 08:47:13 Launching 32 queries in parallel
INFO:Benchmark for LLMs:2024-07-23, 08:47:25 Launching 33 queries in parallel
INFO:Benchmark for LLMs:2024-07-23, 08:47:38 Launching 34 queries in parallel
INFO:Benchmark for LLMs:2024-07-23, 08:47:51 Launching 35 queries in parallel
INFO:Benchmark for LLMs:2024-07-23, 08:48:05 Launching 36 queries in parallel
INFO:Benchmark for LLMs:2024-07-23, 08:48:18 Launching 37 queries in parallel
INFO:Benchmark for LLMs:2024-07-23, 08:48:32 Launching 38 queries in parallel
INFO:Benchmark for LLMs:2024-07-23, 08:48:47 Launching 39 queries in parallel
INFO:Benchmark for LLMs:2024-07-23, 08:49:01 Launching 40 queries in parallel
INFO:Benchmark for LLMs:2024-07-23, 08:49:17 Launching 41 queries in parallel
INFO:Benchmark for LLMs:2024-07-23, 08:49:32 Launching 42 queries in parallel
INFO:Benchmark for LLMs:2024-07-23, 08:49:48 Launching 43 queries in parallel
INFO:Benchmark for LLMs:2024-07-23, 08:50:04 Launching 44 queries in parallel
INFO:Benchmark for LLMs:2024-07-23, 08:50:21 Requests to the completions endpoint done
INFO:Benchmark for LLMs:2024-07-23, 08:50:21 Derived calculations done
INFO:Benchmark suite:2024-07-23, 08:50:21 Benchmark for the KV cache profile, input length : 1024, output_length : 128 : DONE
INFO:Benchmark suite:2024-07-23, 08:50:21 Beginning the benchmark for the KV cache profile, input length : 1024, output_length : 1024
INFO:Benchmark for LLMs:2024-07-23, 08:50:21 Loading the dataset
INFO:Benchmark for LLMs:2024-07-23, 08:50:21 Beginning the requests to the completions endpoint
INFO:Benchmark for LLMs:2024-07-23, 08:50:23 Launching 0 queries in parallel
INFO:Benchmark for LLMs:2024-07-23, 08:50:23 Launching 1 queries in parallel
INFO:Benchmark for LLMs:2024-07-23, 08:50:44 Launching 2 queries in parallel
INFO:Benchmark for LLMs:2024-07-23, 08:51:06 Launching 3 queries in parallel
INFO:Benchmark for LLMs:2024-07-23, 08:51:29 Launching 4 queries in parallel
INFO:Benchmark for LLMs:2024-07-23, 08:51:53 Launching 5 queries in parallel
INFO:Benchmark for LLMs:2024-07-23, 08:52:18 Launching 6 queries in parallel
INFO:Benchmark for LLMs:2024-07-23, 08:52:43 Launching 7 queries in parallel
INFO:Benchmark for LLMs:2024-07-23, 08:53:10 Launching 8 queries in parallel
INFO:Benchmark for LLMs:2024-07-23, 08:53:38 Launching 9 queries in parallel
INFO:Benchmark for LLMs:2024-07-23, 08:54:08 Launching 10 queries in parallel
INFO:Benchmark for LLMs:2024-07-23, 08:54:39 Launching 11 queries in parallel
INFO:Benchmark for LLMs:2024-07-23, 08:55:10 Launching 12 queries in parallel
INFO:Benchmark for LLMs:2024-07-23, 08:55:43 Launching 13 queries in parallel
INFO:Benchmark for LLMs:2024-07-23, 08:56:17 Launching 14 queries in parallel
INFO:Benchmark for LLMs:2024-07-23, 08:56:51 Launching 15 queries in parallel
INFO:Benchmark for LLMs:2024-07-23, 08:57:25 Launching 16 queries in parallel
INFO:Benchmark for LLMs:2024-07-23, 08:58:01 Launching 17 queries in parallel
INFO:Benchmark for LLMs:2024-07-23, 08:58:41 Launching 18 queries in parallel
INFO:Benchmark for LLMs:2024-07-23, 08:59:21 Launching 19 queries in parallel
INFO:Benchmark for LLMs:2024-07-23, 09:00:01 Launching 20 queries in parallel
INFO:Benchmark for LLMs:2024-07-23, 09:00:41 Max duration 600s has been reached
INFO:Benchmark for LLMs:2024-07-23, 09:00:42 Requests to the completions endpoint done
INFO:Benchmark for LLMs:2024-07-23, 09:00:42 Derived calculations done
INFO:Benchmark suite:2024-07-23, 09:00:43 Benchmark for the KV cache profile, input length : 1024, output_length : 1024 : DONE
INFO:Benchmark suite:2024-07-23, 09:00:43 Beginning the benchmark for the KV cache profile, input length : 4096, output_length : 16
INFO:Benchmark for LLMs:2024-07-23, 09:00:43 Loading the dataset
INFO:Benchmark for LLMs:2024-07-23, 09:00:43 Beginning the requests to the completions endpoint
INFO:Benchmark for LLMs:2024-07-23, 09:00:44 Launching 0 queries in parallel
INFO:Benchmark for LLMs:2024-07-23, 09:00:45 Launching 1 queries in parallel
INFO:Benchmark for LLMs:2024-07-23, 09:00:47 Launching 2 queries in parallel
INFO:Benchmark for LLMs:2024-07-23, 09:00:49 Launching 3 queries in parallel
INFO:Benchmark for LLMs:2024-07-23, 09:00:52 Launching 4 queries in parallel
INFO:Benchmark for LLMs:2024-07-23, 09:00:56 Launching 5 queries in parallel
INFO:Benchmark for LLMs:2024-07-23, 09:01:01 Launching 6 queries in parallel
INFO:Benchmark for LLMs:2024-07-23, 09:01:06 Launching 7 queries in parallel
INFO:Benchmark for LLMs:2024-07-23, 09:01:13 Launching 8 queries in parallel
INFO:Benchmark for LLMs:2024-07-23, 09:01:20 Launching 9 queries in parallel
INFO:Benchmark for LLMs:2024-07-23, 09:01:28 Launching 10 queries in parallel
INFO:Benchmark for LLMs:2024-07-23, 09:01:36 Launching 11 queries in parallel
INFO:Benchmark for LLMs:2024-07-23, 09:01:46 Launching 12 queries in parallel
INFO:Benchmark for LLMs:2024-07-23, 09:01:56 Launching 13 queries in parallel
INFO:Benchmark for LLMs:2024-07-23, 09:02:07 Launching 14 queries in parallel
INFO:Benchmark for LLMs:2024-07-23, 09:02:19 Launching 15 queries in parallel
INFO:Benchmark for LLMs:2024-07-23, 09:02:31 Launching 16 queries in parallel
INFO:Benchmark for LLMs:2024-07-23, 09:02:45 Launching 17 queries in parallel
INFO:Benchmark for LLMs:2024-07-23, 09:02:59 Launching 18 queries in parallel
INFO:Benchmark for LLMs:2024-07-23, 09:03:14 Launching 19 queries in parallel
INFO:Benchmark for LLMs:2024-07-23, 09:03:29 Launching 20 queries in parallel
INFO:Benchmark for LLMs:2024-07-23, 09:03:46 Launching 21 queries in parallel
INFO:Benchmark for LLMs:2024-07-23, 09:04:03 Launching 22 queries in parallel
INFO:Benchmark for LLMs:2024-07-23, 09:04:21 Launching 23 queries in parallel
INFO:Benchmark for LLMs:2024-07-23, 09:04:41 Launching 24 queries in parallel
INFO:Benchmark for LLMs:2024-07-23, 09:05:00 Launching 25 queries in parallel
INFO:Benchmark for LLMs:2024-07-23, 09:05:21 Launching 26 queries in parallel
INFO:Benchmark for LLMs:2024-07-23, 09:05:42 Launching 27 queries in parallel
INFO:Benchmark for LLMs:2024-07-23, 09:06:04 Launching 28 queries in parallel
INFO:Benchmark for LLMs:2024-07-23, 09:06:27 Launching 29 queries in parallel
INFO:Benchmark for LLMs:2024-07-23, 09:06:51 Launching 30 queries in parallel
INFO:Benchmark for LLMs:2024-07-23, 09:07:15 Launching 31 queries in parallel
INFO:Benchmark for LLMs:2024-07-23, 09:07:40 Launching 32 queries in parallel
INFO:Benchmark for LLMs:2024-07-23, 09:08:06 Launching 33 queries in parallel
INFO:Benchmark for LLMs:2024-07-23, 09:08:33 Launching 34 queries in parallel
INFO:Benchmark for LLMs:2024-07-23, 09:09:00 Launching 35 queries in parallel
INFO:Benchmark for LLMs:2024-07-23, 09:09:29 Launching 36 queries in parallel
INFO:Benchmark for LLMs:2024-07-23, 09:09:59 Launching 37 queries in parallel
INFO:Benchmark for LLMs:2024-07-23, 09:10:29 Launching 38 queries in parallel
INFO:Benchmark for LLMs:2024-07-23, 09:10:59 Max duration 600s has been reached
INFO:Benchmark for LLMs:2024-07-23, 09:11:00 Requests to the completions endpoint done
INFO:Benchmark for LLMs:2024-07-23, 09:11:00 Derived calculations done
INFO:Benchmark suite:2024-07-23, 09:11:00 Benchmark for the KV cache profile, input length : 4096, output_length : 16 : DONE
INFO:Benchmark suite:2024-07-23, 09:11:00 Beginning the benchmark for the KV cache profile, input length : 4096, output_length : 128
INFO:Benchmark for LLMs:2024-07-23, 09:11:00 Loading the dataset
INFO:Benchmark for LLMs:2024-07-23, 09:11:00 Beginning the requests to the completions endpoint
INFO:Benchmark for LLMs:2024-07-23, 09:11:02 Launching 0 queries in parallel
INFO:Benchmark for LLMs:2024-07-23, 09:11:03 Launching 1 queries in parallel
INFO:Benchmark for LLMs:2024-07-23, 09:11:06 Launching 2 queries in parallel
INFO:Benchmark for LLMs:2024-07-23, 09:11:11 Launching 3 queries in parallel
INFO:Benchmark for LLMs:2024-07-23, 09:11:17 Launching 4 queries in parallel
INFO:Benchmark for LLMs:2024-07-23, 09:11:24 Launching 5 queries in parallel
INFO:Benchmark for LLMs:2024-07-23, 09:11:32 Launching 6 queries in parallel
INFO:Benchmark for LLMs:2024-07-23, 09:11:40 Launching 7 queries in parallel
INFO:Benchmark for LLMs:2024-07-23, 09:11:50 Launching 8 queries in parallel
INFO:Benchmark for LLMs:2024-07-23, 09:12:00 Launching 9 queries in parallel
INFO:Benchmark for LLMs:2024-07-23, 09:12:12 Launching 10 queries in parallel
INFO:Benchmark for LLMs:2024-07-23, 09:12:24 Launching 11 queries in parallel
INFO:Benchmark for LLMs:2024-07-23, 09:12:38 Launching 12 queries in parallel
INFO:Benchmark for LLMs:2024-07-23, 09:12:52 Launching 13 queries in parallel
INFO:Benchmark for LLMs:2024-07-23, 09:13:08 Launching 14 queries in parallel
INFO:Benchmark for LLMs:2024-07-23, 09:13:24 Launching 15 queries in parallel
INFO:Benchmark for LLMs:2024-07-23, 09:13:41 Launching 16 queries in parallel
INFO:Benchmark for LLMs:2024-07-23, 09:13:59 Launching 17 queries in parallel
INFO:Benchmark for LLMs:2024-07-23, 09:14:18 Launching 18 queries in parallel
INFO:Benchmark for LLMs:2024-07-23, 09:14:38 Launching 19 queries in parallel
INFO:Benchmark for LLMs:2024-07-23, 09:14:59 Launching 20 queries in parallel
INFO:Benchmark for LLMs:2024-07-23, 09:15:21 Launching 21 queries in parallel
INFO:Benchmark for LLMs:2024-07-23, 09:15:44 Launching 22 queries in parallel
INFO:Benchmark for LLMs:2024-07-23, 09:16:08 Launching 23 queries in parallel
INFO:Benchmark for LLMs:2024-07-23, 09:16:33 Launching 24 queries in parallel
INFO:Benchmark for LLMs:2024-07-23, 09:16:59 Launching 25 queries in parallel
INFO:Benchmark for LLMs:2024-07-23, 09:17:25 Launching 26 queries in parallel
INFO:Benchmark for LLMs:2024-07-23, 09:17:53 Launching 27 queries in parallel
INFO:Benchmark for LLMs:2024-07-23, 09:18:22 Launching 28 queries in parallel
INFO:Benchmark for LLMs:2024-07-23, 09:18:51 Launching 29 queries in parallel
INFO:Benchmark for LLMs:2024-07-23, 09:19:22 Launching 30 queries in parallel
INFO:Benchmark for LLMs:2024-07-23, 09:19:54 Launching 31 queries in parallel
INFO:Benchmark for LLMs:2024-07-23, 09:20:25 Launching 32 queries in parallel
INFO:Benchmark for LLMs:2024-07-23, 09:20:58 Launching 33 queries in parallel
INFO:Benchmark for LLMs:2024-07-23, 09:21:34 Max duration 600s has been reached
INFO:Benchmark for LLMs:2024-07-23, 09:21:35 Requests to the completions endpoint done
INFO:Benchmark for LLMs:2024-07-23, 09:21:35 Derived calculations done
INFO:Benchmark suite:2024-07-23, 09:21:36 Benchmark for the KV cache profile, input length : 4096, output_length : 128 : DONE
INFO:Benchmark suite:2024-07-23, 09:21:36 Beginning the benchmark for the KV cache profile, input length : 4096, output_length : 1024
INFO:Benchmark for LLMs:2024-07-23, 09:21:36 Loading the dataset
INFO:Benchmark for LLMs:2024-07-23, 09:21:36 Beginning the requests to the completions endpoint
INFO:Benchmark for LLMs:2024-07-23, 09:21:37 Launching 0 queries in parallel
INFO:Benchmark for LLMs:2024-07-23, 09:21:38 Launching 1 queries in parallel
INFO:Benchmark for LLMs:2024-07-23, 09:21:59 Launching 2 queries in parallel
INFO:Benchmark for LLMs:2024-07-23, 09:22:23 Launching 3 queries in parallel
INFO:Benchmark for LLMs:2024-07-23, 09:22:51 Launching 4 queries in parallel
INFO:Benchmark for LLMs:2024-07-23, 09:23:20 Launching 5 queries in parallel
INFO:Benchmark for LLMs:2024-07-23, 09:23:53 Launching 6 queries in parallel
INFO:Benchmark for LLMs:2024-07-23, 09:24:27 Launching 7 queries in parallel
INFO:Benchmark for LLMs:2024-07-23, 09:25:03 Launching 8 queries in parallel
INFO:Benchmark for LLMs:2024-07-23, 09:25:43 Launching 9 queries in parallel
INFO:Benchmark for LLMs:2024-07-23, 09:26:25 Launching 10 queries in parallel
INFO:Benchmark for LLMs:2024-07-23, 09:27:09 Launching 11 queries in parallel
INFO:Benchmark for LLMs:2024-07-23, 09:27:56 Launching 12 queries in parallel
INFO:Benchmark for LLMs:2024-07-23, 09:28:44 Launching 13 queries in parallel
INFO:Benchmark for LLMs:2024-07-23, 09:29:35 Launching 14 queries in parallel
INFO:Benchmark for LLMs:2024-07-23, 09:30:27 Launching 15 queries in parallel
INFO:Benchmark for LLMs:2024-07-23, 09:31:22 Launching 16 queries in parallel
INFO:Benchmark for LLMs:2024-07-23, 09:32:19 Max duration 600s has been reached
INFO:Benchmark for LLMs:2024-07-23, 09:32:20 Requests to the completions endpoint done
INFO:Benchmark for LLMs:2024-07-23, 09:32:21 Derived calculations done
INFO:Benchmark suite:2024-07-23, 09:32:21 Benchmark for the KV cache profile, input length : 4096, output_length : 1024 : DONE
INFO:Benchmark suite:2024-07-23, 09:32:21 Benchmarks for the KV cache profile : DONE
INFO:Benchmark suite:2024-07-23, 09:32:21 Beginning the benchmarks for the generation speed
INFO:Benchmark suite:2024-07-23, 09:32:21 Beginning the benchmarks for the generation speed, input length : 32, output_length : 16
INFO:Benchmark suite:2024-07-23, 09:32:21 Benchmarks for the generation speed, input length : 32, output_length : 16, nb_requests : 1
INFO:Benchmark for LLMs:2024-07-23, 09:32:21 Loading the dataset
INFO:Benchmark for LLMs:2024-07-23, 09:32:21 Beginning the requests to the completions endpoint
INFO:Benchmark for LLMs:2024-07-23, 09:32:56 100 queries have been completed
INFO:Benchmark for LLMs:2024-07-23, 09:33:30 200 queries have been completed
INFO:Benchmark for LLMs:2024-07-23, 09:34:03 300 queries have been completed
INFO:Benchmark for LLMs:2024-07-23, 09:34:37 400 queries have been completed
INFO:Benchmark for LLMs:2024-07-23, 09:35:10 500 queries have been completed
INFO:Benchmark for LLMs:2024-07-23, 09:35:44 600 queries have been completed
INFO:Benchmark for LLMs:2024-07-23, 09:36:17 700 queries have been completed
INFO:Benchmark for LLMs:2024-07-23, 09:36:51 800 queries have been completed
INFO:Benchmark for LLMs:2024-07-23, 09:37:24 Requests to the completions endpoint done
INFO:Benchmark for LLMs:2024-07-23, 09:37:24 Derived calculations done
INFO:Benchmark suite:2024-07-23, 09:37:24 Benchmarks for the generation speed, input length : 32, output_length : 16, nb_requests : 1 : DONE
INFO:Benchmark suite:2024-07-23, 09:37:24 Benchmarks for the generation speed, input length : 32, output_length : 16, nb_requests : 2
INFO:Benchmark for LLMs:2024-07-23, 09:37:24 Loading the dataset
INFO:Benchmark for LLMs:2024-07-23, 09:37:24 Beginning the requests to the completions endpoint
INFO:Benchmark for LLMs:2024-07-23, 09:37:47 100 queries have been completed
INFO:Benchmark for LLMs:2024-07-23, 09:38:08 200 queries have been completed
INFO:Benchmark for LLMs:2024-07-23, 09:38:30 300 queries have been completed
INFO:Benchmark for LLMs:2024-07-23, 09:38:51 400 queries have been completed
INFO:Benchmark for LLMs:2024-07-23, 09:39:12 500 queries have been completed
INFO:Benchmark for LLMs:2024-07-23, 09:39:34 600 queries have been completed
INFO:Benchmark for LLMs:2024-07-23, 09:39:56 700 queries have been completed
INFO:Benchmark for LLMs:2024-07-23, 09:40:17 800 queries have been completed
INFO:Benchmark for LLMs:2024-07-23, 09:40:39 900 queries have been completed
INFO:Benchmark for LLMs:2024-07-23, 09:41:00 1000 queries have been completed
INFO:Benchmark for LLMs:2024-07-23, 09:41:02 Requests to the completions endpoint done
INFO:Benchmark for LLMs:2024-07-23, 09:41:02 Derived calculations done
INFO:Benchmark suite:2024-07-23, 09:41:02 Benchmarks for the generation speed, input length : 32, output_length : 16, nb_requests : 2 : DONE
INFO:Benchmark suite:2024-07-23, 09:41:02 Benchmarks for the generation speed, input length : 32, output_length : 16, nb_requests : 3
INFO:Benchmark for LLMs:2024-07-23, 09:41:02 Loading the dataset
INFO:Benchmark for LLMs:2024-07-23, 09:41:02 Beginning the requests to the completions endpoint
INFO:Benchmark for LLMs:2024-07-23, 09:41:18 100 queries have been completed
INFO:Benchmark for LLMs:2024-07-23, 09:41:32 200 queries have been completed
INFO:Benchmark for LLMs:2024-07-23, 09:41:46 300 queries have been completed
INFO:Benchmark for LLMs:2024-07-23, 09:42:01 400 queries have been completed
INFO:Benchmark for LLMs:2024-07-23, 09:42:16 500 queries have been completed
INFO:Benchmark for LLMs:2024-07-23, 09:42:30 600 queries have been completed
INFO:Benchmark for LLMs:2024-07-23, 09:42:46 700 queries have been completed
INFO:Benchmark for LLMs:2024-07-23, 09:43:00 800 queries have been completed
INFO:Benchmark for LLMs:2024-07-23, 09:43:15 900 queries have been completed
INFO:Benchmark for LLMs:2024-07-23, 09:43:30 1000 queries have been completed
INFO:Benchmark for LLMs:2024-07-23, 09:43:31 Requests to the completions endpoint done
INFO:Benchmark for LLMs:2024-07-23, 09:43:31 Derived calculations done
INFO:Benchmark suite:2024-07-23, 09:43:31 Benchmarks for the generation speed, input length : 32, output_length : 16, nb_requests : 3 : DONE
INFO:Benchmark suite:2024-07-23, 09:43:31 Benchmarks for the generation speed, input length : 32, output_length : 16, nb_requests : 4
INFO:Benchmark for LLMs:2024-07-23, 09:43:31 Loading the dataset
INFO:Benchmark for LLMs:2024-07-23, 09:43:31 Beginning the requests to the completions endpoint
INFO:Benchmark for LLMs:2024-07-23, 09:43:43 100 queries have been completed
INFO:Benchmark for LLMs:2024-07-23, 09:43:54 200 queries have been completed
INFO:Benchmark for LLMs:2024-07-23, 09:44:06 300 queries have been completed
INFO:Benchmark for LLMs:2024-07-23, 09:44:17 400 queries have been completed
INFO:Benchmark for LLMs:2024-07-23, 09:44:28 500 queries have been completed
INFO:Benchmark for LLMs:2024-07-23, 09:44:39 600 queries have been completed
INFO:Benchmark for LLMs:2024-07-23, 09:44:51 700 queries have been completed
INFO:Benchmark for LLMs:2024-07-23, 09:45:02 800 queries have been completed
INFO:Benchmark for LLMs:2024-07-23, 09:45:13 900 queries have been completed
INFO:Benchmark for LLMs:2024-07-23, 09:45:24 1000 queries have been completed
INFO:Benchmark for LLMs:2024-07-23, 09:45:25 Requests to the completions endpoint done
INFO:Benchmark for LLMs:2024-07-23, 09:45:25 Derived calculations done
INFO:Benchmark suite:2024-07-23, 09:45:25 Benchmarks for the generation speed, input length : 32, output_length : 16, nb_requests : 4 : DONE
INFO:Benchmark suite:2024-07-23, 09:45:25 Benchmarks for the generation speed, input length : 32, output_length : 16, nb_requests : 6
INFO:Benchmark for LLMs:2024-07-23, 09:45:25 Loading the dataset
INFO:Benchmark for LLMs:2024-07-23, 09:45:25 Beginning the requests to the completions endpoint
INFO:Benchmark for LLMs:2024-07-23, 09:45:35 100 queries have been completed
INFO:Benchmark for LLMs:2024-07-23, 09:45:43 200 queries have been completed
INFO:Benchmark for LLMs:2024-07-23, 09:45:50 300 queries have been completed
INFO:Benchmark for LLMs:2024-07-23, 09:45:58 400 queries have been completed
INFO:Benchmark for LLMs:2024-07-23, 09:46:06 500 queries have been completed
INFO:Benchmark for LLMs:2024-07-23, 09:46:13 600 queries have been completed
INFO:Benchmark for LLMs:2024-07-23, 09:46:21 700 queries have been completed
INFO:Benchmark for LLMs:2024-07-23, 09:46:29 800 queries have been completed
INFO:Benchmark for LLMs:2024-07-23, 09:46:37 900 queries have been completed
INFO:Benchmark for LLMs:2024-07-23, 09:46:45 1000 queries have been completed
INFO:Benchmark for LLMs:2024-07-23, 09:46:46 Requests to the completions endpoint done
INFO:Benchmark for LLMs:2024-07-23, 09:46:46 Derived calculations done
INFO:Benchmark suite:2024-07-23, 09:46:46 Benchmarks for the generation speed, input length : 32, output_length : 16, nb_requests : 6 : DONE
INFO:Benchmark suite:2024-07-23, 09:46:46 Benchmarks for the generation speed, input length : 32, output_length : 16, nb_requests : 8
INFO:Benchmark for LLMs:2024-07-23, 09:46:46 Loading the dataset
INFO:Benchmark for LLMs:2024-07-23, 09:46:46 Beginning the requests to the completions endpoint
INFO:Benchmark for LLMs:2024-07-23, 09:46:53 100 queries have been completed
INFO:Benchmark for LLMs:2024-07-23, 09:46:59 200 queries have been completed
INFO:Benchmark for LLMs:2024-07-23, 09:47:06 300 queries have been completed
INFO:Benchmark for LLMs:2024-07-23, 09:47:11 400 queries have been completed
INFO:Benchmark for LLMs:2024-07-23, 09:47:18 500 queries have been completed
INFO:Benchmark for LLMs:2024-07-23, 09:47:23 600 queries have been completed
INFO:Benchmark for LLMs:2024-07-23, 09:47:30 700 queries have been completed
INFO:Benchmark for LLMs:2024-07-23, 09:47:36 800 queries have been completed
INFO:Benchmark for LLMs:2024-07-23, 09:47:42 900 queries have been completed
INFO:Benchmark for LLMs:2024-07-23, 09:47:48 1000 queries have been completed
INFO:Benchmark for LLMs:2024-07-23, 09:47:49 Requests to the completions endpoint done
INFO:Benchmark for LLMs:2024-07-23, 09:47:49 Derived calculations done
INFO:Benchmark suite:2024-07-23, 09:47:49 Benchmarks for the generation speed, input length : 32, output_length : 16, nb_requests : 8 : DONE
INFO:Benchmark suite:2024-07-23, 09:47:49 Benchmarks for the generation speed, input length : 32, output_length : 16, nb_requests : 10
INFO:Benchmark for LLMs:2024-07-23, 09:47:49 Loading the dataset
INFO:Benchmark for LLMs:2024-07-23, 09:47:49 Beginning the requests to the completions endpoint
INFO:Benchmark for LLMs:2024-07-23, 09:47:55 100 queries have been completed
INFO:Benchmark for LLMs:2024-07-23, 09:48:01 200 queries have been completed
INFO:Benchmark for LLMs:2024-07-23, 09:48:06 300 queries have been completed
INFO:Benchmark for LLMs:2024-07-23, 09:48:11 400 queries have been completed
INFO:Benchmark for LLMs:2024-07-23, 09:48:17 500 queries have been completed
INFO:Benchmark for LLMs:2024-07-23, 09:48:22 600 queries have been completed
INFO:Benchmark for LLMs:2024-07-23, 09:48:28 700 queries have been completed
INFO:Benchmark for LLMs:2024-07-23, 09:48:33 800 queries have been completed
INFO:Benchmark for LLMs:2024-07-23, 09:48:38 900 queries have been completed
INFO:Benchmark for LLMs:2024-07-23, 09:48:43 1000 queries have been completed
INFO:Benchmark for LLMs:2024-07-23, 09:48:44 Requests to the completions endpoint done
INFO:Benchmark for LLMs:2024-07-23, 09:48:45 Derived calculations done
INFO:Benchmark suite:2024-07-23, 09:48:45 Benchmarks for the generation speed, input length : 32, output_length : 16, nb_requests : 10 : DONE
INFO:Benchmark suite:2024-07-23, 09:48:45 Benchmarks for the generation speed, input length : 32, output_length : 16, nb_requests : 14
INFO:Benchmark for LLMs:2024-07-23, 09:48:45 Loading the dataset
INFO:Benchmark for LLMs:2024-07-23, 09:48:45 Beginning the requests to the completions endpoint
INFO:Benchmark for LLMs:2024-07-23, 09:48:50 100 queries have been completed
INFO:Benchmark for LLMs:2024-07-23, 09:48:54 200 queries have been completed
INFO:Benchmark for LLMs:2024-07-23, 09:48:58 300 queries have been completed
INFO:Benchmark for LLMs:2024-07-23, 09:49:02 400 queries have been completed
INFO:Benchmark for LLMs:2024-07-23, 09:49:07 500 queries have been completed
INFO:Benchmark for LLMs:2024-07-23, 09:49:11 600 queries have been completed
INFO:Benchmark for LLMs:2024-07-23, 09:49:15 700 queries have been completed
INFO:Benchmark for LLMs:2024-07-23, 09:49:20 800 queries have been completed
INFO:Benchmark for LLMs:2024-07-23, 09:49:24 900 queries have been completed
INFO:Benchmark for LLMs:2024-07-23, 09:49:28 1000 queries have been completed
INFO:Benchmark for LLMs:2024-07-23, 09:49:29 Requests to the completions endpoint done
INFO:Benchmark for LLMs:2024-07-23, 09:49:29 Derived calculations done
INFO:Benchmark suite:2024-07-23, 09:49:29 Benchmarks for the generation speed, input length : 32, output_length : 16, nb_requests : 14 : DONE
INFO:Benchmark suite:2024-07-23, 09:49:29 Benchmarks for the generation speed, input length : 32, output_length : 16, nb_requests : 18
INFO:Benchmark for LLMs:2024-07-23, 09:49:29 Loading the dataset
INFO:Benchmark for LLMs:2024-07-23, 09:49:29 Beginning the requests to the completions endpoint
INFO:Benchmark for LLMs:2024-07-23, 09:49:34 100 queries have been completed
INFO:Benchmark for LLMs:2024-07-23, 09:49:38 200 queries have been completed
INFO:Benchmark for LLMs:2024-07-23, 09:49:41 300 queries have been completed
INFO:Benchmark for LLMs:2024-07-23, 09:49:45 400 queries have been completed
INFO:Benchmark for LLMs:2024-07-23, 09:49:49 500 queries have been completed
INFO:Benchmark for LLMs:2024-07-23, 09:49:53 600 queries have been completed
INFO:Benchmark for LLMs:2024-07-23, 09:49:56 700 queries have been completed
INFO:Benchmark for LLMs:2024-07-23, 09:50:00 800 queries have been completed
INFO:Benchmark for LLMs:2024-07-23, 09:50:04 900 queries have been completed
INFO:Benchmark for LLMs:2024-07-23, 09:50:08 1000 queries have been completed
INFO:Benchmark for LLMs:2024-07-23, 09:50:09 Requests to the completions endpoint done
INFO:Benchmark for LLMs:2024-07-23, 09:50:09 Derived calculations done
INFO:Benchmark suite:2024-07-23, 09:50:09 Benchmarks for the generation speed, input length : 32, output_length : 16, nb_requests : 18 : DONE
INFO:Benchmark suite:2024-07-23, 09:50:09 Benchmarks for the generation speed, input length : 32, output_length : 16, nb_requests : 22
INFO:Benchmark for LLMs:2024-07-23, 09:50:09 Loading the dataset
INFO:Benchmark for LLMs:2024-07-23, 09:50:09 Beginning the requests to the completions endpoint
INFO:Benchmark for LLMs:2024-07-23, 09:50:14 100 queries have been completed
INFO:Benchmark for LLMs:2024-07-23, 09:50:17 200 queries have been completed
INFO:Benchmark for LLMs:2024-07-23, 09:50:20 300 queries have been completed
INFO:Benchmark for LLMs:2024-07-23, 09:50:24 400 queries have been completed
INFO:Benchmark for LLMs:2024-07-23, 09:50:27 500 queries have been completed
INFO:Benchmark for LLMs:2024-07-23, 09:50:30 600 queries have been completed
INFO:Benchmark for LLMs:2024-07-23, 09:50:33 700 queries have been completed
INFO:Benchmark for LLMs:2024-07-23, 09:50:37 800 queries have been completed
INFO:Benchmark for LLMs:2024-07-23, 09:50:40 900 queries have been completed
INFO:Benchmark for LLMs:2024-07-23, 09:50:43 1000 queries have been completed
INFO:Benchmark for LLMs:2024-07-23, 09:50:44 Requests to the completions endpoint done
INFO:Benchmark for LLMs:2024-07-23, 09:50:44 Derived calculations done
INFO:Benchmark suite:2024-07-23, 09:50:44 Benchmarks for the generation speed, input length : 32, output_length : 16, nb_requests : 22 : DONE
INFO:Benchmark suite:2024-07-23, 09:50:44 Benchmarks for the generation speed, input length : 32, output_length : 16, nb_requests : 26
INFO:Benchmark for LLMs:2024-07-23, 09:50:44 Loading the dataset
INFO:Benchmark for LLMs:2024-07-23, 09:50:44 Beginning the requests to the completions endpoint
INFO:Benchmark for LLMs:2024-07-23, 09:50:49 100 queries have been completed
INFO:Benchmark for LLMs:2024-07-23, 09:50:52 200 queries have been completed
INFO:Benchmark for LLMs:2024-07-23, 09:50:55 300 queries have been completed
INFO:Benchmark for LLMs:2024-07-23, 09:50:59 400 queries have been completed
INFO:Benchmark for LLMs:2024-07-23, 09:51:02 500 queries have been completed
INFO:Benchmark for LLMs:2024-07-23, 09:51:06 600 queries have been completed
INFO:Benchmark for LLMs:2024-07-23, 09:51:08 700 queries have been completed
INFO:Benchmark for LLMs:2024-07-23, 09:51:11 800 queries have been completed
INFO:Benchmark for LLMs:2024-07-23, 09:51:14 900 queries have been completed
INFO:Benchmark for LLMs:2024-07-23, 09:51:17 1000 queries have been completed
INFO:Benchmark for LLMs:2024-07-23, 09:51:18 Requests to the completions endpoint done
INFO:Benchmark for LLMs:2024-07-23, 09:51:18 Derived calculations done
INFO:Benchmark suite:2024-07-23, 09:51:18 Benchmarks for the generation speed, input length : 32, output_length : 16, nb_requests : 26 : DONE
INFO:Benchmark suite:2024-07-23, 09:51:18 Benchmarks for the generation speed, input length : 32, output_length : 16, nb_requests : 30
INFO:Benchmark for LLMs:2024-07-23, 09:51:18 Loading the dataset
INFO:Benchmark for LLMs:2024-07-23, 09:51:18 Beginning the requests to the completions endpoint
INFO:Benchmark for LLMs:2024-07-23, 09:51:23 100 queries have been completed
INFO:Benchmark for LLMs:2024-07-23, 09:51:26 200 queries have been completed
INFO:Benchmark for LLMs:2024-07-23, 09:51:28 300 queries have been completed
INFO:Benchmark for LLMs:2024-07-23, 09:51:32 400 queries have been completed
INFO:Benchmark for LLMs:2024-07-23, 09:51:34 500 queries have been completed
INFO:Benchmark for LLMs:2024-07-23, 09:51:37 600 queries have been completed
INFO:Benchmark for LLMs:2024-07-23, 09:51:40 700 queries have been completed
INFO:Benchmark for LLMs:2024-07-23, 09:51:43 800 queries have been completed
INFO:Benchmark for LLMs:2024-07-23, 09:51:45 900 queries have been completed
INFO:Benchmark for LLMs:2024-07-23, 09:51:48 1000 queries have been completed
INFO:Benchmark for LLMs:2024-07-23, 09:51:49 Requests to the completions endpoint done
INFO:Benchmark for LLMs:2024-07-23, 09:51:50 Derived calculations done
INFO:Benchmark suite:2024-07-23, 09:51:50 Benchmarks for the generation speed, input length : 32, output_length : 16, nb_requests : 30 : DONE
INFO:Benchmark suite:2024-07-23, 09:51:50 Benchmarks for the generation speed, input length : 32, output_length : 16, nb_requests : 34
INFO:Benchmark for LLMs:2024-07-23, 09:51:50 Loading the dataset
INFO:Benchmark for LLMs:2024-07-23, 09:51:50 Beginning the requests to the completions endpoint
INFO:Benchmark for LLMs:2024-07-23, 09:51:54 100 queries have been completed
INFO:Benchmark for LLMs:2024-07-23, 09:51:57 200 queries have been completed
INFO:Benchmark for LLMs:2024-07-23, 09:52:00 300 queries have been completed
INFO:Benchmark for LLMs:2024-07-23, 09:52:04 400 queries have been completed
INFO:Benchmark for LLMs:2024-07-23, 09:52:07 500 queries have been completed
INFO:Benchmark for LLMs:2024-07-23, 09:52:10 600 queries have been completed
INFO:Benchmark for LLMs:2024-07-23, 09:52:13 700 queries have been completed
INFO:Benchmark for LLMs:2024-07-23, 09:52:17 800 queries have been completed
INFO:Benchmark for LLMs:2024-07-23, 09:52:20 900 queries have been completed
INFO:Benchmark for LLMs:2024-07-23, 09:52:22 1000 queries have been completed
INFO:Benchmark for LLMs:2024-07-23, 09:52:23 Requests to the completions endpoint done
INFO:Benchmark for LLMs:2024-07-23, 09:52:23 Derived calculations done
INFO:Benchmark suite:2024-07-23, 09:52:23 Benchmarks for the generation speed, input length : 32, output_length : 16, nb_requests : 34 : DONE
INFO:Benchmark suite:2024-07-23, 09:52:23 Benchmarks for the generation speed, input length : 32, output_length : 16, nb_requests : 38
INFO:Benchmark for LLMs:2024-07-23, 09:52:23 Loading the dataset
INFO:Benchmark for LLMs:2024-07-23, 09:52:23 Beginning the requests to the completions endpoint
INFO:Benchmark for LLMs:2024-07-23, 09:52:28 100 queries have been completed
INFO:Benchmark for LLMs:2024-07-23, 09:52:31 200 queries have been completed
INFO:Benchmark for LLMs:2024-07-23, 09:52:33 300 queries have been completed
INFO:Benchmark for LLMs:2024-07-23, 09:52:37 400 queries have been completed
INFO:Benchmark for LLMs:2024-07-23, 09:52:40 500 queries have been completed
INFO:Benchmark for LLMs:2024-07-23, 09:52:43 600 queries have been completed
INFO:Benchmark for LLMs:2024-07-23, 09:52:46 700 queries have been completed
INFO:Benchmark for LLMs:2024-07-23, 09:52:49 800 queries have been completed
INFO:Benchmark for LLMs:2024-07-23, 09:52:52 900 queries have been completed
INFO:Benchmark for LLMs:2024-07-23, 09:52:54 1000 queries have been completed
INFO:Benchmark for LLMs:2024-07-23, 09:52:55 Requests to the completions endpoint done
INFO:Benchmark for LLMs:2024-07-23, 09:52:55 Derived calculations done
INFO:Benchmark suite:2024-07-23, 09:52:55 Benchmarks for the generation speed, input length : 32, output_length : 16, nb_requests : 38 : DONE
INFO:Benchmark suite:2024-07-23, 09:52:55 Benchmarks for the generation speed, input length : 32, output_length : 16 : DONE
INFO:Benchmark suite:2024-07-23, 09:52:55 Beginning the benchmarks for the generation speed, input length : 32, output_length : 128
INFO:Benchmark suite:2024-07-23, 09:52:55 Benchmarks for the generation speed, input length : 32, output_length : 128, nb_requests : 1
INFO:Benchmark for LLMs:2024-07-23, 09:52:55 Loading the dataset
INFO:Benchmark for LLMs:2024-07-23, 09:52:55 Beginning the requests to the completions endpoint
INFO:Benchmark for LLMs:2024-07-23, 09:56:53 100 queries have been completed
INFO:Benchmark for LLMs:2024-07-23, 09:58:04 Requests to the completions endpoint done
INFO:Benchmark for LLMs:2024-07-23, 09:58:04 Derived calculations done
INFO:Benchmark suite:2024-07-23, 09:58:04 Benchmarks for the generation speed, input length : 32, output_length : 128, nb_requests : 1 : DONE
INFO:Benchmark suite:2024-07-23, 09:58:04 Benchmarks for the generation speed, input length : 32, output_length : 128, nb_requests : 2
INFO:Benchmark for LLMs:2024-07-23, 09:58:04 Loading the dataset
INFO:Benchmark for LLMs:2024-07-23, 09:58:04 Beginning the requests to the completions endpoint
INFO:Benchmark for LLMs:2024-07-23, 10:00:24 100 queries have been completed
INFO:Benchmark for LLMs:2024-07-23, 10:02:43 200 queries have been completed
INFO:Benchmark for LLMs:2024-07-23, 10:03:11 Requests to the completions endpoint done
INFO:Benchmark for LLMs:2024-07-23, 10:03:11 Derived calculations done
INFO:Benchmark suite:2024-07-23, 10:03:11 Benchmarks for the generation speed, input length : 32, output_length : 128, nb_requests : 2 : DONE
INFO:Benchmark suite:2024-07-23, 10:03:11 Benchmarks for the generation speed, input length : 32, output_length : 128, nb_requests : 3
INFO:Benchmark for LLMs:2024-07-23, 10:03:11 Loading the dataset
INFO:Benchmark for LLMs:2024-07-23, 10:03:11 Beginning the requests to the completions endpoint
INFO:Benchmark for LLMs:2024-07-23, 10:04:48 100 queries have been completed
INFO:Benchmark for LLMs:2024-07-23, 10:06:21 200 queries have been completed
INFO:Benchmark for LLMs:2024-07-23, 10:07:54 300 queries have been completed
INFO:Benchmark for LLMs:2024-07-23, 10:08:20 Requests to the completions endpoint done
INFO:Benchmark for LLMs:2024-07-23, 10:08:20 Derived calculations done
INFO:Benchmark suite:2024-07-23, 10:08:20 Benchmarks for the generation speed, input length : 32, output_length : 128, nb_requests : 3 : DONE
INFO:Benchmark suite:2024-07-23, 10:08:20 Benchmarks for the generation speed, input length : 32, output_length : 128, nb_requests : 4
INFO:Benchmark for LLMs:2024-07-23, 10:08:20 Loading the dataset
INFO:Benchmark for LLMs:2024-07-23, 10:08:20 Beginning the requests to the completions endpoint
INFO:Benchmark for LLMs:2024-07-23, 10:09:32 100 queries have been completed
INFO:Benchmark for LLMs:2024-07-23, 10:10:43 200 queries have been completed
INFO:Benchmark for LLMs:2024-07-23, 10:11:54 300 queries have been completed
INFO:Benchmark for LLMs:2024-07-23, 10:13:04 400 queries have been completed
INFO:Benchmark for LLMs:2024-07-23, 10:13:30 Requests to the completions endpoint done
INFO:Benchmark for LLMs:2024-07-23, 10:13:30 Derived calculations done
INFO:Benchmark suite:2024-07-23, 10:13:30 Benchmarks for the generation speed, input length : 32, output_length : 128, nb_requests : 4 : DONE
INFO:Benchmark suite:2024-07-23, 10:13:30 Benchmarks for the generation speed, input length : 32, output_length : 128, nb_requests : 6
INFO:Benchmark for LLMs:2024-07-23, 10:13:30 Loading the dataset
INFO:Benchmark for LLMs:2024-07-23, 10:13:30 Beginning the requests to the completions endpoint
INFO:Benchmark for LLMs:2024-07-23, 10:14:20 100 queries have been completed
INFO:Benchmark for LLMs:2024-07-23, 10:15:08 200 queries have been completed
INFO:Benchmark for LLMs:2024-07-23, 10:15:54 300 queries have been completed
INFO:Benchmark for LLMs:2024-07-23, 10:16:43 400 queries have been completed
INFO:Benchmark for LLMs:2024-07-23, 10:17:32 500 queries have been completed
INFO:Benchmark for LLMs:2024-07-23, 10:18:18 600 queries have been completed
INFO:Benchmark for LLMs:2024-07-23, 10:18:39 Requests to the completions endpoint done
INFO:Benchmark for LLMs:2024-07-23, 10:18:39 Derived calculations done
INFO:Benchmark suite:2024-07-23, 10:18:39 Benchmarks for the generation speed, input length : 32, output_length : 128, nb_requests : 6 : DONE
INFO:Benchmark suite:2024-07-23, 10:18:39 Benchmarks for the generation speed, input length : 32, output_length : 128, nb_requests : 8
INFO:Benchmark for LLMs:2024-07-23, 10:18:39 Loading the dataset
INFO:Benchmark for LLMs:2024-07-23, 10:18:39 Beginning the requests to the completions endpoint
INFO:Benchmark for LLMs:2024-07-23, 10:19:18 100 queries have been completed
INFO:Benchmark for LLMs:2024-07-23, 10:19:52 200 queries have been completed
INFO:Benchmark for LLMs:2024-07-23, 10:20:30 300 queries have been completed
INFO:Benchmark for LLMs:2024-07-23, 10:21:05 400 queries have been completed
INFO:Benchmark for LLMs:2024-07-23, 10:21:42 500 queries have been completed
INFO:Benchmark for LLMs:2024-07-23, 10:22:17 600 queries have been completed
INFO:Benchmark for LLMs:2024-07-23, 10:22:54 700 queries have been completed
INFO:Benchmark for LLMs:2024-07-23, 10:23:29 800 queries have been completed
INFO:Benchmark for LLMs:2024-07-23, 10:23:47 Requests to the completions endpoint done
INFO:Benchmark for LLMs:2024-07-23, 10:23:47 Derived calculations done
INFO:Benchmark suite:2024-07-23, 10:23:47 Benchmarks for the generation speed, input length : 32, output_length : 128, nb_requests : 8 : DONE
INFO:Benchmark suite:2024-07-23, 10:23:47 Benchmarks for the generation speed, input length : 32, output_length : 128, nb_requests : 10
INFO:Benchmark for LLMs:2024-07-23, 10:23:47 Loading the dataset
INFO:Benchmark for LLMs:2024-07-23, 10:23:47 Beginning the requests to the completions endpoint
INFO:Benchmark for LLMs:2024-07-23, 10:24:20 100 queries have been completed
INFO:Benchmark for LLMs:2024-07-23, 10:24:52 200 queries have been completed
INFO:Benchmark for LLMs:2024-07-23, 10:25:23 300 queries have been completed
INFO:Benchmark for LLMs:2024-07-23, 10:25:55 400 queries have been completed
INFO:Benchmark for LLMs:2024-07-23, 10:26:27 500 queries have been completed
INFO:Benchmark for LLMs:2024-07-23, 10:26:59 600 queries have been completed
INFO:Benchmark for LLMs:2024-07-23, 10:27:31 700 queries have been completed
INFO:Benchmark for LLMs:2024-07-23, 10:28:03 800 queries have been completed
INFO:Benchmark for LLMs:2024-07-23, 10:28:35 900 queries have been completed
INFO:Benchmark for LLMs:2024-07-23, 10:28:58 Requests to the completions endpoint done
INFO:Benchmark for LLMs:2024-07-23, 10:28:58 Derived calculations done
INFO:Benchmark suite:2024-07-23, 10:28:58 Benchmarks for the generation speed, input length : 32, output_length : 128, nb_requests : 10 : DONE
INFO:Benchmark suite:2024-07-23, 10:28:58 Benchmarks for the generation speed, input length : 32, output_length : 128, nb_requests : 14
INFO:Benchmark for LLMs:2024-07-23, 10:28:58 Loading the dataset
INFO:Benchmark for LLMs:2024-07-23, 10:28:58 Beginning the requests to the completions endpoint
INFO:Benchmark for LLMs:2024-07-23, 10:29:26 100 queries have been completed
INFO:Benchmark for LLMs:2024-07-23, 10:29:49 200 queries have been completed
INFO:Benchmark for LLMs:2024-07-23, 10:30:13 300 queries have been completed
INFO:Benchmark for LLMs:2024-07-23, 10:30:36 400 queries have been completed
INFO:Benchmark for LLMs:2024-07-23, 10:31:01 500 queries have been completed
INFO:Benchmark for LLMs:2024-07-23, 10:31:24 600 queries have been completed
INFO:Benchmark for LLMs:2024-07-23, 10:31:48 700 queries have been completed
INFO:Benchmark for LLMs:2024-07-23, 10:32:15 800 queries have been completed
INFO:Benchmark for LLMs:2024-07-23, 10:32:38 900 queries have been completed
INFO:Benchmark for LLMs:2024-07-23, 10:33:02 1000 queries have been completed
INFO:Benchmark for LLMs:2024-07-23, 10:33:03 Requests to the completions endpoint done
INFO:Benchmark for LLMs:2024-07-23, 10:33:03 Derived calculations done
INFO:Benchmark suite:2024-07-23, 10:33:03 Benchmarks for the generation speed, input length : 32, output_length : 128, nb_requests : 14 : DONE
INFO:Benchmark suite:2024-07-23, 10:33:03 Benchmarks for the generation speed, input length : 32, output_length : 128, nb_requests : 18
INFO:Benchmark for LLMs:2024-07-23, 10:33:03 Loading the dataset
INFO:Benchmark for LLMs:2024-07-23, 10:33:03 Beginning the requests to the completions endpoint
INFO:Benchmark for LLMs:2024-07-23, 10:33:27 100 queries have been completed
INFO:Benchmark for LLMs:2024-07-23, 10:33:51 200 queries have been completed
INFO:Benchmark for LLMs:2024-07-23, 10:34:11 300 queries have been completed
INFO:Benchmark for LLMs:2024-07-23, 10:34:33 400 queries have been completed
INFO:Benchmark for LLMs:2024-07-23, 10:34:52 500 queries have been completed
INFO:Benchmark for LLMs:2024-07-23, 10:35:15 600 queries have been completed
INFO:Benchmark for LLMs:2024-07-23, 10:35:34 700 queries have been completed
INFO:Benchmark for LLMs:2024-07-23, 10:35:58 800 queries have been completed
INFO:Benchmark for LLMs:2024-07-23, 10:36:17 900 queries have been completed
INFO:Benchmark for LLMs:2024-07-23, 10:36:40 1000 queries have been completed
INFO:Benchmark for LLMs:2024-07-23, 10:36:41 Requests to the completions endpoint done
INFO:Benchmark for LLMs:2024-07-23, 10:36:41 Derived calculations done
INFO:Benchmark suite:2024-07-23, 10:36:41 Benchmarks for the generation speed, input length : 32, output_length : 128, nb_requests : 18 : DONE
INFO:Benchmark suite:2024-07-23, 10:36:41 Benchmarks for the generation speed, input length : 32, output_length : 128, nb_requests : 22
INFO:Benchmark for LLMs:2024-07-23, 10:36:41 Loading the dataset
INFO:Benchmark for LLMs:2024-07-23, 10:36:41 Beginning the requests to the completions endpoint
INFO:Benchmark for LLMs:2024-07-23, 10:37:02 100 queries have been completed
INFO:Benchmark for LLMs:2024-07-23, 10:37:22 200 queries have been completed
INFO:Benchmark for LLMs:2024-07-23, 10:37:38 300 queries have been completed
INFO:Benchmark for LLMs:2024-07-23, 10:37:58 400 queries have been completed
INFO:Benchmark for LLMs:2024-07-23, 10:38:15 500 queries have been completed
INFO:Benchmark for LLMs:2024-07-23, 10:38:35 600 queries have been completed
INFO:Benchmark for LLMs:2024-07-23, 10:38:50 700 queries have been completed
INFO:Benchmark for LLMs:2024-07-23, 10:39:11 800 queries have been completed
INFO:Benchmark for LLMs:2024-07-23, 10:39:27 900 queries have been completed
INFO:Benchmark for LLMs:2024-07-23, 10:39:46 1000 queries have been completed
INFO:Benchmark for LLMs:2024-07-23, 10:39:47 Requests to the completions endpoint done
INFO:Benchmark for LLMs:2024-07-23, 10:39:47 Derived calculations done
INFO:Benchmark suite:2024-07-23, 10:39:47 Benchmarks for the generation speed, input length : 32, output_length : 128, nb_requests : 22 : DONE
INFO:Benchmark suite:2024-07-23, 10:39:47 Benchmarks for the generation speed, input length : 32, output_length : 128, nb_requests : 26
INFO:Benchmark for LLMs:2024-07-23, 10:39:47 Loading the dataset
INFO:Benchmark for LLMs:2024-07-23, 10:39:47 Beginning the requests to the completions endpoint
INFO:Benchmark for LLMs:2024-07-23, 10:40:06 100 queries have been completed
INFO:Benchmark for LLMs:2024-07-23, 10:40:23 200 queries have been completed
INFO:Benchmark for LLMs:2024-07-23, 10:40:40 300 queries have been completed
INFO:Benchmark for LLMs:2024-07-23, 10:40:58 400 queries have been completed
INFO:Benchmark for LLMs:2024-07-23, 10:41:14 500 queries have been completed
INFO:Benchmark for LLMs:2024-07-23, 10:41:32 600 queries have been completed
INFO:Benchmark for LLMs:2024-07-23, 10:41:44 700 queries have been completed
INFO:Benchmark for LLMs:2024-07-23, 10:42:01 800 queries have been completed
INFO:Benchmark for LLMs:2024-07-23, 10:42:19 900 queries have been completed
INFO:Benchmark for LLMs:2024-07-23, 10:42:35 1000 queries have been completed
INFO:Benchmark for LLMs:2024-07-23, 10:42:36 Requests to the completions endpoint done
INFO:Benchmark for LLMs:2024-07-23, 10:42:36 Derived calculations done
INFO:Benchmark suite:2024-07-23, 10:42:36 Benchmarks for the generation speed, input length : 32, output_length : 128, nb_requests : 26 : DONE
INFO:Benchmark suite:2024-07-23, 10:42:36 Benchmarks for the generation speed, input length : 32, output_length : 128, nb_requests : 30
INFO:Benchmark for LLMs:2024-07-23, 10:42:36 Loading the dataset
INFO:Benchmark for LLMs:2024-07-23, 10:42:36 Beginning the requests to the completions endpoint
INFO:Benchmark for LLMs:2024-07-23, 10:42:55 100 queries have been completed
INFO:Benchmark for LLMs:2024-07-23, 10:43:09 200 queries have been completed
INFO:Benchmark for LLMs:2024-07-23, 10:43:23 300 queries have been completed
INFO:Benchmark for LLMs:2024-07-23, 10:43:41 400 queries have been completed
INFO:Benchmark for LLMs:2024-07-23, 10:43:54 500 queries have been completed
INFO:Benchmark for LLMs:2024-07-23, 10:44:07 600 queries have been completed
INFO:Benchmark for LLMs:2024-07-23, 10:44:26 700 queries have been completed
INFO:Benchmark for LLMs:2024-07-23, 10:44:39 800 queries have been completed
INFO:Benchmark for LLMs:2024-07-23, 10:44:52 900 queries have been completed
INFO:Benchmark for LLMs:2024-07-23, 10:45:09 1000 queries have been completed
INFO:Benchmark for LLMs:2024-07-23, 10:45:10 Requests to the completions endpoint done
INFO:Benchmark for LLMs:2024-07-23, 10:45:10 Derived calculations done
INFO:Benchmark suite:2024-07-23, 10:45:10 Benchmarks for the generation speed, input length : 32, output_length : 128, nb_requests : 30 : DONE
INFO:Benchmark suite:2024-07-23, 10:45:10 Benchmarks for the generation speed, input length : 32, output_length : 128, nb_requests : 34
INFO:Benchmark for LLMs:2024-07-23, 10:45:10 Loading the dataset
INFO:Benchmark for LLMs:2024-07-23, 10:45:10 Beginning the requests to the completions endpoint
INFO:Benchmark for LLMs:2024-07-23, 10:45:28 100 queries have been completed
INFO:Benchmark for LLMs:2024-07-23, 10:45:46 200 queries have been completed
INFO:Benchmark for LLMs:2024-07-23, 10:46:03 300 queries have been completed
INFO:Benchmark for LLMs:2024-07-23, 10:46:20 400 queries have been completed
INFO:Benchmark for LLMs:2024-07-23, 10:46:37 500 queries have been completed
INFO:Benchmark for LLMs:2024-07-23, 10:46:54 600 queries have been completed
INFO:Benchmark for LLMs:2024-07-23, 10:47:12 700 queries have been completed
INFO:Benchmark for LLMs:2024-07-23, 10:47:30 800 queries have been completed
INFO:Benchmark for LLMs:2024-07-23, 10:47:47 900 queries have been completed
INFO:Benchmark for LLMs:2024-07-23, 10:48:02 1000 queries have been completed
INFO:Benchmark for LLMs:2024-07-23, 10:48:03 Requests to the completions endpoint done
INFO:Benchmark for LLMs:2024-07-23, 10:48:03 Derived calculations done
INFO:Benchmark suite:2024-07-23, 10:48:03 Benchmarks for the generation speed, input length : 32, output_length : 128, nb_requests : 34 : DONE
INFO:Benchmark suite:2024-07-23, 10:48:03 Benchmarks for the generation speed, input length : 32, output_length : 128, nb_requests : 38
INFO:Benchmark for LLMs:2024-07-23, 10:48:03 Loading the dataset
INFO:Benchmark for LLMs:2024-07-23, 10:48:03 Beginning the requests to the completions endpoint
INFO:Benchmark for LLMs:2024-07-23, 10:48:23 100 queries have been completed
INFO:Benchmark for LLMs:2024-07-23, 10:48:41 200 queries have been completed
INFO:Benchmark for LLMs:2024-07-23, 10:48:52 300 queries have been completed
INFO:Benchmark for LLMs:2024-07-23, 10:49:10 400 queries have been completed
INFO:Benchmark for LLMs:2024-07-23, 10:49:28 500 queries have been completed
INFO:Benchmark for LLMs:2024-07-23, 10:49:40 600 queries have been completed
INFO:Benchmark for LLMs:2024-07-23, 10:49:57 700 queries have been completed
INFO:Benchmark for LLMs:2024-07-23, 10:50:15 800 queries have been completed
INFO:Benchmark for LLMs:2024-07-23, 10:50:27 900 queries have been completed
INFO:Benchmark for LLMs:2024-07-23, 10:50:42 1000 queries have been completed
INFO:Benchmark for LLMs:2024-07-23, 10:50:44 Requests to the completions endpoint done
INFO:Benchmark for LLMs:2024-07-23, 10:50:44 Derived calculations done
INFO:Benchmark suite:2024-07-23, 10:50:44 Benchmarks for the generation speed, input length : 32, output_length : 128, nb_requests : 38 : DONE
INFO:Benchmark suite:2024-07-23, 10:50:44 Benchmarks for the generation speed, input length : 32, output_length : 128 : DONE
INFO:Benchmark suite:2024-07-23, 10:50:44 Beginning the benchmarks for the generation speed, input length : 32, output_length : 1024
INFO:Benchmark suite:2024-07-23, 10:50:44 Benchmarks for the generation speed, input length : 32, output_length : 1024, nb_requests : 1
INFO:Benchmark for LLMs:2024-07-23, 10:50:44 Loading the dataset
INFO:Benchmark for LLMs:2024-07-23, 10:50:44 Beginning the requests to the completions endpoint
INFO:Benchmark for LLMs:2024-07-23, 11:09:50 Requests to the completions endpoint done
INFO:Benchmark for LLMs:2024-07-23, 11:09:50 Derived calculations done
INFO:Benchmark suite:2024-07-23, 11:09:50 Benchmarks for the generation speed, input length : 32, output_length : 1024, nb_requests : 1 : DONE
INFO:Benchmark suite:2024-07-23, 11:09:50 Benchmarks for the generation speed, input length : 32, output_length : 1024, nb_requests : 2
INFO:Benchmark for LLMs:2024-07-23, 11:09:50 Loading the dataset
INFO:Benchmark for LLMs:2024-07-23, 11:09:50 Beginning the requests to the completions endpoint
INFO:Benchmark for LLMs:2024-07-23, 11:20:44 Requests to the completions endpoint done
INFO:Benchmark for LLMs:2024-07-23, 11:20:44 Derived calculations done
INFO:Benchmark suite:2024-07-23, 11:20:44 Benchmarks for the generation speed, input length : 32, output_length : 1024, nb_requests : 2 : DONE
INFO:Benchmark suite:2024-07-23, 11:20:44 Benchmarks for the generation speed, input length : 32, output_length : 1024, nb_requests : 3
INFO:Benchmark for LLMs:2024-07-23, 11:20:44 Loading the dataset
INFO:Benchmark for LLMs:2024-07-23, 11:20:44 Beginning the requests to the completions endpoint
INFO:Benchmark for LLMs:2024-07-23, 11:28:03 Requests to the completions endpoint done
INFO:Benchmark for LLMs:2024-07-23, 11:28:03 Derived calculations done
INFO:Benchmark suite:2024-07-23, 11:28:03 Benchmarks for the generation speed, input length : 32, output_length : 1024, nb_requests : 3 : DONE
INFO:Benchmark suite:2024-07-23, 11:28:03 Benchmarks for the generation speed, input length : 32, output_length : 1024, nb_requests : 4
INFO:Benchmark for LLMs:2024-07-23, 11:28:03 Loading the dataset
INFO:Benchmark for LLMs:2024-07-23, 11:28:03 Beginning the requests to the completions endpoint
INFO:Benchmark for LLMs:2024-07-23, 11:33:54 Requests to the completions endpoint done
INFO:Benchmark for LLMs:2024-07-23, 11:33:54 Derived calculations done
INFO:Benchmark suite:2024-07-23, 11:33:54 Benchmarks for the generation speed, input length : 32, output_length : 1024, nb_requests : 4 : DONE
INFO:Benchmark suite:2024-07-23, 11:33:54 Benchmarks for the generation speed, input length : 32, output_length : 1024, nb_requests : 6
INFO:Benchmark for LLMs:2024-07-23, 11:33:54 Loading the dataset
INFO:Benchmark for LLMs:2024-07-23, 11:33:54 Beginning the requests to the completions endpoint
INFO:Benchmark for LLMs:2024-07-23, 11:39:51 Requests to the completions endpoint done
INFO:Benchmark for LLMs:2024-07-23, 11:39:51 Derived calculations done
INFO:Benchmark suite:2024-07-23, 11:39:51 Benchmarks for the generation speed, input length : 32, output_length : 1024, nb_requests : 6 : DONE
INFO:Benchmark suite:2024-07-23, 11:39:51 Benchmarks for the generation speed, input length : 32, output_length : 1024, nb_requests : 8
INFO:Benchmark for LLMs:2024-07-23, 11:39:51 Loading the dataset
INFO:Benchmark for LLMs:2024-07-23, 11:39:51 Beginning the requests to the completions endpoint
INFO:Benchmark for LLMs:2024-07-23, 11:44:56 100 queries have been completed
INFO:Benchmark for LLMs:2024-07-23, 11:45:39 Requests to the completions endpoint done
INFO:Benchmark for LLMs:2024-07-23, 11:45:39 Derived calculations done
INFO:Benchmark suite:2024-07-23, 11:45:39 Benchmarks for the generation speed, input length : 32, output_length : 1024, nb_requests : 8 : DONE
INFO:Benchmark suite:2024-07-23, 11:45:39 Benchmarks for the generation speed, input length : 32, output_length : 1024, nb_requests : 10
INFO:Benchmark for LLMs:2024-07-23, 11:45:39 Loading the dataset
INFO:Benchmark for LLMs:2024-07-23, 11:45:39 Beginning the requests to the completions endpoint
INFO:Benchmark for LLMs:2024-07-23, 11:50:02 100 queries have been completed
INFO:Benchmark for LLMs:2024-07-23, 11:51:39 Requests to the completions endpoint done
INFO:Benchmark for LLMs:2024-07-23, 11:51:39 Derived calculations done
INFO:Benchmark suite:2024-07-23, 11:51:39 Benchmarks for the generation speed, input length : 32, output_length : 1024, nb_requests : 10 : DONE
INFO:Benchmark suite:2024-07-23, 11:51:39 Benchmarks for the generation speed, input length : 32, output_length : 1024, nb_requests : 14
INFO:Benchmark for LLMs:2024-07-23, 11:51:39 Loading the dataset
INFO:Benchmark for LLMs:2024-07-23, 11:51:39 Beginning the requests to the completions endpoint
INFO:Benchmark for LLMs:2024-07-23, 11:55:24 100 queries have been completed
INFO:Benchmark for LLMs:2024-07-23, 11:57:34 Requests to the completions endpoint done
INFO:Benchmark for LLMs:2024-07-23, 11:57:34 Derived calculations done
INFO:Benchmark suite:2024-07-23, 11:57:34 Benchmarks for the generation speed, input length : 32, output_length : 1024, nb_requests : 14 : DONE
INFO:Benchmark suite:2024-07-23, 11:57:34 Benchmarks for the generation speed, input length : 32, output_length : 1024, nb_requests : 18
INFO:Benchmark for LLMs:2024-07-23, 11:57:34 Loading the dataset
INFO:Benchmark for LLMs:2024-07-23, 11:57:34 Beginning the requests to the completions endpoint
INFO:Benchmark for LLMs:2024-07-23, 12:00:45 100 queries have been completed
INFO:Benchmark for LLMs:2024-07-23, 12:03:40 Requests to the completions endpoint done
INFO:Benchmark for LLMs:2024-07-23, 12:03:40 Derived calculations done
INFO:Benchmark suite:2024-07-23, 12:03:40 Benchmarks for the generation speed, input length : 32, output_length : 1024, nb_requests : 18 : DONE
INFO:Benchmark suite:2024-07-23, 12:03:40 Benchmarks for the generation speed, input length : 32, output_length : 1024, nb_requests : 22
INFO:Benchmark for LLMs:2024-07-23, 12:03:40 Loading the dataset
INFO:Benchmark for LLMs:2024-07-23, 12:03:40 Beginning the requests to the completions endpoint
INFO:Benchmark for LLMs:2024-07-23, 12:06:27 100 queries have been completed
INFO:Benchmark for LLMs:2024-07-23, 12:09:13 200 queries have been completed
INFO:Benchmark for LLMs:2024-07-23, 12:10:05 Requests to the completions endpoint done
INFO:Benchmark for LLMs:2024-07-23, 12:10:05 Derived calculations done
INFO:Benchmark suite:2024-07-23, 12:10:05 Benchmarks for the generation speed, input length : 32, output_length : 1024, nb_requests : 22 : DONE
INFO:Benchmark suite:2024-07-23, 12:10:05 Benchmarks for the generation speed, input length : 32, output_length : 1024, nb_requests : 26
INFO:Benchmark for LLMs:2024-07-23, 12:10:05 Loading the dataset
INFO:Benchmark for LLMs:2024-07-23, 12:10:05 Beginning the requests to the completions endpoint
INFO:Benchmark for LLMs:2024-07-23, 12:12:31 100 queries have been completed
INFO:Benchmark for LLMs:2024-07-23, 12:14:55 200 queries have been completed
INFO:Benchmark for LLMs:2024-07-23, 12:16:27 Requests to the completions endpoint done
INFO:Benchmark for LLMs:2024-07-23, 12:16:27 Derived calculations done
INFO:Benchmark suite:2024-07-23, 12:16:27 Benchmarks for the generation speed, input length : 32, output_length : 1024, nb_requests : 26 : DONE
INFO:Benchmark suite:2024-07-23, 12:16:27 Benchmarks for the generation speed, input length : 32, output_length : 1024, nb_requests : 30
INFO:Benchmark for LLMs:2024-07-23, 12:16:27 Loading the dataset
INFO:Benchmark for LLMs:2024-07-23, 12:16:27 Beginning the requests to the completions endpoint
INFO:Benchmark for LLMs:2024-07-23, 12:18:59 100 queries have been completed
INFO:Benchmark for LLMs:2024-07-23, 12:20:52 200 queries have been completed
INFO:Benchmark for LLMs:2024-07-23, 12:22:28 Requests to the completions endpoint done
INFO:Benchmark for LLMs:2024-07-23, 12:22:28 Derived calculations done
INFO:Benchmark suite:2024-07-23, 12:22:28 Benchmarks for the generation speed, input length : 32, output_length : 1024, nb_requests : 30 : DONE
INFO:Benchmark suite:2024-07-23, 12:22:28 Benchmarks for the generation speed, input length : 32, output_length : 1024, nb_requests : 34
INFO:Benchmark for LLMs:2024-07-23, 12:22:28 Loading the dataset
INFO:Benchmark for LLMs:2024-07-23, 12:22:28 Beginning the requests to the completions endpoint
INFO:Benchmark for LLMs:2024-07-23, 12:24:58 100 queries have been completed
INFO:Benchmark for LLMs:2024-07-23, 12:27:26 200 queries have been completed
INFO:Benchmark for LLMs:2024-07-23, 12:29:24 Requests to the completions endpoint done
INFO:Benchmark for LLMs:2024-07-23, 12:29:25 Derived calculations done
INFO:Benchmark suite:2024-07-23, 12:29:25 Benchmarks for the generation speed, input length : 32, output_length : 1024, nb_requests : 34 : DONE
INFO:Benchmark suite:2024-07-23, 12:29:25 Benchmarks for the generation speed, input length : 32, output_length : 1024, nb_requests : 38
INFO:Benchmark for LLMs:2024-07-23, 12:29:25 Loading the dataset
INFO:Benchmark for LLMs:2024-07-23, 12:29:25 Beginning the requests to the completions endpoint
INFO:Benchmark for LLMs:2024-07-23, 12:31:59 100 queries have been completed
INFO:Benchmark for LLMs:2024-07-23, 12:34:34 200 queries have been completed
INFO:Benchmark for LLMs:2024-07-23, 12:35:44 Requests to the completions endpoint done
INFO:Benchmark for LLMs:2024-07-23, 12:35:44 Derived calculations done
INFO:Benchmark suite:2024-07-23, 12:35:44 Benchmarks for the generation speed, input length : 32, output_length : 1024, nb_requests : 38 : DONE
INFO:Benchmark suite:2024-07-23, 12:35:44 Benchmarks for the generation speed, input length : 32, output_length : 1024 : DONE
INFO:Benchmark suite:2024-07-23, 12:35:44 Beginning the benchmarks for the generation speed, input length : 1024, output_length : 16
INFO:Benchmark suite:2024-07-23, 12:35:44 Benchmarks for the generation speed, input length : 1024, output_length : 16, nb_requests : 1
INFO:Benchmark for LLMs:2024-07-23, 12:35:44 Loading the dataset
INFO:Benchmark for LLMs:2024-07-23, 12:35:44 Beginning the requests to the completions endpoint
INFO:Benchmark for LLMs:2024-07-23, 12:36:34 100 queries have been completed
INFO:Benchmark for LLMs:2024-07-23, 12:37:24 200 queries have been completed
INFO:Benchmark for LLMs:2024-07-23, 12:38:14 300 queries have been completed
INFO:Benchmark for LLMs:2024-07-23, 12:39:03 400 queries have been completed
INFO:Benchmark for LLMs:2024-07-23, 12:39:53 500 queries have been completed
INFO:Benchmark for LLMs:2024-07-23, 12:40:42 600 queries have been completed
INFO:Benchmark for LLMs:2024-07-23, 12:40:47 Requests to the completions endpoint done
INFO:Benchmark for LLMs:2024-07-23, 12:40:47 Derived calculations done
INFO:Benchmark suite:2024-07-23, 12:40:47 Benchmarks for the generation speed, input length : 1024, output_length : 16, nb_requests : 1 : DONE
INFO:Benchmark suite:2024-07-23, 12:40:47 Benchmarks for the generation speed, input length : 1024, output_length : 16, nb_requests : 2
INFO:Benchmark for LLMs:2024-07-23, 12:40:47 Loading the dataset
INFO:Benchmark for LLMs:2024-07-23, 12:40:47 Beginning the requests to the completions endpoint
INFO:Benchmark for LLMs:2024-07-23, 12:41:25 100 queries have been completed
INFO:Benchmark for LLMs:2024-07-23, 12:42:01 200 queries have been completed
INFO:Benchmark for LLMs:2024-07-23, 12:42:38 300 queries have been completed
INFO:Benchmark for LLMs:2024-07-23, 12:43:14 400 queries have been completed
INFO:Benchmark for LLMs:2024-07-23, 12:43:50 500 queries have been completed
INFO:Benchmark for LLMs:2024-07-23, 12:44:26 600 queries have been completed
INFO:Benchmark for LLMs:2024-07-23, 12:45:03 700 queries have been completed
INFO:Benchmark for LLMs:2024-07-23, 12:45:39 800 queries have been completed
INFO:Benchmark for LLMs:2024-07-23, 12:45:51 Requests to the completions endpoint done
INFO:Benchmark for LLMs:2024-07-23, 12:45:51 Derived calculations done
INFO:Benchmark suite:2024-07-23, 12:45:51 Benchmarks for the generation speed, input length : 1024, output_length : 16, nb_requests : 2 : DONE
INFO:Benchmark suite:2024-07-23, 12:45:51 Benchmarks for the generation speed, input length : 1024, output_length : 16, nb_requests : 3
INFO:Benchmark for LLMs:2024-07-23, 12:45:51 Loading the dataset
INFO:Benchmark for LLMs:2024-07-23, 12:45:51 Beginning the requests to the completions endpoint
INFO:Benchmark for LLMs:2024-07-23, 12:46:23 100 queries have been completed
INFO:Benchmark for LLMs:2024-07-23, 12:46:53 200 queries have been completed
INFO:Benchmark for LLMs:2024-07-23, 12:47:23 300 queries have been completed
INFO:Benchmark for LLMs:2024-07-23, 12:47:54 400 queries have been completed
INFO:Benchmark for LLMs:2024-07-23, 12:48:24 500 queries have been completed
INFO:Benchmark for LLMs:2024-07-23, 12:48:54 600 queries have been completed
INFO:Benchmark for LLMs:2024-07-23, 12:49:25 700 queries have been completed
INFO:Benchmark for LLMs:2024-07-23, 12:49:54 800 queries have been completed
INFO:Benchmark for LLMs:2024-07-23, 12:50:24 900 queries have been completed
INFO:Benchmark for LLMs:2024-07-23, 12:50:55 1000 queries have been completed
INFO:Benchmark for LLMs:2024-07-23, 12:50:56 Requests to the completions endpoint done
INFO:Benchmark for LLMs:2024-07-23, 12:50:56 Derived calculations done
INFO:Benchmark suite:2024-07-23, 12:50:56 Benchmarks for the generation speed, input length : 1024, output_length : 16, nb_requests : 3 : DONE
INFO:Benchmark suite:2024-07-23, 12:50:56 Benchmarks for the generation speed, input length : 1024, output_length : 16, nb_requests : 4
INFO:Benchmark for LLMs:2024-07-23, 12:50:56 Loading the dataset
INFO:Benchmark for LLMs:2024-07-23, 12:50:56 Beginning the requests to the completions endpoint
INFO:Benchmark for LLMs:2024-07-23, 12:51:24 100 queries have been completed
INFO:Benchmark for LLMs:2024-07-23, 12:51:51 200 queries have been completed
INFO:Benchmark for LLMs:2024-07-23, 12:52:18 300 queries have been completed
INFO:Benchmark for LLMs:2024-07-23, 12:52:45 400 queries have been completed
INFO:Benchmark for LLMs:2024-07-23, 12:53:13 500 queries have been completed
INFO:Benchmark for LLMs:2024-07-23, 12:53:40 600 queries have been completed
INFO:Benchmark for LLMs:2024-07-23, 12:54:08 700 queries have been completed
INFO:Benchmark for LLMs:2024-07-23, 12:54:35 800 queries have been completed
INFO:Benchmark for LLMs:2024-07-23, 12:55:02 900 queries have been completed
INFO:Benchmark for LLMs:2024-07-23, 12:55:29 1000 queries have been completed
INFO:Benchmark for LLMs:2024-07-23, 12:55:30 Requests to the completions endpoint done
INFO:Benchmark for LLMs:2024-07-23, 12:55:30 Derived calculations done
INFO:Benchmark suite:2024-07-23, 12:55:30 Benchmarks for the generation speed, input length : 1024, output_length : 16, nb_requests : 4 : DONE
INFO:Benchmark suite:2024-07-23, 12:55:30 Benchmarks for the generation speed, input length : 1024, output_length : 16, nb_requests : 6
INFO:Benchmark for LLMs:2024-07-23, 12:55:30 Loading the dataset
INFO:Benchmark for LLMs:2024-07-23, 12:55:30 Beginning the requests to the completions endpoint
INFO:Benchmark for LLMs:2024-07-23, 12:55:56 100 queries have been completed
INFO:Benchmark for LLMs:2024-07-23, 12:56:21 200 queries have been completed
INFO:Benchmark for LLMs:2024-07-23, 12:56:44 300 queries have been completed
INFO:Benchmark for LLMs:2024-07-23, 12:57:09 400 queries have been completed
INFO:Benchmark for LLMs:2024-07-23, 12:57:34 500 queries have been completed
INFO:Benchmark for LLMs:2024-07-23, 12:57:57 600 queries have been completed
INFO:Benchmark for LLMs:2024-07-23, 12:58:21 700 queries have been completed
INFO:Benchmark for LLMs:2024-07-23, 12:58:46 800 queries have been completed
INFO:Benchmark for LLMs:2024-07-23, 12:59:09 900 queries have been completed
INFO:Benchmark for LLMs:2024-07-23, 12:59:34 1000 queries have been completed
INFO:Benchmark for LLMs:2024-07-23, 12:59:35 Requests to the completions endpoint done
INFO:Benchmark for LLMs:2024-07-23, 12:59:35 Derived calculations done
INFO:Benchmark suite:2024-07-23, 12:59:35 Benchmarks for the generation speed, input length : 1024, output_length : 16, nb_requests : 6 : DONE
INFO:Benchmark suite:2024-07-23, 12:59:35 Benchmarks for the generation speed, input length : 1024, output_length : 16, nb_requests : 8
INFO:Benchmark for LLMs:2024-07-23, 12:59:35 Loading the dataset
INFO:Benchmark for LLMs:2024-07-23, 12:59:35 Beginning the requests to the completions endpoint
INFO:Benchmark for LLMs:2024-07-23, 13:00:00 100 queries have been completed
INFO:Benchmark for LLMs:2024-07-23, 13:00:22 200 queries have been completed
INFO:Benchmark for LLMs:2024-07-23, 13:00:46 300 queries have been completed
INFO:Benchmark for LLMs:2024-07-23, 13:01:08 400 queries have been completed
INFO:Benchmark for LLMs:2024-07-23, 13:01:32 500 queries have been completed
INFO:Benchmark for LLMs:2024-07-23, 13:01:54 600 queries have been completed
INFO:Benchmark for LLMs:2024-07-23, 13:02:18 700 queries have been completed
INFO:Benchmark for LLMs:2024-07-23, 13:02:40 800 queries have been completed
INFO:Benchmark for LLMs:2024-07-23, 13:03:04 900 queries have been completed
INFO:Benchmark for LLMs:2024-07-23, 13:03:26 1000 queries have been completed
INFO:Benchmark for LLMs:2024-07-23, 13:03:27 Requests to the completions endpoint done
INFO:Benchmark for LLMs:2024-07-23, 13:03:27 Derived calculations done
INFO:Benchmark suite:2024-07-23, 13:03:27 Benchmarks for the generation speed, input length : 1024, output_length : 16, nb_requests : 8 : DONE
INFO:Benchmark suite:2024-07-23, 13:03:27 Benchmarks for the generation speed, input length : 1024, output_length : 16, nb_requests : 10
INFO:Benchmark for LLMs:2024-07-23, 13:03:27 Loading the dataset
INFO:Benchmark for LLMs:2024-07-23, 13:03:27 Beginning the requests to the completions endpoint
INFO:Benchmark for LLMs:2024-07-23, 13:03:51 100 queries have been completed
INFO:Benchmark for LLMs:2024-07-23, 13:04:14 200 queries have been completed
INFO:Benchmark for LLMs:2024-07-23, 13:04:36 300 queries have been completed
INFO:Benchmark for LLMs:2024-07-23, 13:04:59 400 queries have been completed
INFO:Benchmark for LLMs:2024-07-23, 13:05:22 500 queries have been completed
INFO:Benchmark for LLMs:2024-07-23, 13:05:44 600 queries have been completed
INFO:Benchmark for LLMs:2024-07-23, 13:06:07 700 queries have been completed
INFO:Benchmark for LLMs:2024-07-23, 13:06:30 800 queries have been completed
INFO:Benchmark for LLMs:2024-07-23, 13:06:53 900 queries have been completed
INFO:Benchmark for LLMs:2024-07-23, 13:07:15 1000 queries have been completed
INFO:Benchmark for LLMs:2024-07-23, 13:07:16 Requests to the completions endpoint done
INFO:Benchmark for LLMs:2024-07-23, 13:07:16 Derived calculations done
INFO:Benchmark suite:2024-07-23, 13:07:16 Benchmarks for the generation speed, input length : 1024, output_length : 16, nb_requests : 10 : DONE
INFO:Benchmark suite:2024-07-23, 13:07:16 Benchmarks for the generation speed, input length : 1024, output_length : 16, nb_requests : 14
INFO:Benchmark for LLMs:2024-07-23, 13:07:16 Loading the dataset
INFO:Benchmark for LLMs:2024-07-23, 13:07:16 Beginning the requests to the completions endpoint
INFO:Benchmark for LLMs:2024-07-23, 13:07:41 100 queries have been completed
INFO:Benchmark for LLMs:2024-07-23, 13:08:03 200 queries have been completed
INFO:Benchmark for LLMs:2024-07-23, 13:08:24 300 queries have been completed
INFO:Benchmark for LLMs:2024-07-23, 13:08:45 400 queries have been completed
INFO:Benchmark for LLMs:2024-07-23, 13:09:06 500 queries have been completed
INFO:Benchmark for LLMs:2024-07-23, 13:09:27 600 queries have been completed
INFO:Benchmark for LLMs:2024-07-23, 13:09:48 700 queries have been completed
INFO:Benchmark for LLMs:2024-07-23, 13:10:12 800 queries have been completed
INFO:Benchmark for LLMs:2024-07-23, 13:10:33 900 queries have been completed
INFO:Benchmark for LLMs:2024-07-23, 13:10:53 1000 queries have been completed
INFO:Benchmark for LLMs:2024-07-23, 13:10:54 Requests to the completions endpoint done
INFO:Benchmark for LLMs:2024-07-23, 13:10:54 Derived calculations done
INFO:Benchmark suite:2024-07-23, 13:10:54 Benchmarks for the generation speed, input length : 1024, output_length : 16, nb_requests : 14 : DONE
INFO:Benchmark suite:2024-07-23, 13:10:54 Benchmarks for the generation speed, input length : 1024, output_length : 16, nb_requests : 18
INFO:Benchmark for LLMs:2024-07-23, 13:10:54 Loading the dataset
INFO:Benchmark for LLMs:2024-07-23, 13:10:54 Beginning the requests to the completions endpoint
INFO:Benchmark for LLMs:2024-07-23, 13:11:18 100 queries have been completed
INFO:Benchmark for LLMs:2024-07-23, 13:11:41 200 queries have been completed
INFO:Benchmark for LLMs:2024-07-23, 13:12:00 300 queries have been completed
INFO:Benchmark for LLMs:2024-07-23, 13:12:22 400 queries have been completed
INFO:Benchmark for LLMs:2024-07-23, 13:12:42 500 queries have been completed
INFO:Benchmark for LLMs:2024-07-23, 13:13:05 600 queries have been completed
INFO:Benchmark for LLMs:2024-07-23, 13:13:24 700 queries have been completed
INFO:Benchmark for LLMs:2024-07-23, 13:13:47 800 queries have been completed
INFO:Benchmark for LLMs:2024-07-23, 13:14:06 900 queries have been completed
INFO:Benchmark for LLMs:2024-07-23, 13:14:27 1000 queries have been completed
INFO:Benchmark for LLMs:2024-07-23, 13:14:28 Requests to the completions endpoint done
INFO:Benchmark for LLMs:2024-07-23, 13:14:28 Derived calculations done
INFO:Benchmark suite:2024-07-23, 13:14:28 Benchmarks for the generation speed, input length : 1024, output_length : 16, nb_requests : 18 : DONE
INFO:Benchmark suite:2024-07-23, 13:14:28 Benchmarks for the generation speed, input length : 1024, output_length : 16, nb_requests : 22
INFO:Benchmark for LLMs:2024-07-23, 13:14:28 Loading the dataset
INFO:Benchmark for LLMs:2024-07-23, 13:14:28 Beginning the requests to the completions endpoint
INFO:Benchmark for LLMs:2024-07-23, 13:14:52 100 queries have been completed
INFO:Benchmark for LLMs:2024-07-23, 13:15:15 200 queries have been completed
INFO:Benchmark for LLMs:2024-07-23, 13:15:33 300 queries have been completed
INFO:Benchmark for LLMs:2024-07-23, 13:15:56 400 queries have been completed
INFO:Benchmark for LLMs:2024-07-23, 13:16:14 500 queries have been completed
INFO:Benchmark for LLMs:2024-07-23, 13:16:37 600 queries have been completed
INFO:Benchmark for LLMs:2024-07-23, 13:16:55 700 queries have been completed
INFO:Benchmark for LLMs:2024-07-23, 13:17:19 800 queries have been completed
INFO:Benchmark for LLMs:2024-07-23, 13:17:37 900 queries have been completed
INFO:Benchmark for LLMs:2024-07-23, 13:17:57 1000 queries have been completed
INFO:Benchmark for LLMs:2024-07-23, 13:17:58 Requests to the completions endpoint done
INFO:Benchmark for LLMs:2024-07-23, 13:17:59 Derived calculations done
INFO:Benchmark suite:2024-07-23, 13:17:59 Benchmarks for the generation speed, input length : 1024, output_length : 16, nb_requests : 22 : DONE
INFO:Benchmark suite:2024-07-23, 13:17:59 Benchmarks for the generation speed, input length : 1024, output_length : 16, nb_requests : 26
INFO:Benchmark for LLMs:2024-07-23, 13:17:59 Loading the dataset
INFO:Benchmark for LLMs:2024-07-23, 13:17:59 Beginning the requests to the completions endpoint
INFO:Benchmark for LLMs:2024-07-23, 13:18:21 100 queries have been completed
INFO:Benchmark for LLMs:2024-07-23, 13:18:42 200 queries have been completed
INFO:Benchmark for LLMs:2024-07-23, 13:19:03 300 queries have been completed
INFO:Benchmark for LLMs:2024-07-23, 13:19:24 400 queries have been completed
INFO:Benchmark for LLMs:2024-07-23, 13:19:46 500 queries have been completed
INFO:Benchmark for LLMs:2024-07-23, 13:20:07 600 queries have been completed
INFO:Benchmark for LLMs:2024-07-23, 13:20:23 700 queries have been completed
ERROR:asyncio:Task exception was never retrieved
future: <Task finished name='Task-3667018' coro=<get_live_metrics() done, defined at /opt/venv/lib/python3.11/site-packages/benchmark_llm_serving/utils_metrics.py:46> exception=ClientOSError(104, 'Connection reset by peer')>
Traceback (most recent call last):
  File "/usr/local/lib/python3.11/asyncio/selector_events.py", line 999, in _read_ready__data_received
    data = self._sock.recv(self.max_size)
           ^^^^^^^^^^^^^^^^^^^^^^^^^^^^^^
ConnectionResetError: [Errno 104] Connection reset by peer

The above exception was the direct cause of the following exception:

Traceback (most recent call last):
  File "/opt/venv/lib/python3.11/site-packages/benchmark_llm_serving/utils_metrics.py", line 55, in get_live_metrics
    async with session.get(url=metrics_url) as response:
  File "/opt/venv/lib/python3.11/site-packages/aiohttp/client.py", line 1197, in __aenter__
    self._resp = await self._coro
                 ^^^^^^^^^^^^^^^^
  File "/opt/venv/lib/python3.11/site-packages/aiohttp/client.py", line 608, in _request
    await resp.start(conn)
  File "/opt/venv/lib/python3.11/site-packages/aiohttp/client_reqrep.py", line 976, in start
    message, payload = await protocol.read()  # type: ignore[union-attr]
                       ^^^^^^^^^^^^^^^^^^^^^
  File "/opt/venv/lib/python3.11/site-packages/aiohttp/streams.py", line 640, in read
    await self._waiter
aiohttp.client_exceptions.ClientOSError: [Errno 104] Connection reset by peer
ERROR:asyncio:Task exception was never retrieved
future: <Task finished name='Task-3667020' coro=<get_live_metrics() done, defined at /opt/venv/lib/python3.11/site-packages/benchmark_llm_serving/utils_metrics.py:46> exception=ClientOSError(104, 'Connection reset by peer')>
Traceback (most recent call last):
  File "/usr/local/lib/python3.11/asyncio/selector_events.py", line 999, in _read_ready__data_received
    data = self._sock.recv(self.max_size)
           ^^^^^^^^^^^^^^^^^^^^^^^^^^^^^^
ConnectionResetError: [Errno 104] Connection reset by peer

The above exception was the direct cause of the following exception:

Traceback (most recent call last):
  File "/opt/venv/lib/python3.11/site-packages/benchmark_llm_serving/utils_metrics.py", line 55, in get_live_metrics
    async with session.get(url=metrics_url) as response:
  File "/opt/venv/lib/python3.11/site-packages/aiohttp/client.py", line 1197, in __aenter__
    self._resp = await self._coro
                 ^^^^^^^^^^^^^^^^
  File "/opt/venv/lib/python3.11/site-packages/aiohttp/client.py", line 608, in _request
    await resp.start(conn)
  File "/opt/venv/lib/python3.11/site-packages/aiohttp/client_reqrep.py", line 976, in start
    message, payload = await protocol.read()  # type: ignore[union-attr]
                       ^^^^^^^^^^^^^^^^^^^^^
  File "/opt/venv/lib/python3.11/site-packages/aiohttp/streams.py", line 640, in read
    await self._waiter
aiohttp.client_exceptions.ClientOSError: [Errno 104] Connection reset by peer
ERROR:asyncio:Task exception was never retrieved
future: <Task finished name='Task-3667022' coro=<get_live_metrics() done, defined at /opt/venv/lib/python3.11/site-packages/benchmark_llm_serving/utils_metrics.py:46> exception=ClientOSError(104, 'Connection reset by peer')>
Traceback (most recent call last):
  File "/usr/local/lib/python3.11/asyncio/selector_events.py", line 999, in _read_ready__data_received
    data = self._sock.recv(self.max_size)
           ^^^^^^^^^^^^^^^^^^^^^^^^^^^^^^
ConnectionResetError: [Errno 104] Connection reset by peer

The above exception was the direct cause of the following exception:

Traceback (most recent call last):
  File "/opt/venv/lib/python3.11/site-packages/benchmark_llm_serving/utils_metrics.py", line 55, in get_live_metrics
    async with session.get(url=metrics_url) as response:
  File "/opt/venv/lib/python3.11/site-packages/aiohttp/client.py", line 1197, in __aenter__
    self._resp = await self._coro
                 ^^^^^^^^^^^^^^^^
  File "/opt/venv/lib/python3.11/site-packages/aiohttp/client.py", line 608, in _request
    await resp.start(conn)
  File "/opt/venv/lib/python3.11/site-packages/aiohttp/client_reqrep.py", line 976, in start
    message, payload = await protocol.read()  # type: ignore[union-attr]
                       ^^^^^^^^^^^^^^^^^^^^^
  File "/opt/venv/lib/python3.11/site-packages/aiohttp/streams.py", line 640, in read
    await self._waiter
aiohttp.client_exceptions.ClientOSError: [Errno 104] Connection reset by peer
ERROR:asyncio:Task exception was never retrieved
future: <Task finished name='Task-3667016' coro=<get_live_metrics() done, defined at /opt/venv/lib/python3.11/site-packages/benchmark_llm_serving/utils_metrics.py:46> exception=ClientOSError(104, 'Connection reset by peer')>
Traceback (most recent call last):
  File "/usr/local/lib/python3.11/asyncio/selector_events.py", line 999, in _read_ready__data_received
    data = self._sock.recv(self.max_size)
           ^^^^^^^^^^^^^^^^^^^^^^^^^^^^^^
ConnectionResetError: [Errno 104] Connection reset by peer

The above exception was the direct cause of the following exception:

Traceback (most recent call last):
  File "/opt/venv/lib/python3.11/site-packages/benchmark_llm_serving/utils_metrics.py", line 55, in get_live_metrics
    async with session.get(url=metrics_url) as response:
  File "/opt/venv/lib/python3.11/site-packages/aiohttp/client.py", line 1197, in __aenter__
    self._resp = await self._coro
                 ^^^^^^^^^^^^^^^^
  File "/opt/venv/lib/python3.11/site-packages/aiohttp/client.py", line 608, in _request
    await resp.start(conn)
  File "/opt/venv/lib/python3.11/site-packages/aiohttp/client_reqrep.py", line 976, in start
    message, payload = await protocol.read()  # type: ignore[union-attr]
                       ^^^^^^^^^^^^^^^^^^^^^
  File "/opt/venv/lib/python3.11/site-packages/aiohttp/streams.py", line 640, in read
    await self._waiter
aiohttp.client_exceptions.ClientOSError: [Errno 104] Connection reset by peer
ERROR:asyncio:Task exception was never retrieved
future: <Task finished name='Task-3667014' coro=<get_live_metrics() done, defined at /opt/venv/lib/python3.11/site-packages/benchmark_llm_serving/utils_metrics.py:46> exception=ClientOSError(104, 'Connection reset by peer')>
Traceback (most recent call last):
  File "/usr/local/lib/python3.11/asyncio/selector_events.py", line 999, in _read_ready__data_received
    data = self._sock.recv(self.max_size)
           ^^^^^^^^^^^^^^^^^^^^^^^^^^^^^^
ConnectionResetError: [Errno 104] Connection reset by peer

The above exception was the direct cause of the following exception:

Traceback (most recent call last):
  File "/opt/venv/lib/python3.11/site-packages/benchmark_llm_serving/utils_metrics.py", line 55, in get_live_metrics
    async with session.get(url=metrics_url) as response:
  File "/opt/venv/lib/python3.11/site-packages/aiohttp/client.py", line 1197, in __aenter__
    self._resp = await self._coro
                 ^^^^^^^^^^^^^^^^
  File "/opt/venv/lib/python3.11/site-packages/aiohttp/client.py", line 608, in _request
    await resp.start(conn)
  File "/opt/venv/lib/python3.11/site-packages/aiohttp/client_reqrep.py", line 976, in start
    message, payload = await protocol.read()  # type: ignore[union-attr]
                       ^^^^^^^^^^^^^^^^^^^^^
  File "/opt/venv/lib/python3.11/site-packages/aiohttp/streams.py", line 640, in read
    await self._waiter
aiohttp.client_exceptions.ClientOSError: [Errno 104] Connection reset by peer
ERROR:asyncio:Task exception was never retrieved
future: <Task finished name='Task-3667012' coro=<get_live_metrics() done, defined at /opt/venv/lib/python3.11/site-packages/benchmark_llm_serving/utils_metrics.py:46> exception=ClientOSError(104, 'Connection reset by peer')>
Traceback (most recent call last):
  File "/usr/local/lib/python3.11/asyncio/selector_events.py", line 999, in _read_ready__data_received
    data = self._sock.recv(self.max_size)
           ^^^^^^^^^^^^^^^^^^^^^^^^^^^^^^
ConnectionResetError: [Errno 104] Connection reset by peer

The above exception was the direct cause of the following exception:

Traceback (most recent call last):
  File "/opt/venv/lib/python3.11/site-packages/benchmark_llm_serving/utils_metrics.py", line 55, in get_live_metrics
    async with session.get(url=metrics_url) as response:
  File "/opt/venv/lib/python3.11/site-packages/aiohttp/client.py", line 1197, in __aenter__
    self._resp = await self._coro
                 ^^^^^^^^^^^^^^^^
  File "/opt/venv/lib/python3.11/site-packages/aiohttp/client.py", line 608, in _request
    await resp.start(conn)
  File "/opt/venv/lib/python3.11/site-packages/aiohttp/client_reqrep.py", line 976, in start
    message, payload = await protocol.read()  # type: ignore[union-attr]
                       ^^^^^^^^^^^^^^^^^^^^^
  File "/opt/venv/lib/python3.11/site-packages/aiohttp/streams.py", line 640, in read
    await self._waiter
aiohttp.client_exceptions.ClientOSError: [Errno 104] Connection reset by peer
ERROR:asyncio:Task exception was never retrieved
future: <Task finished name='Task-3667010' coro=<get_live_metrics() done, defined at /opt/venv/lib/python3.11/site-packages/benchmark_llm_serving/utils_metrics.py:46> exception=ClientOSError(104, 'Connection reset by peer')>
Traceback (most recent call last):
  File "/usr/local/lib/python3.11/asyncio/selector_events.py", line 999, in _read_ready__data_received
    data = self._sock.recv(self.max_size)
           ^^^^^^^^^^^^^^^^^^^^^^^^^^^^^^
ConnectionResetError: [Errno 104] Connection reset by peer

The above exception was the direct cause of the following exception:

Traceback (most recent call last):
  File "/opt/venv/lib/python3.11/site-packages/benchmark_llm_serving/utils_metrics.py", line 55, in get_live_metrics
    async with session.get(url=metrics_url) as response:
  File "/opt/venv/lib/python3.11/site-packages/aiohttp/client.py", line 1197, in __aenter__
    self._resp = await self._coro
                 ^^^^^^^^^^^^^^^^
  File "/opt/venv/lib/python3.11/site-packages/aiohttp/client.py", line 608, in _request
    await resp.start(conn)
  File "/opt/venv/lib/python3.11/site-packages/aiohttp/client_reqrep.py", line 976, in start
    message, payload = await protocol.read()  # type: ignore[union-attr]
                       ^^^^^^^^^^^^^^^^^^^^^
  File "/opt/venv/lib/python3.11/site-packages/aiohttp/streams.py", line 640, in read
    await self._waiter
aiohttp.client_exceptions.ClientOSError: [Errno 104] Connection reset by peer
INFO:Benchmark for LLMs:2024-07-23, 13:20:45 800 queries have been completed
INFO:Benchmark for LLMs:2024-07-23, 13:21:06 900 queries have been completed
INFO:Benchmark for LLMs:2024-07-23, 13:21:24 1000 queries have been completed
INFO:Benchmark for LLMs:2024-07-23, 13:21:25 Requests to the completions endpoint done
INFO:Benchmark for LLMs:2024-07-23, 13:21:25 Derived calculations done
INFO:Benchmark suite:2024-07-23, 13:21:25 Benchmarks for the generation speed, input length : 1024, output_length : 16, nb_requests : 26 : DONE
INFO:Benchmark suite:2024-07-23, 13:21:25 Benchmarks for the generation speed, input length : 1024, output_length : 16, nb_requests : 30
INFO:Benchmark for LLMs:2024-07-23, 13:21:25 Loading the dataset
INFO:Benchmark for LLMs:2024-07-23, 13:21:25 Beginning the requests to the completions endpoint
INFO:Benchmark for LLMs:2024-07-23, 13:21:51 100 queries have been completed
INFO:Benchmark for LLMs:2024-07-23, 13:22:09 200 queries have been completed
INFO:Benchmark for LLMs:2024-07-23, 13:22:27 300 queries have been completed
INFO:Benchmark for LLMs:2024-07-23, 13:22:51 400 queries have been completed
INFO:Benchmark for LLMs:2024-07-23, 13:23:09 500 queries have been completed
INFO:Benchmark for LLMs:2024-07-23, 13:23:27 600 queries have been completed
INFO:Benchmark for LLMs:2024-07-23, 13:23:52 700 queries have been completed
INFO:Benchmark for LLMs:2024-07-23, 13:24:10 800 queries have been completed
INFO:Benchmark for LLMs:2024-07-23, 13:24:28 900 queries have been completed
INFO:Benchmark for LLMs:2024-07-23, 13:24:48 1000 queries have been completed
INFO:Benchmark for LLMs:2024-07-23, 13:24:49 Requests to the completions endpoint done
INFO:Benchmark for LLMs:2024-07-23, 13:24:49 Derived calculations done
INFO:Benchmark suite:2024-07-23, 13:24:49 Benchmarks for the generation speed, input length : 1024, output_length : 16, nb_requests : 30 : DONE
INFO:Benchmark suite:2024-07-23, 13:24:49 Benchmarks for the generation speed, input length : 1024, output_length : 16, nb_requests : 34
INFO:Benchmark for LLMs:2024-07-23, 13:24:49 Loading the dataset
INFO:Benchmark for LLMs:2024-07-23, 13:24:49 Beginning the requests to the completions endpoint
INFO:Benchmark for LLMs:2024-07-23, 13:25:11 100 queries have been completed
INFO:Benchmark for LLMs:2024-07-23, 13:25:32 200 queries have been completed
INFO:Benchmark for LLMs:2024-07-23, 13:25:53 300 queries have been completed
INFO:Benchmark for LLMs:2024-07-23, 13:26:14 400 queries have been completed
INFO:Benchmark for LLMs:2024-07-23, 13:26:35 500 queries have been completed
INFO:Benchmark for LLMs:2024-07-23, 13:26:56 600 queries have been completed
INFO:Benchmark for LLMs:2024-07-23, 13:27:17 700 queries have been completed
INFO:Benchmark for LLMs:2024-07-23, 13:27:38 800 queries have been completed
INFO:Benchmark for LLMs:2024-07-23, 13:27:59 900 queries have been completed
INFO:Benchmark for LLMs:2024-07-23, 13:28:15 1000 queries have been completed
INFO:Benchmark for LLMs:2024-07-23, 13:28:17 Requests to the completions endpoint done
INFO:Benchmark for LLMs:2024-07-23, 13:28:17 Derived calculations done
INFO:Benchmark suite:2024-07-23, 13:28:17 Benchmarks for the generation speed, input length : 1024, output_length : 16, nb_requests : 34 : DONE
INFO:Benchmark suite:2024-07-23, 13:28:17 Benchmarks for the generation speed, input length : 1024, output_length : 16, nb_requests : 38
INFO:Benchmark for LLMs:2024-07-23, 13:28:17 Loading the dataset
INFO:Benchmark for LLMs:2024-07-23, 13:28:17 Beginning the requests to the completions endpoint
INFO:Benchmark for LLMs:2024-07-23, 13:28:41 100 queries have been completed
INFO:Benchmark for LLMs:2024-07-23, 13:29:04 200 queries have been completed
INFO:Benchmark for LLMs:2024-07-23, 13:29:20 300 queries have been completed
INFO:Benchmark for LLMs:2024-07-23, 13:29:43 400 queries have been completed
INFO:Benchmark for LLMs:2024-07-23, 13:30:06 500 queries have been completed
INFO:Benchmark for LLMs:2024-07-23, 13:30:21 600 queries have been completed
INFO:Benchmark for LLMs:2024-07-23, 13:30:44 700 queries have been completed
INFO:Benchmark for LLMs:2024-07-23, 13:31:08 800 queries have been completed
INFO:Benchmark for LLMs:2024-07-23, 13:31:23 900 queries have been completed
INFO:Benchmark for LLMs:2024-07-23, 13:31:41 1000 queries have been completed
INFO:Benchmark for LLMs:2024-07-23, 13:31:43 Requests to the completions endpoint done
INFO:Benchmark for LLMs:2024-07-23, 13:31:43 Derived calculations done
INFO:Benchmark suite:2024-07-23, 13:31:43 Benchmarks for the generation speed, input length : 1024, output_length : 16, nb_requests : 38 : DONE
INFO:Benchmark suite:2024-07-23, 13:31:43 Benchmarks for the generation speed, input length : 1024, output_length : 16 : DONE
INFO:Benchmark suite:2024-07-23, 13:31:43 Beginning the benchmarks for the generation speed, input length : 1024, output_length : 128
INFO:Benchmark suite:2024-07-23, 13:31:43 Benchmarks for the generation speed, input length : 1024, output_length : 128, nb_requests : 1
INFO:Benchmark for LLMs:2024-07-23, 13:31:43 Loading the dataset
INFO:Benchmark for LLMs:2024-07-23, 13:31:43 Beginning the requests to the completions endpoint
INFO:Benchmark for LLMs:2024-07-23, 13:36:05 100 queries have been completed
INFO:Benchmark for LLMs:2024-07-23, 13:36:50 Requests to the completions endpoint done
INFO:Benchmark for LLMs:2024-07-23, 13:36:50 Derived calculations done
INFO:Benchmark suite:2024-07-23, 13:36:50 Benchmarks for the generation speed, input length : 1024, output_length : 128, nb_requests : 1 : DONE
INFO:Benchmark suite:2024-07-23, 13:36:50 Benchmarks for the generation speed, input length : 1024, output_length : 128, nb_requests : 2
INFO:Benchmark for LLMs:2024-07-23, 13:36:50 Loading the dataset
INFO:Benchmark for LLMs:2024-07-23, 13:36:50 Beginning the requests to the completions endpoint
INFO:Benchmark for LLMs:2024-07-23, 13:39:26 100 queries have been completed
INFO:Benchmark for LLMs:2024-07-23, 13:41:59 Requests to the completions endpoint done
INFO:Benchmark for LLMs:2024-07-23, 13:41:59 Derived calculations done
INFO:Benchmark suite:2024-07-23, 13:41:59 Benchmarks for the generation speed, input length : 1024, output_length : 128, nb_requests : 2 : DONE
INFO:Benchmark suite:2024-07-23, 13:41:59 Benchmarks for the generation speed, input length : 1024, output_length : 128, nb_requests : 3
INFO:Benchmark for LLMs:2024-07-23, 13:41:59 Loading the dataset
INFO:Benchmark for LLMs:2024-07-23, 13:41:59 Beginning the requests to the completions endpoint
INFO:Benchmark for LLMs:2024-07-23, 13:43:52 100 queries have been completed
INFO:Benchmark for LLMs:2024-07-23, 13:45:41 200 queries have been completed
INFO:Benchmark for LLMs:2024-07-23, 13:47:10 Requests to the completions endpoint done
INFO:Benchmark for LLMs:2024-07-23, 13:47:10 Derived calculations done
INFO:Benchmark suite:2024-07-23, 13:47:10 Benchmarks for the generation speed, input length : 1024, output_length : 128, nb_requests : 3 : DONE
INFO:Benchmark suite:2024-07-23, 13:47:10 Benchmarks for the generation speed, input length : 1024, output_length : 128, nb_requests : 4
INFO:Benchmark for LLMs:2024-07-23, 13:47:10 Loading the dataset
INFO:Benchmark for LLMs:2024-07-23, 13:47:10 Beginning the requests to the completions endpoint
INFO:Benchmark for LLMs:2024-07-23, 13:48:38 100 queries have been completed
INFO:Benchmark for LLMs:2024-07-23, 13:50:05 200 queries have been completed
INFO:Benchmark for LLMs:2024-07-23, 13:51:32 300 queries have been completed
INFO:Benchmark for LLMs:2024-07-23, 13:52:21 Requests to the completions endpoint done
INFO:Benchmark for LLMs:2024-07-23, 13:52:21 Derived calculations done
INFO:Benchmark suite:2024-07-23, 13:52:21 Benchmarks for the generation speed, input length : 1024, output_length : 128, nb_requests : 4 : DONE
INFO:Benchmark suite:2024-07-23, 13:52:21 Benchmarks for the generation speed, input length : 1024, output_length : 128, nb_requests : 6
INFO:Benchmark for LLMs:2024-07-23, 13:52:21 Loading the dataset
INFO:Benchmark for LLMs:2024-07-23, 13:52:21 Beginning the requests to the completions endpoint
INFO:Benchmark for LLMs:2024-07-23, 13:53:30 100 queries have been completed
INFO:Benchmark for LLMs:2024-07-23, 13:54:38 200 queries have been completed
INFO:Benchmark for LLMs:2024-07-23, 13:55:43 300 queries have been completed
INFO:Benchmark for LLMs:2024-07-23, 13:56:51 400 queries have been completed
INFO:Benchmark for LLMs:2024-07-23, 13:57:34 Requests to the completions endpoint done
INFO:Benchmark for LLMs:2024-07-23, 13:57:34 Derived calculations done
INFO:Benchmark suite:2024-07-23, 13:57:34 Benchmarks for the generation speed, input length : 1024, output_length : 128, nb_requests : 6 : DONE
INFO:Benchmark suite:2024-07-23, 13:57:34 Benchmarks for the generation speed, input length : 1024, output_length : 128, nb_requests : 8
INFO:Benchmark for LLMs:2024-07-23, 13:57:34 Loading the dataset
INFO:Benchmark for LLMs:2024-07-23, 13:57:34 Beginning the requests to the completions endpoint
INFO:Benchmark for LLMs:2024-07-23, 13:58:34 100 queries have been completed
INFO:Benchmark for LLMs:2024-07-23, 13:59:28 200 queries have been completed
INFO:Benchmark for LLMs:2024-07-23, 14:00:26 300 queries have been completed
INFO:Benchmark for LLMs:2024-07-23, 14:01:20 400 queries have been completed
INFO:Benchmark for LLMs:2024-07-23, 14:02:18 500 queries have been completed
INFO:Benchmark for LLMs:2024-07-23, 14:02:44 Requests to the completions endpoint done
INFO:Benchmark for LLMs:2024-07-23, 14:02:44 Derived calculations done
INFO:Benchmark suite:2024-07-23, 14:02:44 Benchmarks for the generation speed, input length : 1024, output_length : 128, nb_requests : 8 : DONE
INFO:Benchmark suite:2024-07-23, 14:02:44 Benchmarks for the generation speed, input length : 1024, output_length : 128, nb_requests : 10
INFO:Benchmark for LLMs:2024-07-23, 14:02:44 Loading the dataset
INFO:Benchmark for LLMs:2024-07-23, 14:02:44 Beginning the requests to the completions endpoint
INFO:Benchmark for LLMs:2024-07-23, 14:03:37 100 queries have been completed
INFO:Benchmark for LLMs:2024-07-23, 14:04:30 200 queries have been completed
INFO:Benchmark for LLMs:2024-07-23, 14:05:23 300 queries have been completed
INFO:Benchmark for LLMs:2024-07-23, 14:06:15 400 queries have been completed
INFO:Benchmark for LLMs:2024-07-23, 14:07:07 500 queries have been completed
INFO:Benchmark for LLMs:2024-07-23, 14:07:57 Requests to the completions endpoint done
INFO:Benchmark for LLMs:2024-07-23, 14:07:57 Derived calculations done
INFO:Benchmark suite:2024-07-23, 14:07:57 Benchmarks for the generation speed, input length : 1024, output_length : 128, nb_requests : 10 : DONE
INFO:Benchmark suite:2024-07-23, 14:07:57 Benchmarks for the generation speed, input length : 1024, output_length : 128, nb_requests : 14
INFO:Benchmark for LLMs:2024-07-23, 14:07:57 Loading the dataset
INFO:Benchmark for LLMs:2024-07-23, 14:07:57 Beginning the requests to the completions endpoint
INFO:Benchmark for LLMs:2024-07-23, 14:08:48 100 queries have been completed
INFO:Benchmark for LLMs:2024-07-23, 14:09:32 200 queries have been completed
INFO:Benchmark for LLMs:2024-07-23, 14:10:16 300 queries have been completed
INFO:Benchmark for LLMs:2024-07-23, 14:10:59 400 queries have been completed
INFO:Benchmark for LLMs:2024-07-23, 14:11:42 500 queries have been completed
INFO:Benchmark for LLMs:2024-07-23, 14:12:26 600 queries have been completed
INFO:Benchmark for LLMs:2024-07-23, 14:13:09 700 queries have been completed
INFO:Benchmark for LLMs:2024-07-23, 14:13:13 Requests to the completions endpoint done
INFO:Benchmark for LLMs:2024-07-23, 14:13:13 Derived calculations done
INFO:Benchmark suite:2024-07-23, 14:13:13 Benchmarks for the generation speed, input length : 1024, output_length : 128, nb_requests : 14 : DONE
INFO:Benchmark suite:2024-07-23, 14:13:13 Benchmarks for the generation speed, input length : 1024, output_length : 128, nb_requests : 18
INFO:Benchmark for LLMs:2024-07-23, 14:13:13 Loading the dataset
INFO:Benchmark for LLMs:2024-07-23, 14:13:13 Beginning the requests to the completions endpoint
INFO:Benchmark for LLMs:2024-07-23, 14:13:58 100 queries have been completed
INFO:Benchmark for LLMs:2024-07-23, 14:14:43 200 queries have been completed
INFO:Benchmark for LLMs:2024-07-23, 14:15:20 300 queries have been completed
INFO:Benchmark for LLMs:2024-07-23, 14:16:04 400 queries have been completed
INFO:Benchmark for LLMs:2024-07-23, 14:16:41 500 queries have been completed
INFO:Benchmark for LLMs:2024-07-23, 14:17:25 600 queries have been completed
INFO:Benchmark for LLMs:2024-07-23, 14:18:03 700 queries have been completed
INFO:Benchmark for LLMs:2024-07-23, 14:18:29 Requests to the completions endpoint done
INFO:Benchmark for LLMs:2024-07-23, 14:18:29 Derived calculations done
INFO:Benchmark suite:2024-07-23, 14:18:29 Benchmarks for the generation speed, input length : 1024, output_length : 128, nb_requests : 18 : DONE
INFO:Benchmark suite:2024-07-23, 14:18:29 Benchmarks for the generation speed, input length : 1024, output_length : 128, nb_requests : 22
INFO:Benchmark for LLMs:2024-07-23, 14:18:29 Loading the dataset
INFO:Benchmark for LLMs:2024-07-23, 14:18:29 Beginning the requests to the completions endpoint
INFO:Benchmark for LLMs:2024-07-23, 14:19:12 100 queries have been completed
INFO:Benchmark for LLMs:2024-07-23, 14:19:54 200 queries have been completed
INFO:Benchmark for LLMs:2024-07-23, 14:20:28 300 queries have been completed
INFO:Benchmark for LLMs:2024-07-23, 14:21:10 400 queries have been completed
INFO:Benchmark for LLMs:2024-07-23, 14:21:44 500 queries have been completed
INFO:Benchmark for LLMs:2024-07-23, 14:22:26 600 queries have been completed
INFO:Benchmark for LLMs:2024-07-23, 14:22:59 700 queries have been completed
INFO:Benchmark for LLMs:2024-07-23, 14:23:41 800 queries have been completed
INFO:Benchmark for LLMs:2024-07-23, 14:23:45 Requests to the completions endpoint done
INFO:Benchmark for LLMs:2024-07-23, 14:23:45 Derived calculations done
INFO:Benchmark suite:2024-07-23, 14:23:45 Benchmarks for the generation speed, input length : 1024, output_length : 128, nb_requests : 22 : DONE
INFO:Benchmark suite:2024-07-23, 14:23:45 Benchmarks for the generation speed, input length : 1024, output_length : 128, nb_requests : 26
INFO:Benchmark for LLMs:2024-07-23, 14:23:45 Loading the dataset
INFO:Benchmark for LLMs:2024-07-23, 14:23:45 Beginning the requests to the completions endpoint
INFO:Benchmark for LLMs:2024-07-23, 14:24:25 100 queries have been completed
INFO:Benchmark for LLMs:2024-07-23, 14:25:03 200 queries have been completed
INFO:Benchmark for LLMs:2024-07-23, 14:25:42 300 queries have been completed
INFO:Benchmark for LLMs:2024-07-23, 14:26:20 400 queries have been completed
INFO:Benchmark for LLMs:2024-07-23, 14:26:59 500 queries have been completed
INFO:Benchmark for LLMs:2024-07-23, 14:27:37 600 queries have been completed
INFO:Benchmark for LLMs:2024-07-23, 14:28:06 700 queries have been completed
INFO:Benchmark for LLMs:2024-07-23, 14:28:44 800 queries have been completed
INFO:Benchmark for LLMs:2024-07-23, 14:29:07 Requests to the completions endpoint done
INFO:Benchmark for LLMs:2024-07-23, 14:29:07 Derived calculations done
INFO:Benchmark suite:2024-07-23, 14:29:07 Benchmarks for the generation speed, input length : 1024, output_length : 128, nb_requests : 26 : DONE
INFO:Benchmark suite:2024-07-23, 14:29:07 Benchmarks for the generation speed, input length : 1024, output_length : 128, nb_requests : 30
INFO:Benchmark for LLMs:2024-07-23, 14:29:07 Loading the dataset
INFO:Benchmark for LLMs:2024-07-23, 14:29:07 Beginning the requests to the completions endpoint
INFO:Benchmark for LLMs:2024-07-23, 14:29:51 100 queries have been completed
INFO:Benchmark for LLMs:2024-07-23, 14:30:23 200 queries have been completed
INFO:Benchmark for LLMs:2024-07-23, 14:30:54 300 queries have been completed
INFO:Benchmark for LLMs:2024-07-23, 14:31:36 400 queries have been completed
INFO:Benchmark for LLMs:2024-07-23, 14:32:09 500 queries have been completed
INFO:Benchmark for LLMs:2024-07-23, 14:32:40 600 queries have been completed
INFO:Benchmark for LLMs:2024-07-23, 14:33:22 700 queries have been completed
INFO:Benchmark for LLMs:2024-07-23, 14:33:53 800 queries have been completed
INFO:Benchmark for LLMs:2024-07-23, 14:34:26 900 queries have been completed
INFO:Benchmark for LLMs:2024-07-23, 14:34:29 Requests to the completions endpoint done
INFO:Benchmark for LLMs:2024-07-23, 14:34:29 Derived calculations done
INFO:Benchmark suite:2024-07-23, 14:34:29 Benchmarks for the generation speed, input length : 1024, output_length : 128, nb_requests : 30 : DONE
INFO:Benchmark suite:2024-07-23, 14:34:29 Benchmarks for the generation speed, input length : 1024, output_length : 128, nb_requests : 34
INFO:Benchmark for LLMs:2024-07-23, 14:34:29 Loading the dataset
INFO:Benchmark for LLMs:2024-07-23, 14:34:29 Beginning the requests to the completions endpoint
INFO:Benchmark for LLMs:2024-07-23, 14:35:09 100 queries have been completed
INFO:Benchmark for LLMs:2024-07-23, 14:35:47 200 queries have been completed
INFO:Benchmark for LLMs:2024-07-23, 14:36:26 300 queries have been completed
INFO:Benchmark for LLMs:2024-07-23, 14:37:05 400 queries have been completed
INFO:Benchmark for LLMs:2024-07-23, 14:37:43 500 queries have been completed
INFO:Benchmark for LLMs:2024-07-23, 14:38:22 600 queries have been completed
INFO:Benchmark for LLMs:2024-07-23, 14:39:00 700 queries have been completed
INFO:Benchmark for LLMs:2024-07-23, 14:39:40 800 queries have been completed
INFO:Benchmark for LLMs:2024-07-23, 14:39:56 Requests to the completions endpoint done
INFO:Benchmark for LLMs:2024-07-23, 14:39:56 Derived calculations done
INFO:Benchmark suite:2024-07-23, 14:39:56 Benchmarks for the generation speed, input length : 1024, output_length : 128, nb_requests : 34 : DONE
INFO:Benchmark suite:2024-07-23, 14:39:56 Benchmarks for the generation speed, input length : 1024, output_length : 128, nb_requests : 38
INFO:Benchmark for LLMs:2024-07-23, 14:39:56 Loading the dataset
INFO:Benchmark for LLMs:2024-07-23, 14:39:56 Beginning the requests to the completions endpoint
INFO:Benchmark for LLMs:2024-07-23, 14:40:39 100 queries have been completed
INFO:Benchmark for LLMs:2024-07-23, 14:41:20 200 queries have been completed
INFO:Benchmark for LLMs:2024-07-23, 14:41:49 300 queries have been completed
INFO:Benchmark for LLMs:2024-07-23, 14:42:30 400 queries have been completed
INFO:Benchmark for LLMs:2024-07-23, 14:43:12 500 queries have been completed
INFO:Benchmark for LLMs:2024-07-23, 14:43:40 600 queries have been completed
INFO:Benchmark for LLMs:2024-07-23, 14:44:21 700 queries have been completed
INFO:Benchmark for LLMs:2024-07-23, 14:45:03 800 queries have been completed
INFO:Benchmark for LLMs:2024-07-23, 14:45:20 Requests to the completions endpoint done
INFO:Benchmark for LLMs:2024-07-23, 14:45:20 Derived calculations done
INFO:Benchmark suite:2024-07-23, 14:45:20 Benchmarks for the generation speed, input length : 1024, output_length : 128, nb_requests : 38 : DONE
INFO:Benchmark suite:2024-07-23, 14:45:20 Benchmarks for the generation speed, input length : 1024, output_length : 128 : DONE
INFO:Benchmark suite:2024-07-23, 14:45:20 Beginning the benchmarks for the generation speed, input length : 1024, output_length : 1024
INFO:Benchmark suite:2024-07-23, 14:45:20 Benchmarks for the generation speed, input length : 1024, output_length : 1024, nb_requests : 1
INFO:Benchmark for LLMs:2024-07-23, 14:45:20 Loading the dataset
INFO:Benchmark for LLMs:2024-07-23, 14:45:20 Beginning the requests to the completions endpoint
INFO:Benchmark for LLMs:2024-07-23, 15:04:54 Requests to the completions endpoint done
INFO:Benchmark for LLMs:2024-07-23, 15:04:54 Derived calculations done
INFO:Benchmark suite:2024-07-23, 15:04:54 Benchmarks for the generation speed, input length : 1024, output_length : 1024, nb_requests : 1 : DONE
INFO:Benchmark suite:2024-07-23, 15:04:54 Benchmarks for the generation speed, input length : 1024, output_length : 1024, nb_requests : 2
INFO:Benchmark for LLMs:2024-07-23, 15:04:54 Loading the dataset
INFO:Benchmark for LLMs:2024-07-23, 15:04:55 Beginning the requests to the completions endpoint
INFO:Benchmark for LLMs:2024-07-23, 15:16:00 Requests to the completions endpoint done
INFO:Benchmark for LLMs:2024-07-23, 15:16:00 Derived calculations done
INFO:Benchmark suite:2024-07-23, 15:16:00 Benchmarks for the generation speed, input length : 1024, output_length : 1024, nb_requests : 2 : DONE
INFO:Benchmark suite:2024-07-23, 15:16:00 Benchmarks for the generation speed, input length : 1024, output_length : 1024, nb_requests : 3
INFO:Benchmark for LLMs:2024-07-23, 15:16:00 Loading the dataset
INFO:Benchmark for LLMs:2024-07-23, 15:16:00 Beginning the requests to the completions endpoint
INFO:Benchmark for LLMs:2024-07-23, 15:23:31 Requests to the completions endpoint done
INFO:Benchmark for LLMs:2024-07-23, 15:23:31 Derived calculations done
INFO:Benchmark suite:2024-07-23, 15:23:31 Benchmarks for the generation speed, input length : 1024, output_length : 1024, nb_requests : 3 : DONE
INFO:Benchmark suite:2024-07-23, 15:23:31 Benchmarks for the generation speed, input length : 1024, output_length : 1024, nb_requests : 4
INFO:Benchmark for LLMs:2024-07-23, 15:23:31 Loading the dataset
INFO:Benchmark for LLMs:2024-07-23, 15:23:31 Beginning the requests to the completions endpoint
INFO:Benchmark for LLMs:2024-07-23, 15:29:37 Requests to the completions endpoint done
INFO:Benchmark for LLMs:2024-07-23, 15:29:37 Derived calculations done
INFO:Benchmark suite:2024-07-23, 15:29:37 Benchmarks for the generation speed, input length : 1024, output_length : 1024, nb_requests : 4 : DONE
INFO:Benchmark suite:2024-07-23, 15:29:37 Benchmarks for the generation speed, input length : 1024, output_length : 1024, nb_requests : 6
INFO:Benchmark for LLMs:2024-07-23, 15:29:37 Loading the dataset
INFO:Benchmark for LLMs:2024-07-23, 15:29:37 Beginning the requests to the completions endpoint
INFO:Benchmark for LLMs:2024-07-23, 15:35:25 Requests to the completions endpoint done
INFO:Benchmark for LLMs:2024-07-23, 15:35:25 Derived calculations done
INFO:Benchmark suite:2024-07-23, 15:35:25 Benchmarks for the generation speed, input length : 1024, output_length : 1024, nb_requests : 6 : DONE
INFO:Benchmark suite:2024-07-23, 15:35:25 Benchmarks for the generation speed, input length : 1024, output_length : 1024, nb_requests : 8
INFO:Benchmark for LLMs:2024-07-23, 15:35:25 Loading the dataset
INFO:Benchmark for LLMs:2024-07-23, 15:35:25 Beginning the requests to the completions endpoint
INFO:Benchmark for LLMs:2024-07-23, 15:41:20 100 queries have been completed
INFO:Benchmark for LLMs:2024-07-23, 15:41:39 Requests to the completions endpoint done
INFO:Benchmark for LLMs:2024-07-23, 15:41:40 Derived calculations done
INFO:Benchmark suite:2024-07-23, 15:41:40 Benchmarks for the generation speed, input length : 1024, output_length : 1024, nb_requests : 8 : DONE
INFO:Benchmark suite:2024-07-23, 15:41:40 Benchmarks for the generation speed, input length : 1024, output_length : 1024, nb_requests : 10
INFO:Benchmark for LLMs:2024-07-23, 15:41:40 Loading the dataset
INFO:Benchmark for LLMs:2024-07-23, 15:41:40 Beginning the requests to the completions endpoint
INFO:Benchmark for LLMs:2024-07-23, 15:46:43 100 queries have been completed
INFO:Benchmark for LLMs:2024-07-23, 15:47:33 Requests to the completions endpoint done
INFO:Benchmark for LLMs:2024-07-23, 15:47:33 Derived calculations done
INFO:Benchmark suite:2024-07-23, 15:47:33 Benchmarks for the generation speed, input length : 1024, output_length : 1024, nb_requests : 10 : DONE
INFO:Benchmark suite:2024-07-23, 15:47:33 Benchmarks for the generation speed, input length : 1024, output_length : 1024, nb_requests : 14
INFO:Benchmark for LLMs:2024-07-23, 15:47:33 Loading the dataset
INFO:Benchmark for LLMs:2024-07-23, 15:47:33 Beginning the requests to the completions endpoint
INFO:Benchmark for LLMs:2024-07-23, 15:52:03 100 queries have been completed
INFO:Benchmark for LLMs:2024-07-23, 15:53:31 Requests to the completions endpoint done
INFO:Benchmark for LLMs:2024-07-23, 15:53:31 Derived calculations done
INFO:Benchmark suite:2024-07-23, 15:53:31 Benchmarks for the generation speed, input length : 1024, output_length : 1024, nb_requests : 14 : DONE
INFO:Benchmark suite:2024-07-23, 15:53:31 Benchmarks for the generation speed, input length : 1024, output_length : 1024, nb_requests : 18
INFO:Benchmark for LLMs:2024-07-23, 15:53:31 Loading the dataset
INFO:Benchmark for LLMs:2024-07-23, 15:53:31 Beginning the requests to the completions endpoint
INFO:Benchmark for LLMs:2024-07-23, 15:57:27 100 queries have been completed
INFO:Benchmark for LLMs:2024-07-23, 15:59:43 Requests to the completions endpoint done
INFO:Benchmark for LLMs:2024-07-23, 15:59:43 Derived calculations done
INFO:Benchmark suite:2024-07-23, 15:59:43 Benchmarks for the generation speed, input length : 1024, output_length : 1024, nb_requests : 18 : DONE
INFO:Benchmark suite:2024-07-23, 15:59:43 Benchmarks for the generation speed, input length : 1024, output_length : 1024, nb_requests : 22
INFO:Benchmark for LLMs:2024-07-23, 15:59:43 Loading the dataset
INFO:Benchmark for LLMs:2024-07-23, 15:59:43 Beginning the requests to the completions endpoint
INFO:Benchmark for LLMs:2024-07-23, 16:03:17 100 queries have been completed
INFO:Benchmark for LLMs:2024-07-23, 16:06:25 Requests to the completions endpoint done
INFO:Benchmark for LLMs:2024-07-23, 16:06:25 Derived calculations done
INFO:Benchmark suite:2024-07-23, 16:06:25 Benchmarks for the generation speed, input length : 1024, output_length : 1024, nb_requests : 22 : DONE
INFO:Benchmark suite:2024-07-23, 16:06:25 Benchmarks for the generation speed, input length : 1024, output_length : 1024, nb_requests : 26
INFO:Benchmark for LLMs:2024-07-23, 16:06:25 Loading the dataset
INFO:Benchmark for LLMs:2024-07-23, 16:06:25 Beginning the requests to the completions endpoint
INFO:Benchmark for LLMs:2024-07-23, 16:09:34 100 queries have been completed
INFO:Benchmark for LLMs:2024-07-23, 16:12:43 200 queries have been completed
INFO:Benchmark for LLMs:2024-07-23, 16:13:03 Requests to the completions endpoint done
INFO:Benchmark for LLMs:2024-07-23, 16:13:03 Derived calculations done
INFO:Benchmark suite:2024-07-23, 16:13:03 Benchmarks for the generation speed, input length : 1024, output_length : 1024, nb_requests : 26 : DONE
INFO:Benchmark suite:2024-07-23, 16:13:03 Benchmarks for the generation speed, input length : 1024, output_length : 1024, nb_requests : 30
INFO:Benchmark for LLMs:2024-07-23, 16:13:03 Loading the dataset
INFO:Benchmark for LLMs:2024-07-23, 16:13:03 Beginning the requests to the completions endpoint
INFO:Benchmark for LLMs:2024-07-23, 16:16:26 100 queries have been completed
INFO:Benchmark for LLMs:2024-07-23, 16:18:57 200 queries have been completed
INFO:Benchmark for LLMs:2024-07-23, 16:19:17 Requests to the completions endpoint done
INFO:Benchmark for LLMs:2024-07-23, 16:19:17 Derived calculations done
INFO:Benchmark suite:2024-07-23, 16:19:17 Benchmarks for the generation speed, input length : 1024, output_length : 1024, nb_requests : 30 : DONE
INFO:Benchmark suite:2024-07-23, 16:19:17 Benchmarks for the generation speed, input length : 1024, output_length : 1024, nb_requests : 34
INFO:Benchmark for LLMs:2024-07-23, 16:19:17 Loading the dataset
INFO:Benchmark for LLMs:2024-07-23, 16:19:17 Beginning the requests to the completions endpoint
INFO:Benchmark for LLMs:2024-07-23, 16:22:34 100 queries have been completed
INFO:Benchmark for LLMs:2024-07-23, 16:25:52 200 queries have been completed
INFO:Benchmark for LLMs:2024-07-23, 16:26:11 Requests to the completions endpoint done
INFO:Benchmark for LLMs:2024-07-23, 16:26:11 Derived calculations done
INFO:Benchmark suite:2024-07-23, 16:26:11 Benchmarks for the generation speed, input length : 1024, output_length : 1024, nb_requests : 34 : DONE
INFO:Benchmark suite:2024-07-23, 16:26:11 Benchmarks for the generation speed, input length : 1024, output_length : 1024 : DONE
INFO:Benchmark suite:2024-07-23, 16:26:11 Beginning the benchmarks for the generation speed, input length : 4096, output_length : 16
INFO:Benchmark suite:2024-07-23, 16:26:11 Benchmarks for the generation speed, input length : 4096, output_length : 16, nb_requests : 1
INFO:Benchmark for LLMs:2024-07-23, 16:26:11 Loading the dataset
INFO:Benchmark for LLMs:2024-07-23, 16:26:11 Beginning the requests to the completions endpoint
INFO:Benchmark for LLMs:2024-07-23, 16:28:00 100 queries have been completed
INFO:Benchmark for LLMs:2024-07-23, 16:29:47 200 queries have been completed
INFO:Benchmark for LLMs:2024-07-23, 16:31:16 Requests to the completions endpoint done
INFO:Benchmark for LLMs:2024-07-23, 16:31:16 Derived calculations done
INFO:Benchmark suite:2024-07-23, 16:31:16 Benchmarks for the generation speed, input length : 4096, output_length : 16, nb_requests : 1 : DONE
INFO:Benchmark suite:2024-07-23, 16:31:16 Benchmarks for the generation speed, input length : 4096, output_length : 16, nb_requests : 2
INFO:Benchmark for LLMs:2024-07-23, 16:31:16 Loading the dataset
INFO:Benchmark for LLMs:2024-07-23, 16:31:16 Beginning the requests to the completions endpoint
INFO:Benchmark for LLMs:2024-07-23, 16:32:51 100 queries have been completed
INFO:Benchmark for LLMs:2024-07-23, 16:34:25 200 queries have been completed
INFO:Benchmark for LLMs:2024-07-23, 16:35:58 300 queries have been completed
INFO:Benchmark for LLMs:2024-07-23, 16:36:23 Requests to the completions endpoint done
INFO:Benchmark for LLMs:2024-07-23, 16:36:23 Derived calculations done
INFO:Benchmark suite:2024-07-23, 16:36:23 Benchmarks for the generation speed, input length : 4096, output_length : 16, nb_requests : 2 : DONE
INFO:Benchmark suite:2024-07-23, 16:36:23 Benchmarks for the generation speed, input length : 4096, output_length : 16, nb_requests : 3
INFO:Benchmark for LLMs:2024-07-23, 16:36:23 Loading the dataset
INFO:Benchmark for LLMs:2024-07-23, 16:36:23 Beginning the requests to the completions endpoint
INFO:Benchmark for LLMs:2024-07-23, 16:37:55 100 queries have been completed
INFO:Benchmark for LLMs:2024-07-23, 16:39:23 200 queries have been completed
INFO:Benchmark for LLMs:2024-07-23, 16:40:51 300 queries have been completed
INFO:Benchmark for LLMs:2024-07-23, 16:41:31 Requests to the completions endpoint done
INFO:Benchmark for LLMs:2024-07-23, 16:41:31 Derived calculations done
INFO:Benchmark suite:2024-07-23, 16:41:31 Benchmarks for the generation speed, input length : 4096, output_length : 16, nb_requests : 3 : DONE
INFO:Benchmark suite:2024-07-23, 16:41:31 Benchmarks for the generation speed, input length : 4096, output_length : 16, nb_requests : 4
INFO:Benchmark for LLMs:2024-07-23, 16:41:31 Loading the dataset
INFO:Benchmark for LLMs:2024-07-23, 16:41:31 Beginning the requests to the completions endpoint
INFO:Benchmark for LLMs:2024-07-23, 16:42:58 100 queries have been completed
INFO:Benchmark for LLMs:2024-07-23, 16:44:25 200 queries have been completed
INFO:Benchmark for LLMs:2024-07-23, 16:45:51 300 queries have been completed
INFO:Benchmark for LLMs:2024-07-23, 16:46:38 Requests to the completions endpoint done
INFO:Benchmark for LLMs:2024-07-23, 16:46:38 Derived calculations done
INFO:Benchmark suite:2024-07-23, 16:46:38 Benchmarks for the generation speed, input length : 4096, output_length : 16, nb_requests : 4 : DONE
INFO:Benchmark suite:2024-07-23, 16:46:38 Benchmarks for the generation speed, input length : 4096, output_length : 16, nb_requests : 6
INFO:Benchmark for LLMs:2024-07-23, 16:46:38 Loading the dataset
INFO:Benchmark for LLMs:2024-07-23, 16:46:38 Beginning the requests to the completions endpoint
ERROR:asyncio:Task exception was never retrieved
future: <Task finished name='Task-5983563' coro=<get_live_metrics() done, defined at /opt/venv/lib/python3.11/site-packages/benchmark_llm_serving/utils_metrics.py:46> exception=ClientOSError(104, 'Connection reset by peer')>
Traceback (most recent call last):
  File "/usr/local/lib/python3.11/asyncio/selector_events.py", line 999, in _read_ready__data_received
    data = self._sock.recv(self.max_size)
           ^^^^^^^^^^^^^^^^^^^^^^^^^^^^^^
ConnectionResetError: [Errno 104] Connection reset by peer

The above exception was the direct cause of the following exception:

Traceback (most recent call last):
  File "/opt/venv/lib/python3.11/site-packages/benchmark_llm_serving/utils_metrics.py", line 55, in get_live_metrics
    async with session.get(url=metrics_url) as response:
  File "/opt/venv/lib/python3.11/site-packages/aiohttp/client.py", line 1197, in __aenter__
    self._resp = await self._coro
                 ^^^^^^^^^^^^^^^^
  File "/opt/venv/lib/python3.11/site-packages/aiohttp/client.py", line 608, in _request
    await resp.start(conn)
  File "/opt/venv/lib/python3.11/site-packages/aiohttp/client_reqrep.py", line 976, in start
    message, payload = await protocol.read()  # type: ignore[union-attr]
                       ^^^^^^^^^^^^^^^^^^^^^
  File "/opt/venv/lib/python3.11/site-packages/aiohttp/streams.py", line 640, in read
    await self._waiter
aiohttp.client_exceptions.ClientOSError: [Errno 104] Connection reset by peer
ERROR:asyncio:Task exception was never retrieved
future: <Task finished name='Task-5985500' coro=<get_live_metrics() done, defined at /opt/venv/lib/python3.11/site-packages/benchmark_llm_serving/utils_metrics.py:46> exception=ClientOSError(104, 'Connection reset by peer')>
Traceback (most recent call last):
  File "/usr/local/lib/python3.11/asyncio/selector_events.py", line 999, in _read_ready__data_received
    data = self._sock.recv(self.max_size)
           ^^^^^^^^^^^^^^^^^^^^^^^^^^^^^^
ConnectionResetError: [Errno 104] Connection reset by peer

The above exception was the direct cause of the following exception:

Traceback (most recent call last):
  File "/opt/venv/lib/python3.11/site-packages/benchmark_llm_serving/utils_metrics.py", line 55, in get_live_metrics
    async with session.get(url=metrics_url) as response:
  File "/opt/venv/lib/python3.11/site-packages/aiohttp/client.py", line 1197, in __aenter__
    self._resp = await self._coro
                 ^^^^^^^^^^^^^^^^
  File "/opt/venv/lib/python3.11/site-packages/aiohttp/client.py", line 608, in _request
    await resp.start(conn)
  File "/opt/venv/lib/python3.11/site-packages/aiohttp/client_reqrep.py", line 976, in start
    message, payload = await protocol.read()  # type: ignore[union-attr]
                       ^^^^^^^^^^^^^^^^^^^^^
  File "/opt/venv/lib/python3.11/site-packages/aiohttp/streams.py", line 640, in read
    await self._waiter
aiohttp.client_exceptions.ClientOSError: [Errno 104] Connection reset by peer
ERROR:asyncio:Task exception was never retrieved
future: <Task finished name='Task-5992278' coro=<get_live_metrics() done, defined at /opt/venv/lib/python3.11/site-packages/benchmark_llm_serving/utils_metrics.py:46> exception=ClientOSError(104, 'Connection reset by peer')>
Traceback (most recent call last):
  File "/usr/local/lib/python3.11/asyncio/selector_events.py", line 999, in _read_ready__data_received
    data = self._sock.recv(self.max_size)
           ^^^^^^^^^^^^^^^^^^^^^^^^^^^^^^
ConnectionResetError: [Errno 104] Connection reset by peer

The above exception was the direct cause of the following exception:

Traceback (most recent call last):
  File "/opt/venv/lib/python3.11/site-packages/benchmark_llm_serving/utils_metrics.py", line 55, in get_live_metrics
    async with session.get(url=metrics_url) as response:
  File "/opt/venv/lib/python3.11/site-packages/aiohttp/client.py", line 1197, in __aenter__
    self._resp = await self._coro
                 ^^^^^^^^^^^^^^^^
  File "/opt/venv/lib/python3.11/site-packages/aiohttp/client.py", line 608, in _request
    await resp.start(conn)
  File "/opt/venv/lib/python3.11/site-packages/aiohttp/client_reqrep.py", line 976, in start
    message, payload = await protocol.read()  # type: ignore[union-attr]
                       ^^^^^^^^^^^^^^^^^^^^^
  File "/opt/venv/lib/python3.11/site-packages/aiohttp/streams.py", line 640, in read
    await self._waiter
aiohttp.client_exceptions.ClientOSError: [Errno 104] Connection reset by peer
INFO:Benchmark for LLMs:2024-07-23, 16:48:05 100 queries have been completed
ERROR:asyncio:Task exception was never retrieved
future: <Task finished name='Task-6000012' coro=<get_live_metrics() done, defined at /opt/venv/lib/python3.11/site-packages/benchmark_llm_serving/utils_metrics.py:46> exception=ClientOSError(104, 'Connection reset by peer')>
Traceback (most recent call last):
  File "/usr/local/lib/python3.11/asyncio/selector_events.py", line 999, in _read_ready__data_received
    data = self._sock.recv(self.max_size)
           ^^^^^^^^^^^^^^^^^^^^^^^^^^^^^^
ConnectionResetError: [Errno 104] Connection reset by peer

The above exception was the direct cause of the following exception:

Traceback (most recent call last):
  File "/opt/venv/lib/python3.11/site-packages/benchmark_llm_serving/utils_metrics.py", line 55, in get_live_metrics
    async with session.get(url=metrics_url) as response:
  File "/opt/venv/lib/python3.11/site-packages/aiohttp/client.py", line 1197, in __aenter__
    self._resp = await self._coro
                 ^^^^^^^^^^^^^^^^
  File "/opt/venv/lib/python3.11/site-packages/aiohttp/client.py", line 608, in _request
    await resp.start(conn)
  File "/opt/venv/lib/python3.11/site-packages/aiohttp/client_reqrep.py", line 976, in start
    message, payload = await protocol.read()  # type: ignore[union-attr]
                       ^^^^^^^^^^^^^^^^^^^^^
  File "/opt/venv/lib/python3.11/site-packages/aiohttp/streams.py", line 640, in read
    await self._waiter
aiohttp.client_exceptions.ClientOSError: [Errno 104] Connection reset by peer
INFO:Benchmark for LLMs:2024-07-23, 16:49:25 200 queries have been completed
ERROR:asyncio:Task exception was never retrieved
future: <Task finished name='Task-6013583' coro=<get_live_metrics() done, defined at /opt/venv/lib/python3.11/site-packages/benchmark_llm_serving/utils_metrics.py:46> exception=ClientOSError(104, 'Connection reset by peer')>
Traceback (most recent call last):
  File "/usr/local/lib/python3.11/asyncio/selector_events.py", line 999, in _read_ready__data_received
    data = self._sock.recv(self.max_size)
           ^^^^^^^^^^^^^^^^^^^^^^^^^^^^^^
ConnectionResetError: [Errno 104] Connection reset by peer

The above exception was the direct cause of the following exception:

Traceback (most recent call last):
  File "/opt/venv/lib/python3.11/site-packages/benchmark_llm_serving/utils_metrics.py", line 55, in get_live_metrics
    async with session.get(url=metrics_url) as response:
  File "/opt/venv/lib/python3.11/site-packages/aiohttp/client.py", line 1197, in __aenter__
    self._resp = await self._coro
                 ^^^^^^^^^^^^^^^^
  File "/opt/venv/lib/python3.11/site-packages/aiohttp/client.py", line 608, in _request
    await resp.start(conn)
  File "/opt/venv/lib/python3.11/site-packages/aiohttp/client_reqrep.py", line 976, in start
    message, payload = await protocol.read()  # type: ignore[union-attr]
                       ^^^^^^^^^^^^^^^^^^^^^
  File "/opt/venv/lib/python3.11/site-packages/aiohttp/streams.py", line 640, in read
    await self._waiter
aiohttp.client_exceptions.ClientOSError: [Errno 104] Connection reset by peer
ERROR:asyncio:Task exception was never retrieved
future: <Task finished name='Task-6015499' coro=<get_live_metrics() done, defined at /opt/venv/lib/python3.11/site-packages/benchmark_llm_serving/utils_metrics.py:46> exception=ServerDisconnectedError('Server disconnected')>
Traceback (most recent call last):
  File "/opt/venv/lib/python3.11/site-packages/benchmark_llm_serving/utils_metrics.py", line 55, in get_live_metrics
    async with session.get(url=metrics_url) as response:
  File "/opt/venv/lib/python3.11/site-packages/aiohttp/client.py", line 1197, in __aenter__
    self._resp = await self._coro
                 ^^^^^^^^^^^^^^^^
  File "/opt/venv/lib/python3.11/site-packages/aiohttp/client.py", line 608, in _request
    await resp.start(conn)
  File "/opt/venv/lib/python3.11/site-packages/aiohttp/client_reqrep.py", line 976, in start
    message, payload = await protocol.read()  # type: ignore[union-attr]
                       ^^^^^^^^^^^^^^^^^^^^^
  File "/opt/venv/lib/python3.11/site-packages/aiohttp/streams.py", line 640, in read
    await self._waiter
aiohttp.client_exceptions.ServerDisconnectedError: Server disconnected
ERROR:asyncio:Task exception was never retrieved
future: <Task finished name='Task-6017431' coro=<get_live_metrics() done, defined at /opt/venv/lib/python3.11/site-packages/benchmark_llm_serving/utils_metrics.py:46> exception=ClientOSError(104, 'Connection reset by peer')>
Traceback (most recent call last):
  File "/usr/local/lib/python3.11/asyncio/selector_events.py", line 999, in _read_ready__data_received
    data = self._sock.recv(self.max_size)
           ^^^^^^^^^^^^^^^^^^^^^^^^^^^^^^
ConnectionResetError: [Errno 104] Connection reset by peer

The above exception was the direct cause of the following exception:

Traceback (most recent call last):
  File "/opt/venv/lib/python3.11/site-packages/benchmark_llm_serving/utils_metrics.py", line 55, in get_live_metrics
    async with session.get(url=metrics_url) as response:
  File "/opt/venv/lib/python3.11/site-packages/aiohttp/client.py", line 1197, in __aenter__
    self._resp = await self._coro
                 ^^^^^^^^^^^^^^^^
  File "/opt/venv/lib/python3.11/site-packages/aiohttp/client.py", line 608, in _request
    await resp.start(conn)
  File "/opt/venv/lib/python3.11/site-packages/aiohttp/client_reqrep.py", line 976, in start
    message, payload = await protocol.read()  # type: ignore[union-attr]
                       ^^^^^^^^^^^^^^^^^^^^^
  File "/opt/venv/lib/python3.11/site-packages/aiohttp/streams.py", line 640, in read
    await self._waiter
aiohttp.client_exceptions.ClientOSError: [Errno 104] Connection reset by peer
ERROR:asyncio:Task exception was never retrieved
future: <Task finished name='Task-6017435' coro=<get_live_metrics() done, defined at /opt/venv/lib/python3.11/site-packages/benchmark_llm_serving/utils_metrics.py:46> exception=ClientOSError(104, 'Connection reset by peer')>
Traceback (most recent call last):
  File "/usr/local/lib/python3.11/asyncio/selector_events.py", line 999, in _read_ready__data_received
    data = self._sock.recv(self.max_size)
           ^^^^^^^^^^^^^^^^^^^^^^^^^^^^^^
ConnectionResetError: [Errno 104] Connection reset by peer

The above exception was the direct cause of the following exception:

Traceback (most recent call last):
  File "/opt/venv/lib/python3.11/site-packages/benchmark_llm_serving/utils_metrics.py", line 55, in get_live_metrics
    async with session.get(url=metrics_url) as response:
  File "/opt/venv/lib/python3.11/site-packages/aiohttp/client.py", line 1197, in __aenter__
    self._resp = await self._coro
                 ^^^^^^^^^^^^^^^^
  File "/opt/venv/lib/python3.11/site-packages/aiohttp/client.py", line 608, in _request
    await resp.start(conn)
  File "/opt/venv/lib/python3.11/site-packages/aiohttp/client_reqrep.py", line 976, in start
    message, payload = await protocol.read()  # type: ignore[union-attr]
                       ^^^^^^^^^^^^^^^^^^^^^
  File "/opt/venv/lib/python3.11/site-packages/aiohttp/streams.py", line 640, in read
    await self._waiter
aiohttp.client_exceptions.ClientOSError: [Errno 104] Connection reset by peer
ERROR:asyncio:Task exception was never retrieved
future: <Task finished name='Task-6018413' coro=<get_live_metrics() done, defined at /opt/venv/lib/python3.11/site-packages/benchmark_llm_serving/utils_metrics.py:46> exception=ClientOSError(104, 'Connection reset by peer')>
Traceback (most recent call last):
  File "/usr/local/lib/python3.11/asyncio/selector_events.py", line 999, in _read_ready__data_received
    data = self._sock.recv(self.max_size)
           ^^^^^^^^^^^^^^^^^^^^^^^^^^^^^^
ConnectionResetError: [Errno 104] Connection reset by peer

The above exception was the direct cause of the following exception:

Traceback (most recent call last):
  File "/opt/venv/lib/python3.11/site-packages/benchmark_llm_serving/utils_metrics.py", line 55, in get_live_metrics
    async with session.get(url=metrics_url) as response:
  File "/opt/venv/lib/python3.11/site-packages/aiohttp/client.py", line 1197, in __aenter__
    self._resp = await self._coro
                 ^^^^^^^^^^^^^^^^
  File "/opt/venv/lib/python3.11/site-packages/aiohttp/client.py", line 608, in _request
    await resp.start(conn)
  File "/opt/venv/lib/python3.11/site-packages/aiohttp/client_reqrep.py", line 976, in start
    message, payload = await protocol.read()  # type: ignore[union-attr]
                       ^^^^^^^^^^^^^^^^^^^^^
  File "/opt/venv/lib/python3.11/site-packages/aiohttp/streams.py", line 640, in read
    await self._waiter
aiohttp.client_exceptions.ClientOSError: [Errno 104] Connection reset by peer
ERROR:asyncio:Task exception was never retrieved
future: <Task finished name='Task-6022282' coro=<get_live_metrics() done, defined at /opt/venv/lib/python3.11/site-packages/benchmark_llm_serving/utils_metrics.py:46> exception=ClientOSError(104, 'Connection reset by peer')>
Traceback (most recent call last):
  File "/usr/local/lib/python3.11/asyncio/selector_events.py", line 999, in _read_ready__data_received
    data = self._sock.recv(self.max_size)
           ^^^^^^^^^^^^^^^^^^^^^^^^^^^^^^
ConnectionResetError: [Errno 104] Connection reset by peer

The above exception was the direct cause of the following exception:

Traceback (most recent call last):
  File "/opt/venv/lib/python3.11/site-packages/benchmark_llm_serving/utils_metrics.py", line 55, in get_live_metrics
    async with session.get(url=metrics_url) as response:
  File "/opt/venv/lib/python3.11/site-packages/aiohttp/client.py", line 1197, in __aenter__
    self._resp = await self._coro
                 ^^^^^^^^^^^^^^^^
  File "/opt/venv/lib/python3.11/site-packages/aiohttp/client.py", line 608, in _request
    await resp.start(conn)
  File "/opt/venv/lib/python3.11/site-packages/aiohttp/client_reqrep.py", line 976, in start
    message, payload = await protocol.read()  # type: ignore[union-attr]
                       ^^^^^^^^^^^^^^^^^^^^^
  File "/opt/venv/lib/python3.11/site-packages/aiohttp/streams.py", line 640, in read
    await self._waiter
aiohttp.client_exceptions.ClientOSError: [Errno 104] Connection reset by peer
ERROR:asyncio:Task exception was never retrieved
future: <Task finished name='Task-6026153' coro=<get_live_metrics() done, defined at /opt/venv/lib/python3.11/site-packages/benchmark_llm_serving/utils_metrics.py:46> exception=ClientOSError(104, 'Connection reset by peer')>
Traceback (most recent call last):
  File "/usr/local/lib/python3.11/asyncio/selector_events.py", line 999, in _read_ready__data_received
    data = self._sock.recv(self.max_size)
           ^^^^^^^^^^^^^^^^^^^^^^^^^^^^^^
ConnectionResetError: [Errno 104] Connection reset by peer

The above exception was the direct cause of the following exception:

Traceback (most recent call last):
  File "/opt/venv/lib/python3.11/site-packages/benchmark_llm_serving/utils_metrics.py", line 55, in get_live_metrics
    async with session.get(url=metrics_url) as response:
  File "/opt/venv/lib/python3.11/site-packages/aiohttp/client.py", line 1197, in __aenter__
    self._resp = await self._coro
                 ^^^^^^^^^^^^^^^^
  File "/opt/venv/lib/python3.11/site-packages/aiohttp/client.py", line 608, in _request
    await resp.start(conn)
  File "/opt/venv/lib/python3.11/site-packages/aiohttp/client_reqrep.py", line 976, in start
    message, payload = await protocol.read()  # type: ignore[union-attr]
                       ^^^^^^^^^^^^^^^^^^^^^
  File "/opt/venv/lib/python3.11/site-packages/aiohttp/streams.py", line 640, in read
    await self._waiter
aiohttp.client_exceptions.ClientOSError: [Errno 104] Connection reset by peer
ERROR:asyncio:Task exception was never retrieved
future: <Task finished name='Task-6028076' coro=<get_live_metrics() done, defined at /opt/venv/lib/python3.11/site-packages/benchmark_llm_serving/utils_metrics.py:46> exception=ClientOSError(104, 'Connection reset by peer')>
Traceback (most recent call last):
  File "/usr/local/lib/python3.11/asyncio/selector_events.py", line 999, in _read_ready__data_received
    data = self._sock.recv(self.max_size)
           ^^^^^^^^^^^^^^^^^^^^^^^^^^^^^^
ConnectionResetError: [Errno 104] Connection reset by peer

The above exception was the direct cause of the following exception:

Traceback (most recent call last):
  File "/opt/venv/lib/python3.11/site-packages/benchmark_llm_serving/utils_metrics.py", line 55, in get_live_metrics
    async with session.get(url=metrics_url) as response:
  File "/opt/venv/lib/python3.11/site-packages/aiohttp/client.py", line 1197, in __aenter__
    self._resp = await self._coro
                 ^^^^^^^^^^^^^^^^
  File "/opt/venv/lib/python3.11/site-packages/aiohttp/client.py", line 608, in _request
    await resp.start(conn)
  File "/opt/venv/lib/python3.11/site-packages/aiohttp/client_reqrep.py", line 976, in start
    message, payload = await protocol.read()  # type: ignore[union-attr]
                       ^^^^^^^^^^^^^^^^^^^^^
  File "/opt/venv/lib/python3.11/site-packages/aiohttp/streams.py", line 640, in read
    await self._waiter
aiohttp.client_exceptions.ClientOSError: [Errno 104] Connection reset by peer
INFO:Benchmark for LLMs:2024-07-23, 16:50:50 300 queries have been completed
ERROR:asyncio:Task exception was never retrieved
future: <Task finished name='Task-6033869' coro=<get_live_metrics() done, defined at /opt/venv/lib/python3.11/site-packages/benchmark_llm_serving/utils_metrics.py:46> exception=ClientOSError(104, 'Connection reset by peer')>
Traceback (most recent call last):
  File "/usr/local/lib/python3.11/asyncio/selector_events.py", line 999, in _read_ready__data_received
    data = self._sock.recv(self.max_size)
           ^^^^^^^^^^^^^^^^^^^^^^^^^^^^^^
ConnectionResetError: [Errno 104] Connection reset by peer

The above exception was the direct cause of the following exception:

Traceback (most recent call last):
  File "/opt/venv/lib/python3.11/site-packages/benchmark_llm_serving/utils_metrics.py", line 55, in get_live_metrics
    async with session.get(url=metrics_url) as response:
  File "/opt/venv/lib/python3.11/site-packages/aiohttp/client.py", line 1197, in __aenter__
    self._resp = await self._coro
                 ^^^^^^^^^^^^^^^^
  File "/opt/venv/lib/python3.11/site-packages/aiohttp/client.py", line 608, in _request
    await resp.start(conn)
  File "/opt/venv/lib/python3.11/site-packages/aiohttp/client_reqrep.py", line 976, in start
    message, payload = await protocol.read()  # type: ignore[union-attr]
                       ^^^^^^^^^^^^^^^^^^^^^
  File "/opt/venv/lib/python3.11/site-packages/aiohttp/streams.py", line 640, in read
    await self._waiter
aiohttp.client_exceptions.ClientOSError: [Errno 104] Connection reset by peer
ERROR:asyncio:Task exception was never retrieved
future: <Task finished name='Task-6034848' coro=<get_live_metrics() done, defined at /opt/venv/lib/python3.11/site-packages/benchmark_llm_serving/utils_metrics.py:46> exception=ClientOSError(104, 'Connection reset by peer')>
Traceback (most recent call last):
  File "/usr/local/lib/python3.11/asyncio/selector_events.py", line 999, in _read_ready__data_received
    data = self._sock.recv(self.max_size)
           ^^^^^^^^^^^^^^^^^^^^^^^^^^^^^^
ConnectionResetError: [Errno 104] Connection reset by peer

The above exception was the direct cause of the following exception:

Traceback (most recent call last):
  File "/opt/venv/lib/python3.11/site-packages/benchmark_llm_serving/utils_metrics.py", line 55, in get_live_metrics
    async with session.get(url=metrics_url) as response:
  File "/opt/venv/lib/python3.11/site-packages/aiohttp/client.py", line 1197, in __aenter__
    self._resp = await self._coro
                 ^^^^^^^^^^^^^^^^
  File "/opt/venv/lib/python3.11/site-packages/aiohttp/client.py", line 608, in _request
    await resp.start(conn)
  File "/opt/venv/lib/python3.11/site-packages/aiohttp/client_reqrep.py", line 976, in start
    message, payload = await protocol.read()  # type: ignore[union-attr]
                       ^^^^^^^^^^^^^^^^^^^^^
  File "/opt/venv/lib/python3.11/site-packages/aiohttp/streams.py", line 640, in read
    await self._waiter
aiohttp.client_exceptions.ClientOSError: [Errno 104] Connection reset by peer
INFO:Benchmark for LLMs:2024-07-23, 16:51:48 Requests to the completions endpoint done
WARNING:Benchmark for LLMs:2024-07-23, 16:51:48 There are 7 queries in error including 0 queries in timeout
INFO:Benchmark for LLMs:2024-07-23, 16:51:48 Derived calculations done
INFO:Benchmark suite:2024-07-23, 16:51:48 Benchmarks for the generation speed, input length : 4096, output_length : 16, nb_requests : 6 : DONE
INFO:Benchmark suite:2024-07-23, 16:51:48 Benchmarks for the generation speed, input length : 4096, output_length : 16, nb_requests : 8
INFO:Benchmark for LLMs:2024-07-23, 16:51:48 Loading the dataset
INFO:Benchmark for LLMs:2024-07-23, 16:51:48 Beginning the requests to the completions endpoint
INFO:Benchmark for LLMs:2024-07-23, 16:53:15 100 queries have been completed
INFO:Benchmark for LLMs:2024-07-23, 16:54:34 200 queries have been completed
INFO:Benchmark for LLMs:2024-07-23, 16:56:00 300 queries have been completed
INFO:Benchmark for LLMs:2024-07-23, 16:57:01 Requests to the completions endpoint done
INFO:Benchmark for LLMs:2024-07-23, 16:57:01 Derived calculations done
INFO:Benchmark suite:2024-07-23, 16:57:01 Benchmarks for the generation speed, input length : 4096, output_length : 16, nb_requests : 8 : DONE
INFO:Benchmark suite:2024-07-23, 16:57:01 Benchmarks for the generation speed, input length : 4096, output_length : 16, nb_requests : 10
INFO:Benchmark for LLMs:2024-07-23, 16:57:01 Loading the dataset
INFO:Benchmark for LLMs:2024-07-23, 16:57:01 Beginning the requests to the completions endpoint
INFO:Benchmark for LLMs:2024-07-23, 16:58:24 100 queries have been completed
INFO:Benchmark for LLMs:2024-07-23, 16:59:45 200 queries have been completed
INFO:Benchmark for LLMs:2024-07-23, 17:01:06 300 queries have been completed
INFO:Benchmark for LLMs:2024-07-23, 17:02:14 Requests to the completions endpoint done
INFO:Benchmark for LLMs:2024-07-23, 17:02:14 Derived calculations done
INFO:Benchmark suite:2024-07-23, 17:02:14 Benchmarks for the generation speed, input length : 4096, output_length : 16, nb_requests : 10 : DONE
INFO:Benchmark suite:2024-07-23, 17:02:14 Benchmarks for the generation speed, input length : 4096, output_length : 16, nb_requests : 14
INFO:Benchmark for LLMs:2024-07-23, 17:02:14 Loading the dataset
INFO:Benchmark for LLMs:2024-07-23, 17:02:14 Beginning the requests to the completions endpoint
INFO:Benchmark for LLMs:2024-07-23, 17:03:45 100 queries have been completed
INFO:Benchmark for LLMs:2024-07-23, 17:05:03 200 queries have been completed
INFO:Benchmark for LLMs:2024-07-23, 17:06:22 300 queries have been completed
INFO:Benchmark for LLMs:2024-07-23, 17:07:31 Requests to the completions endpoint done
INFO:Benchmark for LLMs:2024-07-23, 17:07:31 Derived calculations done
INFO:Benchmark suite:2024-07-23, 17:07:31 Benchmarks for the generation speed, input length : 4096, output_length : 16, nb_requests : 14 : DONE
INFO:Benchmark suite:2024-07-23, 17:07:31 Benchmarks for the generation speed, input length : 4096, output_length : 16, nb_requests : 18
INFO:Benchmark for LLMs:2024-07-23, 17:07:31 Loading the dataset
INFO:Benchmark for LLMs:2024-07-23, 17:07:31 Beginning the requests to the completions endpoint
INFO:Benchmark for LLMs:2024-07-23, 17:08:59 100 queries have been completed
INFO:Benchmark for LLMs:2024-07-23, 17:10:25 200 queries have been completed
INFO:Benchmark for LLMs:2024-07-23, 17:11:37 300 queries have been completed
INFO:Benchmark for LLMs:2024-07-23, 17:12:52 Requests to the completions endpoint done
INFO:Benchmark for LLMs:2024-07-23, 17:12:52 Derived calculations done
INFO:Benchmark suite:2024-07-23, 17:12:52 Benchmarks for the generation speed, input length : 4096, output_length : 16, nb_requests : 18 : DONE
INFO:Benchmark suite:2024-07-23, 17:12:52 Benchmarks for the generation speed, input length : 4096, output_length : 16, nb_requests : 22
INFO:Benchmark for LLMs:2024-07-23, 17:12:52 Loading the dataset
INFO:Benchmark for LLMs:2024-07-23, 17:12:52 Beginning the requests to the completions endpoint
INFO:Benchmark for LLMs:2024-07-23, 17:14:20 100 queries have been completed
INFO:Benchmark for LLMs:2024-07-23, 17:15:48 200 queries have been completed
INFO:Benchmark for LLMs:2024-07-23, 17:16:57 300 queries have been completed
INFO:Benchmark for LLMs:2024-07-23, 17:18:25 400 queries have been completed
INFO:Benchmark for LLMs:2024-07-23, 17:18:28 Requests to the completions endpoint done
INFO:Benchmark for LLMs:2024-07-23, 17:18:28 Derived calculations done
INFO:Benchmark suite:2024-07-23, 17:18:28 Benchmarks for the generation speed, input length : 4096, output_length : 16, nb_requests : 22 : DONE
INFO:Benchmark suite:2024-07-23, 17:18:28 Benchmarks for the generation speed, input length : 4096, output_length : 16, nb_requests : 26
INFO:Benchmark for LLMs:2024-07-23, 17:18:28 Loading the dataset
INFO:Benchmark for LLMs:2024-07-23, 17:18:28 Beginning the requests to the completions endpoint
INFO:Benchmark for LLMs:2024-07-23, 17:19:51 100 queries have been completed
INFO:Benchmark for LLMs:2024-07-23, 17:21:14 200 queries have been completed
INFO:Benchmark for LLMs:2024-07-23, 17:22:36 300 queries have been completed
INFO:Benchmark for LLMs:2024-07-23, 17:23:59 400 queries have been completed
INFO:Benchmark for LLMs:2024-07-23, 17:24:01 Requests to the completions endpoint done
INFO:Benchmark for LLMs:2024-07-23, 17:24:01 Derived calculations done
INFO:Benchmark suite:2024-07-23, 17:24:01 Benchmarks for the generation speed, input length : 4096, output_length : 16, nb_requests : 26 : DONE
INFO:Benchmark suite:2024-07-23, 17:24:01 Benchmarks for the generation speed, input length : 4096, output_length : 16, nb_requests : 30
INFO:Benchmark for LLMs:2024-07-23, 17:24:01 Loading the dataset
INFO:Benchmark for LLMs:2024-07-23, 17:24:01 Beginning the requests to the completions endpoint
INFO:Benchmark for LLMs:2024-07-23, 17:25:37 100 queries have been completed
INFO:Benchmark for LLMs:2024-07-23, 17:26:48 200 queries have been completed
INFO:Benchmark for LLMs:2024-07-23, 17:27:59 300 queries have been completed
INFO:Benchmark for LLMs:2024-07-23, 17:29:35 400 queries have been completed
INFO:Benchmark for LLMs:2024-07-23, 17:29:37 Requests to the completions endpoint done
INFO:Benchmark for LLMs:2024-07-23, 17:29:37 Derived calculations done
INFO:Benchmark suite:2024-07-23, 17:29:37 Benchmarks for the generation speed, input length : 4096, output_length : 16, nb_requests : 30 : DONE
INFO:Benchmark suite:2024-07-23, 17:29:37 Benchmarks for the generation speed, input length : 4096, output_length : 16, nb_requests : 34
INFO:Benchmark for LLMs:2024-07-23, 17:29:37 Loading the dataset
INFO:Benchmark for LLMs:2024-07-23, 17:29:37 Beginning the requests to the completions endpoint
INFO:Benchmark for LLMs:2024-07-23, 17:30:59 100 queries have been completed
INFO:Benchmark for LLMs:2024-07-23, 17:32:19 200 queries have been completed
INFO:Benchmark for LLMs:2024-07-23, 17:33:41 300 queries have been completed
INFO:Benchmark for LLMs:2024-07-23, 17:35:02 400 queries have been completed
INFO:Benchmark for LLMs:2024-07-23, 17:35:31 Requests to the completions endpoint done
INFO:Benchmark for LLMs:2024-07-23, 17:35:31 Derived calculations done
INFO:Benchmark suite:2024-07-23, 17:35:31 Benchmarks for the generation speed, input length : 4096, output_length : 16, nb_requests : 34 : DONE
INFO:Benchmark suite:2024-07-23, 17:35:31 Benchmarks for the generation speed, input length : 4096, output_length : 16, nb_requests : 38
INFO:Benchmark for LLMs:2024-07-23, 17:35:31 Loading the dataset
INFO:Benchmark for LLMs:2024-07-23, 17:35:31 Beginning the requests to the completions endpoint
INFO:Benchmark for LLMs:2024-07-23, 17:37:02 100 queries have been completed
INFO:Benchmark for LLMs:2024-07-23, 17:38:33 200 queries have been completed
INFO:Benchmark for LLMs:2024-07-23, 17:39:33 300 queries have been completed
INFO:Benchmark for LLMs:2024-07-23, 17:41:04 400 queries have been completed
INFO:Benchmark for LLMs:2024-07-23, 17:41:06 Requests to the completions endpoint done
INFO:Benchmark for LLMs:2024-07-23, 17:41:06 Derived calculations done
INFO:Benchmark suite:2024-07-23, 17:41:06 Benchmarks for the generation speed, input length : 4096, output_length : 16, nb_requests : 38 : DONE
INFO:Benchmark suite:2024-07-23, 17:41:06 Benchmarks for the generation speed, input length : 4096, output_length : 16 : DONE
INFO:Benchmark suite:2024-07-23, 17:41:06 Beginning the benchmarks for the generation speed, input length : 4096, output_length : 128
INFO:Benchmark suite:2024-07-23, 17:41:06 Benchmarks for the generation speed, input length : 4096, output_length : 128, nb_requests : 1
INFO:Benchmark for LLMs:2024-07-23, 17:41:06 Loading the dataset
INFO:Benchmark for LLMs:2024-07-23, 17:41:06 Beginning the requests to the completions endpoint
INFO:Benchmark for LLMs:2024-07-23, 17:46:17 Requests to the completions endpoint done
INFO:Benchmark for LLMs:2024-07-23, 17:46:17 Derived calculations done
INFO:Benchmark suite:2024-07-23, 17:46:17 Benchmarks for the generation speed, input length : 4096, output_length : 128, nb_requests : 1 : DONE
INFO:Benchmark suite:2024-07-23, 17:46:17 Benchmarks for the generation speed, input length : 4096, output_length : 128, nb_requests : 2
INFO:Benchmark for LLMs:2024-07-23, 17:46:17 Loading the dataset
INFO:Benchmark for LLMs:2024-07-23, 17:46:17 Beginning the requests to the completions endpoint
INFO:Benchmark for LLMs:2024-07-23, 17:49:52 100 queries have been completed
INFO:Benchmark for LLMs:2024-07-23, 17:51:30 Requests to the completions endpoint done
INFO:Benchmark for LLMs:2024-07-23, 17:51:30 Derived calculations done
INFO:Benchmark suite:2024-07-23, 17:51:30 Benchmarks for the generation speed, input length : 4096, output_length : 128, nb_requests : 2 : DONE
INFO:Benchmark suite:2024-07-23, 17:51:30 Benchmarks for the generation speed, input length : 4096, output_length : 128, nb_requests : 3
INFO:Benchmark for LLMs:2024-07-23, 17:51:30 Loading the dataset
INFO:Benchmark for LLMs:2024-07-23, 17:51:30 Beginning the requests to the completions endpoint
INFO:Benchmark for LLMs:2024-07-23, 17:54:32 100 queries have been completed
INFO:Benchmark for LLMs:2024-07-23, 17:56:45 Requests to the completions endpoint done
INFO:Benchmark for LLMs:2024-07-23, 17:56:45 Derived calculations done
INFO:Benchmark suite:2024-07-23, 17:56:45 Benchmarks for the generation speed, input length : 4096, output_length : 128, nb_requests : 3 : DONE
INFO:Benchmark suite:2024-07-23, 17:56:45 Benchmarks for the generation speed, input length : 4096, output_length : 128, nb_requests : 4
INFO:Benchmark for LLMs:2024-07-23, 17:56:45 Loading the dataset
INFO:Benchmark for LLMs:2024-07-23, 17:56:45 Beginning the requests to the completions endpoint
INFO:Benchmark for LLMs:2024-07-23, 17:59:22 100 queries have been completed
INFO:Benchmark for LLMs:2024-07-23, 18:01:58 200 queries have been completed
INFO:Benchmark for LLMs:2024-07-23, 18:02:02 Requests to the completions endpoint done
INFO:Benchmark for LLMs:2024-07-23, 18:02:02 Derived calculations done
INFO:Benchmark suite:2024-07-23, 18:02:02 Benchmarks for the generation speed, input length : 4096, output_length : 128, nb_requests : 4 : DONE
INFO:Benchmark suite:2024-07-23, 18:02:02 Benchmarks for the generation speed, input length : 4096, output_length : 128, nb_requests : 6
INFO:Benchmark for LLMs:2024-07-23, 18:02:02 Loading the dataset
INFO:Benchmark for LLMs:2024-07-23, 18:02:02 Beginning the requests to the completions endpoint
INFO:Benchmark for LLMs:2024-07-23, 18:04:23 100 queries have been completed
INFO:Benchmark for LLMs:2024-07-23, 18:06:41 200 queries have been completed
INFO:Benchmark for LLMs:2024-07-23, 18:07:17 Requests to the completions endpoint done
INFO:Benchmark for LLMs:2024-07-23, 18:07:18 Derived calculations done
INFO:Benchmark suite:2024-07-23, 18:07:18 Benchmarks for the generation speed, input length : 4096, output_length : 128, nb_requests : 6 : DONE
INFO:Benchmark suite:2024-07-23, 18:07:18 Benchmarks for the generation speed, input length : 4096, output_length : 128, nb_requests : 8
INFO:Benchmark for LLMs:2024-07-23, 18:07:18 Loading the dataset
INFO:Benchmark for LLMs:2024-07-23, 18:07:18 Beginning the requests to the completions endpoint
INFO:Benchmark for LLMs:2024-07-23, 18:09:29 100 queries have been completed
INFO:Benchmark for LLMs:2024-07-23, 18:11:28 200 queries have been completed
INFO:Benchmark for LLMs:2024-07-23, 18:12:42 Requests to the completions endpoint done
INFO:Benchmark for LLMs:2024-07-23, 18:12:42 Derived calculations done
INFO:Benchmark suite:2024-07-23, 18:12:42 Benchmarks for the generation speed, input length : 4096, output_length : 128, nb_requests : 8 : DONE
INFO:Benchmark suite:2024-07-23, 18:12:42 Benchmarks for the generation speed, input length : 4096, output_length : 128, nb_requests : 10
INFO:Benchmark for LLMs:2024-07-23, 18:12:42 Loading the dataset
INFO:Benchmark for LLMs:2024-07-23, 18:12:42 Beginning the requests to the completions endpoint
INFO:Benchmark for LLMs:2024-07-23, 18:14:43 100 queries have been completed
INFO:Benchmark for LLMs:2024-07-23, 18:16:42 200 queries have been completed
INFO:Benchmark for LLMs:2024-07-23, 18:18:10 Requests to the completions endpoint done
INFO:Benchmark for LLMs:2024-07-23, 18:18:10 Derived calculations done
INFO:Benchmark suite:2024-07-23, 18:18:10 Benchmarks for the generation speed, input length : 4096, output_length : 128, nb_requests : 10 : DONE
INFO:Benchmark suite:2024-07-23, 18:18:10 Benchmarks for the generation speed, input length : 4096, output_length : 128, nb_requests : 14
INFO:Benchmark for LLMs:2024-07-23, 18:18:10 Loading the dataset
INFO:Benchmark for LLMs:2024-07-23, 18:18:10 Beginning the requests to the completions endpoint
INFO:Benchmark for LLMs:2024-07-23, 18:20:16 100 queries have been completed
INFO:Benchmark for LLMs:2024-07-23, 18:22:06 200 queries have been completed
INFO:Benchmark for LLMs:2024-07-23, 18:23:44 Requests to the completions endpoint done
INFO:Benchmark for LLMs:2024-07-23, 18:23:44 Derived calculations done
INFO:Benchmark suite:2024-07-23, 18:23:44 Benchmarks for the generation speed, input length : 4096, output_length : 128, nb_requests : 14 : DONE
INFO:Benchmark suite:2024-07-23, 18:23:44 Benchmarks for the generation speed, input length : 4096, output_length : 128, nb_requests : 18
INFO:Benchmark for LLMs:2024-07-23, 18:23:44 Loading the dataset
INFO:Benchmark for LLMs:2024-07-23, 18:23:44 Beginning the requests to the completions endpoint
INFO:Benchmark for LLMs:2024-07-23, 18:25:43 100 queries have been completed
INFO:Benchmark for LLMs:2024-07-23, 18:27:40 200 queries have been completed
INFO:Benchmark for LLMs:2024-07-23, 18:29:18 300 queries have been completed
INFO:Benchmark for LLMs:2024-07-23, 18:29:22 Requests to the completions endpoint done
INFO:Benchmark for LLMs:2024-07-23, 18:29:22 Derived calculations done
INFO:Benchmark suite:2024-07-23, 18:29:22 Benchmarks for the generation speed, input length : 4096, output_length : 128, nb_requests : 18 : DONE
INFO:Benchmark suite:2024-07-23, 18:29:22 Benchmarks for the generation speed, input length : 4096, output_length : 128, nb_requests : 22
INFO:Benchmark for LLMs:2024-07-23, 18:29:22 Loading the dataset
INFO:Benchmark for LLMs:2024-07-23, 18:29:22 Beginning the requests to the completions endpoint
INFO:Benchmark for LLMs:2024-07-23, 18:31:20 100 queries have been completed
INFO:Benchmark for LLMs:2024-07-23, 18:33:16 200 queries have been completed
INFO:Benchmark for LLMs:2024-07-23, 18:34:49 300 queries have been completed
INFO:Benchmark for LLMs:2024-07-23, 18:34:53 Requests to the completions endpoint done
INFO:Benchmark for LLMs:2024-07-23, 18:34:53 Derived calculations done
INFO:Benchmark suite:2024-07-23, 18:34:53 Benchmarks for the generation speed, input length : 4096, output_length : 128, nb_requests : 22 : DONE
INFO:Benchmark suite:2024-07-23, 18:34:53 Benchmarks for the generation speed, input length : 4096, output_length : 128, nb_requests : 26
INFO:Benchmark for LLMs:2024-07-23, 18:34:53 Loading the dataset
INFO:Benchmark for LLMs:2024-07-23, 18:34:53 Beginning the requests to the completions endpoint
INFO:Benchmark for LLMs:2024-07-23, 18:36:44 100 queries have been completed
INFO:Benchmark for LLMs:2024-07-23, 18:38:32 200 queries have been completed
INFO:Benchmark for LLMs:2024-07-23, 18:40:21 300 queries have been completed
INFO:Benchmark for LLMs:2024-07-23, 18:40:53 Requests to the completions endpoint done
INFO:Benchmark for LLMs:2024-07-23, 18:40:53 Derived calculations done
INFO:Benchmark suite:2024-07-23, 18:40:53 Benchmarks for the generation speed, input length : 4096, output_length : 128, nb_requests : 26 : DONE
INFO:Benchmark suite:2024-07-23, 18:40:53 Benchmarks for the generation speed, input length : 4096, output_length : 128, nb_requests : 30
INFO:Benchmark for LLMs:2024-07-23, 18:40:53 Loading the dataset
INFO:Benchmark for LLMs:2024-07-23, 18:40:53 Beginning the requests to the completions endpoint
INFO:Benchmark for LLMs:2024-07-23, 18:42:57 100 queries have been completed
INFO:Benchmark for LLMs:2024-07-23, 18:44:29 200 queries have been completed
INFO:Benchmark for LLMs:2024-07-23, 18:46:02 300 queries have been completed
INFO:Benchmark for LLMs:2024-07-23, 18:46:37 Requests to the completions endpoint done
INFO:Benchmark for LLMs:2024-07-23, 18:46:37 Derived calculations done
INFO:Benchmark suite:2024-07-23, 18:46:37 Benchmarks for the generation speed, input length : 4096, output_length : 128, nb_requests : 30 : DONE
INFO:Benchmark suite:2024-07-23, 18:46:37 Benchmarks for the generation speed, input length : 4096, output_length : 128, nb_requests : 34
INFO:Benchmark for LLMs:2024-07-23, 18:46:37 Loading the dataset
INFO:Benchmark for LLMs:2024-07-23, 18:46:37 Beginning the requests to the completions endpoint
INFO:Benchmark for LLMs:2024-07-23, 18:48:27 100 queries have been completed
INFO:Benchmark for LLMs:2024-07-23, 18:50:15 200 queries have been completed
INFO:Benchmark for LLMs:2024-07-23, 18:52:03 300 queries have been completed
INFO:Benchmark for LLMs:2024-07-23, 18:52:43 Requests to the completions endpoint done
INFO:Benchmark for LLMs:2024-07-23, 18:52:43 Derived calculations done
INFO:Benchmark suite:2024-07-23, 18:52:43 Benchmarks for the generation speed, input length : 4096, output_length : 128, nb_requests : 34 : DONE
INFO:Benchmark suite:2024-07-23, 18:52:43 Benchmarks for the generation speed, input length : 4096, output_length : 128, nb_requests : 38
INFO:Benchmark for LLMs:2024-07-23, 18:52:43 Loading the dataset
INFO:Benchmark for LLMs:2024-07-23, 18:52:43 Beginning the requests to the completions endpoint
INFO:Benchmark for LLMs:2024-07-23, 18:54:44 100 queries have been completed
INFO:Benchmark for LLMs:2024-07-23, 18:56:42 200 queries have been completed
INFO:Benchmark for LLMs:2024-07-23, 18:58:01 300 queries have been completed
INFO:Benchmark for LLMs:2024-07-23, 18:58:45 Requests to the completions endpoint done
INFO:Benchmark for LLMs:2024-07-23, 18:58:45 Derived calculations done
INFO:Benchmark suite:2024-07-23, 18:58:45 Benchmarks for the generation speed, input length : 4096, output_length : 128, nb_requests : 38 : DONE
INFO:Benchmark suite:2024-07-23, 18:58:45 Benchmarks for the generation speed, input length : 4096, output_length : 128 : DONE
INFO:Benchmark suite:2024-07-23, 18:58:45 Beginning the benchmarks for the generation speed, input length : 4096, output_length : 1024
INFO:Benchmark suite:2024-07-23, 18:58:45 Benchmarks for the generation speed, input length : 4096, output_length : 1024, nb_requests : 1
INFO:Benchmark for LLMs:2024-07-23, 18:58:45 Loading the dataset
INFO:Benchmark for LLMs:2024-07-23, 18:58:45 Beginning the requests to the completions endpoint
INFO:Benchmark for LLMs:2024-07-23, 19:19:38 Requests to the completions endpoint done
INFO:Benchmark for LLMs:2024-07-23, 19:19:38 Derived calculations done
INFO:Benchmark suite:2024-07-23, 19:19:38 Benchmarks for the generation speed, input length : 4096, output_length : 1024, nb_requests : 1 : DONE
INFO:Benchmark suite:2024-07-23, 19:19:38 Benchmarks for the generation speed, input length : 4096, output_length : 1024, nb_requests : 2
INFO:Benchmark for LLMs:2024-07-23, 19:19:38 Loading the dataset
INFO:Benchmark for LLMs:2024-07-23, 19:19:38 Beginning the requests to the completions endpoint
INFO:Benchmark for LLMs:2024-07-23, 19:31:25 Requests to the completions endpoint done
INFO:Benchmark for LLMs:2024-07-23, 19:31:25 Derived calculations done
INFO:Benchmark suite:2024-07-23, 19:31:25 Benchmarks for the generation speed, input length : 4096, output_length : 1024, nb_requests : 2 : DONE
INFO:Benchmark suite:2024-07-23, 19:31:25 Benchmarks for the generation speed, input length : 4096, output_length : 1024, nb_requests : 3
INFO:Benchmark for LLMs:2024-07-23, 19:31:25 Loading the dataset
INFO:Benchmark for LLMs:2024-07-23, 19:31:25 Beginning the requests to the completions endpoint
INFO:Benchmark for LLMs:2024-07-23, 19:40:24 Requests to the completions endpoint done
INFO:Benchmark for LLMs:2024-07-23, 19:40:24 Derived calculations done
INFO:Benchmark suite:2024-07-23, 19:40:24 Benchmarks for the generation speed, input length : 4096, output_length : 1024, nb_requests : 3 : DONE
INFO:Benchmark suite:2024-07-23, 19:40:24 Benchmarks for the generation speed, input length : 4096, output_length : 1024, nb_requests : 4
INFO:Benchmark for LLMs:2024-07-23, 19:40:24 Loading the dataset
INFO:Benchmark for LLMs:2024-07-23, 19:40:24 Beginning the requests to the completions endpoint
INFO:Benchmark for LLMs:2024-07-23, 19:47:43 Requests to the completions endpoint done
INFO:Benchmark for LLMs:2024-07-23, 19:47:43 Derived calculations done
INFO:Benchmark suite:2024-07-23, 19:47:43 Benchmarks for the generation speed, input length : 4096, output_length : 1024, nb_requests : 4 : DONE
INFO:Benchmark suite:2024-07-23, 19:47:43 Benchmarks for the generation speed, input length : 4096, output_length : 1024, nb_requests : 6
INFO:Benchmark for LLMs:2024-07-23, 19:47:43 Loading the dataset
INFO:Benchmark for LLMs:2024-07-23, 19:47:43 Beginning the requests to the completions endpoint
INFO:Benchmark for LLMs:2024-07-23, 19:53:46 Requests to the completions endpoint done
INFO:Benchmark for LLMs:2024-07-23, 19:53:46 Derived calculations done
INFO:Benchmark suite:2024-07-23, 19:53:46 Benchmarks for the generation speed, input length : 4096, output_length : 1024, nb_requests : 6 : DONE
INFO:Benchmark suite:2024-07-23, 19:53:46 Benchmarks for the generation speed, input length : 4096, output_length : 1024, nb_requests : 8
INFO:Benchmark for LLMs:2024-07-23, 19:53:46 Loading the dataset
INFO:Benchmark for LLMs:2024-07-23, 19:53:46 Beginning the requests to the completions endpoint
INFO:Benchmark for LLMs:2024-07-23, 19:59:50 Requests to the completions endpoint done
INFO:Benchmark for LLMs:2024-07-23, 19:59:50 Derived calculations done
INFO:Benchmark suite:2024-07-23, 19:59:50 Benchmarks for the generation speed, input length : 4096, output_length : 1024, nb_requests : 8 : DONE
INFO:Benchmark suite:2024-07-23, 19:59:50 Benchmarks for the generation speed, input length : 4096, output_length : 1024, nb_requests : 10
INFO:Benchmark for LLMs:2024-07-23, 19:59:50 Loading the dataset
INFO:Benchmark for LLMs:2024-07-23, 19:59:50 Beginning the requests to the completions endpoint
INFO:Benchmark for LLMs:2024-07-23, 20:06:03 Requests to the completions endpoint done
INFO:Benchmark for LLMs:2024-07-23, 20:06:03 Derived calculations done
INFO:Benchmark suite:2024-07-23, 20:06:03 Benchmarks for the generation speed, input length : 4096, output_length : 1024, nb_requests : 10 : DONE
INFO:Benchmark suite:2024-07-23, 20:06:03 Benchmarks for the generation speed, input length : 4096, output_length : 1024, nb_requests : 14
INFO:Benchmark for LLMs:2024-07-23, 20:06:03 Loading the dataset
INFO:Benchmark for LLMs:2024-07-23, 20:06:03 Beginning the requests to the completions endpoint
INFO:Benchmark for LLMs:2024-07-23, 20:12:34 Requests to the completions endpoint done
INFO:Benchmark for LLMs:2024-07-23, 20:12:34 Derived calculations done
INFO:Benchmark suite:2024-07-23, 20:12:34 Benchmarks for the generation speed, input length : 4096, output_length : 1024, nb_requests : 14 : DONE
INFO:Benchmark suite:2024-07-23, 20:12:34 Benchmarks for the generation speed, input length : 4096, output_length : 1024, nb_requests : 18
INFO:Benchmark for LLMs:2024-07-23, 20:12:34 Loading the dataset
INFO:Benchmark for LLMs:2024-07-23, 20:12:34 Beginning the requests to the completions endpoint
INFO:Benchmark for LLMs:2024-07-23, 20:18:59 100 queries have been completed
INFO:Benchmark for LLMs:2024-07-23, 20:19:19 Requests to the completions endpoint done
INFO:Benchmark for LLMs:2024-07-23, 20:19:20 Derived calculations done
INFO:Benchmark suite:2024-07-23, 20:19:20 Benchmarks for the generation speed, input length : 4096, output_length : 1024, nb_requests : 18 : DONE
INFO:Benchmark suite:2024-07-23, 20:19:20 Benchmarks for the generation speed, input length : 4096, output_length : 1024, nb_requests : 22
INFO:Benchmark for LLMs:2024-07-23, 20:19:20 Loading the dataset
INFO:Benchmark for LLMs:2024-07-23, 20:19:20 Beginning the requests to the completions endpoint
INFO:Benchmark for LLMs:2024-07-23, 20:25:25 100 queries have been completed
INFO:Benchmark for LLMs:2024-07-23, 20:27:00 Requests to the completions endpoint done
INFO:Benchmark for LLMs:2024-07-23, 20:27:00 Derived calculations done
INFO:Benchmark suite:2024-07-23, 20:27:00 Benchmarks for the generation speed, input length : 4096, output_length : 1024, nb_requests : 22 : DONE
INFO:Benchmark suite:2024-07-23, 20:27:00 Benchmarks for the generation speed, input length : 4096, output_length : 1024, nb_requests : 26
INFO:Benchmark for LLMs:2024-07-23, 20:27:00 Loading the dataset
INFO:Benchmark for LLMs:2024-07-23, 20:27:00 Beginning the requests to the completions endpoint
INFO:Benchmark for LLMs:2024-07-23, 20:32:35 100 queries have been completed
INFO:Benchmark for LLMs:2024-07-23, 20:34:19 Requests to the completions endpoint done
INFO:Benchmark for LLMs:2024-07-23, 20:34:19 Derived calculations done
INFO:Benchmark suite:2024-07-23, 20:34:19 Benchmarks for the generation speed, input length : 4096, output_length : 1024, nb_requests : 26 : DONE
INFO:Benchmark suite:2024-07-23, 20:34:19 Benchmarks for the generation speed, input length : 4096, output_length : 1024, nb_requests : 30
INFO:Benchmark for LLMs:2024-07-23, 20:34:19 Loading the dataset
INFO:Benchmark for LLMs:2024-07-23, 20:34:19 Beginning the requests to the completions endpoint
INFO:Benchmark for LLMs:2024-07-23, 20:40:28 100 queries have been completed
INFO:Benchmark for LLMs:2024-07-23, 20:42:20 Requests to the completions endpoint done
INFO:Benchmark for LLMs:2024-07-23, 20:42:20 Derived calculations done
INFO:Benchmark suite:2024-07-23, 20:42:20 Benchmarks for the generation speed, input length : 4096, output_length : 1024, nb_requests : 30 : DONE
INFO:Benchmark suite:2024-07-23, 20:42:20 Benchmarks for the generation speed, input length : 4096, output_length : 1024 : DONE
INFO:Benchmark suite:2024-07-23, 20:42:20 Benchmarks for the generation speed : DONE
INFO:Benchmark suite:2024-07-23, 20:42:20 Drawing graphs
INFO:Making the graphs:2024-07-23, 20:42:20 Loading the results
INFO:Making the graphs:2024-07-23, 20:42:21 Making prompt ingestion graph
INFO:Making the graphs:2024-07-23, 20:42:21 Making speed generation graphs
INFO:Making the graphs:2024-07-23, 20:42:24 Making kv cache profile graphs
INFO:Making the graphs:2024-07-23, 20:42:28 Making total speed generation graph
INFO:Making the graphs:2024-07-23, 20:42:28 Graphs done
INFO:Benchmark suite:2024-07-23, 20:42:28 Drawing graphs : DONE
INFO:Benchmark suite:2024-07-23, 20:42:28 Making readme
INFO:Benchmark suite:2024-07-23, 20:42:29 Making readme : DONE
INFO:Benchmark suite:2024-07-23, 20:42:29 Zipping raw_results folder
INFO:Benchmark suite:2024-07-23, 20:42:30 Zipping raw_results folder : DONE
INFO:Benchmark suite:2024-07-23, 20:42:30 Everything : DONE
